9:44:36 PM  [main] 	Initializing Control Panel
9:44:36 PM  [main] 	Windows Version:  Home  64-bit
9:44:36 PM  [main] 	XAMPP Version: 7.3.10
9:44:36 PM  [main] 	Control Panel Version: 3.2.4  [ Compiled: Jun 5th 2019 ]
9:44:36 PM  [main] 	You are not running with administrator rights! This will work for
9:44:36 PM  [main] 	most application stuff but whenever you do something with services
9:44:36 PM  [main] 	there will be a security dialogue or things will break! So think 
9:44:36 PM  [main] 	about running this application with administrator rights!
9:44:36 PM  [main] 	XAMPP Installation Directory: "c:\xampp\"
9:44:36 PM  [main] 	Checking for prerequisites
9:44:36 PM  [main] 	All prerequisites found
9:44:36 PM  [main] 	Initializing Modules
9:44:36 PM  [main] 	Starting Check-Timer
9:44:36 PM  [main] 	Control Panel Ready
9:44:42 PM  [main] 	Executing "c:\xampp\"
9:45:29 PM  [mysql] 	Attempting to start MySQL app...
9:45:29 PM  [mysql] 	Status change detected: running
9:45:33 PM  [Apache] 	Attempting to start Apache app...
9:45:33 PM  [Apache] 	Status change detected: running
9:47:25 PM  [Apache] 	Attempting to stop Apache (PID: 9472)
9:47:25 PM  [Apache] 	Attempting to stop Apache (PID: 25532)
9:47:25 PM  [Apache] 	Status change detected: stopped
9:47:25 PM  [mysql] 	Attempting to stop MySQL app...
9:47:26 PM  [mysql] 	Status change detected: stopped
9:47:55 PM  [main] 	Deinitializing Modules
9:47:55 PM  [main] 	Deinitializing Control Panel

12:33:42 AM  [main] 	Initializing Control Panel
12:33:42 AM  [main] 	Windows Version:  Home  64-bit
12:33:42 AM  [main] 	XAMPP Version: 7.3.10
12:33:42 AM  [main] 	Control Panel Version: 3.2.4  [ Compiled: Jun 5th 2019 ]
12:33:42 AM  [main] 	You are not running with administrator rights! This will work for
12:33:42 AM  [main] 	most application stuff but whenever you do something with services
12:33:42 AM  [main] 	there will be a security dialogue or things will break! So think 
12:33:42 AM  [main] 	about running this application with administrator rights!
12:33:42 AM  [main] 	XAMPP Installation Directory: "d:\xampp-banking_system\"
12:33:42 AM  [main] 	Checking for prerequisites
12:33:42 AM  [main] 	All prerequisites found
12:33:42 AM  [main] 	Initializing Modules
12:33:42 AM  [main] 	Starting Check-Timer
12:33:42 AM  [main] 	Control Panel Ready
12:33:44 AM  [Apache] 	Attempting to start Apache app...
12:33:44 AM  [mysql] 	Attempting to start MySQL app...
12:33:44 AM  [mysql] 	Status change detected: running
12:33:45 AM  [mysql] 	Status change detected: stopped
12:33:45 AM  [mysql] 	Error: MySQL shutdown unexpectedly.
12:33:45 AM  [mysql] 	This may be due to a blocked port, missing dependencies, 
12:33:45 AM  [mysql] 	improper privileges, a crash, or a shutdown by another method.
12:33:45 AM  [mysql] 	Press the Logs button to view error logs and check
12:33:45 AM  [mysql] 	the Windows Event Viewer for more clues
12:33:45 AM  [mysql] 	If you need more help, copy and post this
12:33:45 AM  [mysql] 	entire log window on the forums
12:33:45 AM  [main] 	Executing "d:\xampp-banking_system\"
12:33:52 AM  [Apache] 	Attempting to start Apache app...
12:33:52 AM  [Apache] 	Status change detected: running
12:33:53 AM  [Apache] 	Status change detected: stopped
12:33:53 AM  [Apache] 	Error: Apache shutdown unexpectedly.
12:33:53 AM  [Apache] 	This may be due to a blocked port, missing dependencies, 
12:33:53 AM  [Apache] 	improper privileges, a crash, or a shutdown by another method.
12:33:53 AM  [Apache] 	Press the Logs button to view error logs and check
12:33:53 AM  [Apache] 	the Windows Event Viewer for more clues
12:33:53 AM  [Apache] 	If you need more help, copy and post this
12:33:53 AM  [Apache] 	entire log window on the forums
12:33:53 AM  [mysql] 	Attempting to start MySQL app...
12:34:47 AM  [Apache] 	Status change detected: running
12:34:50 AM  [mysql] 	Status change detected: running
2:01:35 AM  [Apache] 	Status change detected: stopped
2:01:35 AM  [Apache] 	Error: Apache shutdown unexpectedly.
2:01:35 AM  [Apache] 	This may be due to a blocked port, missing dependencies, 
2:01:35 AM  [Apache] 	improper privileges, a crash, or a shutdown by another method.
2:01:35 AM  [Apache] 	Press the Logs button to view error logs and check
2:01:35 AM  [Apache] 	the Windows Event Viewer for more clues
2:01:35 AM  [Apache] 	If you need more help, copy and post this
2:01:35 AM  [Apache] 	entire log window on the forums
2:01:35 AM  [mysql] 	Status change detected: stopped
2:01:35 AM  [mysql] 	Error: MySQL shutdown unexpectedly.
2:01:35 AM  [mysql] 	This may be due to a blocked port, missing dependencies, 
2:01:35 AM  [mysql] 	improper privileges, a crash, or a shutdown by another method.
2:01:35 AM  [mysql] 	Press the Logs button to view error logs and check
2:01:35 AM  [mysql] 	the Windows Event Viewer for more clues
2:01:35 AM  [mysql] 	If you need more help, copy and post this
2:01:35 AM  [mysql] 	entire log window on the forums
2:05:02 AM  [main] 	Deinitializing Modules
2:05:02 AM  [main] 	Deinitializing Control Panel

10:34:48 PM  [main] 	Initializing Control Panel
10:34:48 PM  [main] 	Windows Version:  Home  64-bit
10:34:48 PM  [main] 	XAMPP Version: 7.3.10
10:34:48 PM  [main] 	Control Panel Version: 3.2.4  [ Compiled: Jun 5th 2019 ]
10:34:48 PM  [main] 	You are not running with administrator rights! This will work for
10:34:48 PM  [main] 	most application stuff but whenever you do something with services
10:34:48 PM  [main] 	there will be a security dialogue or things will break! So think 
10:34:48 PM  [main] 	about running this application with administrator rights!
10:34:48 PM  [main] 	XAMPP Installation Directory: "d:\xampp-banking_system\"
10:34:48 PM  [main] 	Checking for prerequisites
10:34:50 PM  [main] 	All prerequisites found
10:34:50 PM  [main] 	Initializing Modules
10:34:50 PM  [main] 	Starting Check-Timer
10:34:50 PM  [main] 	Control Panel Ready
10:34:51 PM  [Apache] 	Attempting to start Apache app...
10:34:52 PM  [Apache] 	Status change detected: running
10:34:52 PM  [filezilla] 	Attempting to start FileZilla app...
10:34:52 PM  [filezilla] 	Status change detected: running
10:34:54 PM  [mysql] 	Attempting to start MySQL app...
10:34:55 PM  [filezilla] 	Attempting to stop FileZilla app...
10:34:55 PM  [mysql] 	Status change detected: running
10:34:55 PM  [filezilla] 	Status change detected: stopped
12:04:40 AM  [Apache] 	Attempting to stop Apache (PID: 10492)
12:04:40 AM  [Apache] 	Attempting to stop Apache (PID: 46264)
12:04:40 AM  [mysql] 	Attempting to stop MySQL app...
12:04:40 AM  [Apache] 	Status change detected: stopped
12:04:40 AM  [mysql] 	Status change detected: stopped
12:38:30 AM  [main] 	Deinitializing Modules
12:38:30 AM  [main] 	Deinitializing Control Panel

2:26:20 PM  [main] 	Initializing Control Panel
2:26:20 PM  [main] 	Windows Version:  Home  64-bit
2:26:20 PM  [main] 	XAMPP Version: 7.3.10
2:26:20 PM  [main] 	Control Panel Version: 3.2.4  [ Compiled: Jun 5th 2019 ]
2:26:20 PM  [main] 	You are not running with administrator rights! This will work for
2:26:20 PM  [main] 	most application stuff but whenever you do something with services
2:26:20 PM  [main] 	there will be a security dialogue or things will break! So think 
2:26:20 PM  [main] 	about running this application with administrator rights!
2:26:20 PM  [main] 	XAMPP Installation Directory: "d:\xampp-banking_system\"
2:26:20 PM  [main] 	Checking for prerequisites
2:26:22 PM  [main] 	All prerequisites found
2:26:22 PM  [main] 	Initializing Modules
2:26:22 PM  [main] 	Starting Check-Timer
2:26:22 PM  [main] 	Control Panel Ready
2:26:24 PM  [Apache] 	Attempting to start Apache app...
2:26:25 PM  [Apache] 	Status change detected: running
2:26:25 PM  [mysql] 	Attempting to start MySQL app...
2:26:26 PM  [mysql] 	Status change detected: running
5:03:32 PM  [main] 	Executing "d:\xampp-banking_system\"
5:09:04 PM  [Apache] 	Attempting to stop Apache (PID: 17552)
5:09:04 PM  [Apache] 	Attempting to stop Apache (PID: 22896)
5:09:05 PM  [Apache] 	Status change detected: stopped
5:09:05 PM  [mysql] 	Attempting to stop MySQL app...
5:09:05 PM  [mysql] 	Status change detected: stopped
5:10:26 PM  [main] 	Deinitializing Modules
5:10:26 PM  [main] 	Deinitializing Control Panel

9:39:32 PM  [main] 	Initializing Control Panel
9:39:32 PM  [main] 	Windows Version:  Home  64-bit
9:39:32 PM  [main] 	XAMPP Version: 7.3.10
9:39:32 PM  [main] 	Control Panel Version: 3.2.4  [ Compiled: Jun 5th 2019 ]
9:39:32 PM  [main] 	You are not running with administrator rights! This will work for
9:39:32 PM  [main] 	most application stuff but whenever you do something with services
9:39:32 PM  [main] 	there will be a security dialogue or things will break! So think 
9:39:32 PM  [main] 	about running this application with administrator rights!
9:39:32 PM  [main] 	XAMPP Installation Directory: "d:\xampp-banking_system\"
9:39:32 PM  [main] 	Checking for prerequisites
9:39:33 PM  [main] 	All prerequisites found
9:39:33 PM  [main] 	Initializing Modules
9:39:33 PM  [main] 	Starting Check-Timer
9:39:33 PM  [main] 	Control Panel Ready
9:39:37 PM  [Apache] 	Attempting to start Apache app...
9:39:37 PM  [Apache] 	Status change detected: running
9:39:37 PM  [mysql] 	Attempting to start MySQL app...
9:39:47 PM  [mysql] 	Status change detected: running
11:41:04 PM  [Apache] 	Attempting to stop Apache (PID: 1104)
11:41:04 PM  [Apache] 	Attempting to stop Apache (PID: 28988)
11:41:04 PM  [mysql] 	Attempting to stop MySQL app...
11:41:05 PM  [Apache] 	Status change detected: stopped
11:41:05 PM  [mysql] 	Status change detected: stopped
12:29:23 AM  [main] 	Deinitializing Modules
12:29:23 AM  [main] 	Deinitializing Control Panel

4:56:50 PM  [main] 	Initializing Control Panel
4:56:50 PM  [main] 	Windows Version:  Home  64-bit
4:56:50 PM  [main] 	XAMPP Version: 7.3.10
4:56:50 PM  [main] 	Control Panel Version: 3.2.4  [ Compiled: Jun 5th 2019 ]
4:56:50 PM  [main] 	You are not running with administrator rights! This will work for
4:56:50 PM  [main] 	most application stuff but whenever you do something with services
4:56:50 PM  [main] 	there will be a security dialogue or things will break! So think 
4:56:50 PM  [main] 	about running this application with administrator rights!
4:56:50 PM  [main] 	XAMPP Installation Directory: "d:\xampp-banking_system\"
4:56:50 PM  [main] 	Checking for prerequisites
4:56:51 PM  [main] 	All prerequisites found
4:56:51 PM  [main] 	Initializing Modules
4:56:51 PM  [main] 	Starting Check-Timer
4:56:51 PM  [main] 	Control Panel Ready
4:56:53 PM  [Apache] 	Attempting to start Apache app...
4:56:53 PM  [Apache] 	Status change detected: running
4:56:55 PM  [mysql] 	Attempting to start MySQL app...
4:56:55 PM  [mysql] 	Status change detected: running
5:02:04 PM  [main] 	Executing "d:\xampp-banking_system\"
5:54:18 PM  [Apache] 	Attempting to stop Apache (PID: 62672)
5:54:18 PM  [Apache] 	Attempting to stop Apache (PID: 34036)
5:54:18 PM  [mysql] 	Attempting to stop MySQL app...
5:54:18 PM  [Apache] 	Status change detected: stopped
5:54:18 PM  [mysql] 	Status change detected: stopped
7:39:20 PM  [main] 	Deinitializing Modules
7:39:20 PM  [main] 	Deinitializing Control Panel

10:17:33 PM  [main] 	Initializing Control Panel
10:17:33 PM  [main] 	Windows Version:  Home  64-bit
10:17:33 PM  [main] 	XAMPP Version: 7.3.10
10:17:33 PM  [main] 	Control Panel Version: 3.2.4  [ Compiled: Jun 5th 2019 ]
10:17:33 PM  [main] 	You are not running with administrator rights! This will work for
10:17:33 PM  [main] 	most application stuff but whenever you do something with services
10:17:33 PM  [main] 	there will be a security dialogue or things will break! So think 
10:17:33 PM  [main] 	about running this application with administrator rights!
10:17:33 PM  [main] 	XAMPP Installation Directory: "d:\xampp-banking_system\"
10:17:33 PM  [main] 	Checking for prerequisites
10:17:33 PM  [main] 	All prerequisites found
10:17:33 PM  [main] 	Initializing Modules
10:17:33 PM  [main] 	Starting Check-Timer
10:17:33 PM  [main] 	Control Panel Ready
10:17:35 PM  [Apache] 	Attempting to start Apache app...
10:17:35 PM  [mysql] 	Attempting to start MySQL app...
10:17:35 PM  [Apache] 	Status change detected: running
10:17:35 PM  [mysql] 	Status change detected: running
11:37:20 PM  [Apache] 	Attempting to stop Apache (PID: 56712)
11:37:20 PM  [Apache] 	Attempting to stop Apache (PID: 42832)
11:37:21 PM  [Apache] 	Status change detected: stopped
11:37:21 PM  [mysql] 	Attempting to stop MySQL app...
11:37:21 PM  [mysql] 	Status change detected: stopped
11:37:22 PM  [mysql] 	Attempting to start MySQL app...
11:37:22 PM  [mysql] 	Status change detected: running
11:37:22 PM  [Apache] 	Attempting to start Apache app...
11:37:22 PM  [Apache] 	Status change detected: running
12:07:43 AM  [main] 	Executing "d:\xampp-banking_system\"
12:11:43 AM  [Apache] 	Attempting to stop Apache (PID: 56436)
12:11:43 AM  [Apache] 	Attempting to stop Apache (PID: 59932)
12:11:43 AM  [Apache] 	Status change detected: stopped
12:11:44 AM  [mysql] 	Attempting to stop MySQL app...
12:11:44 AM  [mysql] 	Status change detected: stopped
12:11:48 AM  [Apache] 	Attempting to start Apache app...
12:11:48 AM  [Apache] 	Status change detected: running
12:11:49 AM  [mysql] 	Attempting to start MySQL app...
12:11:50 AM  [mysql] 	Status change detected: running
1:10:14 AM  [Apache] 	Attempting to stop Apache (PID: 61368)
1:10:14 AM  [Apache] 	Attempting to stop Apache (PID: 64336)
1:10:14 AM  [Apache] 	Status change detected: stopped
1:10:14 AM  [mysql] 	Attempting to stop MySQL app...
1:10:14 AM  [mysql] 	Status change detected: stopped
1:10:27 AM  [main] 	Deinitializing Modules
1:10:27 AM  [main] 	Deinitializing Control Panel

11:40:20 AM  [main] 	Initializing Control Panel
11:40:20 AM  [main] 	Windows Version:  Home  64-bit
11:40:20 AM  [main] 	XAMPP Version: 7.3.10
11:40:20 AM  [main] 	Control Panel Version: 3.2.4  [ Compiled: Jun 5th 2019 ]
11:40:20 AM  [main] 	You are not running with administrator rights! This will work for
11:40:20 AM  [main] 	most application stuff but whenever you do something with services
11:40:20 AM  [main] 	there will be a security dialogue or things will break! So think 
11:40:20 AM  [main] 	about running this application with administrator rights!
11:40:20 AM  [main] 	XAMPP Installation Directory: "d:\xampp-banking_system\"
11:40:20 AM  [main] 	Checking for prerequisites
11:40:22 AM  [main] 	All prerequisites found
11:40:22 AM  [main] 	Initializing Modules
11:40:22 AM  [main] 	Starting Check-Timer
11:40:22 AM  [main] 	Control Panel Ready
11:40:24 AM  [Apache] 	Attempting to start Apache app...
11:40:24 AM  [Apache] 	Status change detected: running
11:40:25 AM  [mysql] 	Attempting to start MySQL app...
11:40:26 AM  [mysql] 	Status change detected: running
3:02:22 PM  [Apache] 	Attempting to stop Apache (PID: 49780)
3:02:22 PM  [Apache] 	Attempting to stop Apache (PID: 26508)
3:02:22 PM  [Apache] 	Status change detected: stopped
3:02:23 PM  [mysql] 	Attempting to stop MySQL app...
3:02:23 PM  [mysql] 	Status change detected: stopped
3:02:27 PM  [main] 	Deinitializing Modules
3:02:27 PM  [main] 	Deinitializing Control Panel

12:39:31 PM  [main] 	Initializing Control Panel
12:39:31 PM  [main] 	Windows Version:  Home  64-bit
12:39:31 PM  [main] 	XAMPP Version: 7.3.10
12:39:31 PM  [main] 	Control Panel Version: 3.2.4  [ Compiled: Jun 5th 2019 ]
12:39:31 PM  [main] 	You are not running with administrator rights! This will work for
12:39:31 PM  [main] 	most application stuff but whenever you do something with services
12:39:31 PM  [main] 	there will be a security dialogue or things will break! So think 
12:39:31 PM  [main] 	about running this application with administrator rights!
12:39:31 PM  [main] 	XAMPP Installation Directory: "d:\xampp-banking_system\"
12:39:31 PM  [main] 	Checking for prerequisites
12:39:32 PM  [main] 	All prerequisites found
12:39:32 PM  [main] 	Initializing Modules
12:39:32 PM  [main] 	Starting Check-Timer
12:39:32 PM  [main] 	Control Panel Ready
12:39:35 PM  [Apache] 	Attempting to start Apache app...
12:39:35 PM  [Apache] 	Status change detected: running
12:39:36 PM  [mysql] 	Attempting to start MySQL app...
12:39:36 PM  [mysql] 	Status change detected: running
12:55:59 PM  [main] 	Deinitializing Modules
12:55:59 PM  [main] 	Deinitializing Control Panel

9:58:31 PM  [main] 	Initializing Control Panel
9:58:31 PM  [main] 	Windows Version:  Home  64-bit
9:58:31 PM  [main] 	XAMPP Version: 7.3.10
9:58:31 PM  [main] 	Control Panel Version: 3.2.4  [ Compiled: Jun 5th 2019 ]
9:58:31 PM  [main] 	You are not running with administrator rights! This will work for
9:58:31 PM  [main] 	most application stuff but whenever you do something with services
9:58:31 PM  [main] 	there will be a security dialogue or things will break! So think 
9:58:31 PM  [main] 	about running this application with administrator rights!
9:58:31 PM  [main] 	XAMPP Installation Directory: "d:\xampp-banking_system\"
9:58:31 PM  [main] 	Checking for prerequisites
9:58:32 PM  [main] 	All prerequisites found
9:58:32 PM  [main] 	Initializing Modules
9:58:32 PM  [main] 	Starting Check-Timer
9:58:32 PM  [main] 	Control Panel Ready
9:58:34 PM  [Apache] 	Attempting to start Apache app...
9:58:35 PM  [Apache] 	Status change detected: running
9:58:35 PM  [mysql] 	Attempting to start MySQL app...
9:58:36 PM  [mysql] 	Status change detected: running
10:04:01 PM  [Apache] 	Attempting to stop Apache (PID: 60340)
10:04:01 PM  [Apache] 	Attempting to stop Apache (PID: 25620)
10:04:02 PM  [Apache] 	Status change detected: stopped
10:04:02 PM  [mysql] 	Attempting to stop MySQL app...
10:04:02 PM  [mysql] 	Status change detected: stopped
10:05:14 PM  [main] 	Deinitializing Modules
10:05:14 PM  [main] 	Deinitializing Control Panel

1:02:18 AM  [main] 	Initializing Control Panel
1:02:18 AM  [main] 	Windows Version:  Home  64-bit
1:02:18 AM  [main] 	XAMPP Version: 7.3.10
1:02:18 AM  [main] 	Control Panel Version: 3.2.4  [ Compiled: Jun 5th 2019 ]
1:02:18 AM  [main] 	You are not running with administrator rights! This will work for
1:02:18 AM  [main] 	most application stuff but whenever you do something with services
1:02:18 AM  [main] 	there will be a security dialogue or things will break! So think 
1:02:18 AM  [main] 	about running this application with administrator rights!
1:02:18 AM  [main] 	XAMPP Installation Directory: "d:\xampp-banking_system\"
1:02:18 AM  [main] 	Checking for prerequisites
1:02:19 AM  [main] 	All prerequisites found
1:02:19 AM  [main] 	Initializing Modules
1:02:19 AM  [main] 	Starting Check-Timer
1:02:19 AM  [main] 	Control Panel Ready
1:04:12 AM  [Apache] 	Attempting to start Apache app...
1:04:12 AM  [Apache] 	Status change detected: running
1:04:12 AM  [mysql] 	Attempting to start MySQL app...
1:04:13 AM  [mysql] 	Status change detected: running
2:02:00 AM  [Apache] 	Attempting to stop Apache (PID: 5300)
2:02:00 AM  [Apache] 	Attempting to stop Apache (PID: 46176)
2:02:01 AM  [mysql] 	Attempting to stop MySQL app...
2:02:01 AM  [Apache] 	Status change detected: stopped
2:02:01 AM  [mysql] 	Status change detected: stopped
2:08:51 AM  [main] 	Deinitializing Modules
2:08:51 AM  [main] 	Deinitializing Control Panel

4:58:08 PM  [main] 	Initializing Control Panel
4:58:08 PM  [main] 	Windows Version:  Home  64-bit
4:58:08 PM  [main] 	XAMPP Version: 7.3.10
4:58:08 PM  [main] 	Control Panel Version: 3.2.4  [ Compiled: Jun 5th 2019 ]
4:58:08 PM  [main] 	You are not running with administrator rights! This will work for
4:58:08 PM  [main] 	most application stuff but whenever you do something with services
4:58:08 PM  [main] 	there will be a security dialogue or things will break! So think 
4:58:08 PM  [main] 	about running this application with administrator rights!
4:58:08 PM  [main] 	XAMPP Installation Directory: "d:\xampp-banking_system\"
4:58:08 PM  [main] 	Checking for prerequisites
4:58:08 PM  [main] 	All prerequisites found
4:58:08 PM  [main] 	Initializing Modules
4:58:08 PM  [main] 	Starting Check-Timer
4:58:08 PM  [main] 	Control Panel Ready
4:58:10 PM  [Apache] 	Attempting to start Apache app...
4:58:10 PM  [Apache] 	Status change detected: running
4:58:10 PM  [mysql] 	Attempting to start MySQL app...
4:58:12 PM  [mysql] 	Status change detected: running
7:10:25 PM  [Apache] 	Attempting to stop Apache (PID: 44436)
7:10:25 PM  [Apache] 	Attempting to stop Apache (PID: 64552)
7:10:25 PM  [Apache] 	Status change detected: stopped
7:10:25 PM  [mysql] 	Attempting to stop MySQL app...
7:10:26 PM  [mysql] 	Status change detected: stopped
7:11:41 PM  [main] 	Deinitializing Modules
7:11:41 PM  [main] 	Deinitializing Control Panel

7:15:55 PM  [main] 	Initializing Control Panel
7:15:55 PM  [main] 	Windows Version:  Home  64-bit
7:15:55 PM  [main] 	XAMPP Version: 7.3.10
7:15:55 PM  [main] 	Control Panel Version: 3.2.4  [ Compiled: Jun 5th 2019 ]
7:15:55 PM  [main] 	You are not running with administrator rights! This will work for
7:15:55 PM  [main] 	most application stuff but whenever you do something with services
7:15:55 PM  [main] 	there will be a security dialogue or things will break! So think 
7:15:55 PM  [main] 	about running this application with administrator rights!
7:15:55 PM  [main] 	XAMPP Installation Directory: "d:\xampp-banking_system\"
7:15:55 PM  [main] 	Checking for prerequisites
7:15:57 PM  [main] 	All prerequisites found
7:15:57 PM  [main] 	Initializing Modules
7:15:57 PM  [main] 	Starting Check-Timer
7:15:57 PM  [main] 	Control Panel Ready
7:15:59 PM  [Apache] 	Attempting to start Apache app...
7:15:59 PM  [Apache] 	Status change detected: running
7:15:59 PM  [mysql] 	Attempting to start MySQL app...
7:16:00 PM  [mysql] 	Status change detected: running
7:20:32 PM  [Apache] 	Attempting to stop Apache (PID: 55884)
7:20:32 PM  [Apache] 	Attempting to stop Apache (PID: 42248)
7:20:33 PM  [mysql] 	Attempting to stop MySQL app...
7:20:33 PM  [Apache] 	Status change detected: stopped
7:20:33 PM  [mysql] 	Status change detected: stopped
7:20:33 PM  [mysql] 	Attempting to start MySQL app...
7:20:34 PM  [mysql] 	Status change detected: running
7:20:34 PM  [Apache] 	Attempting to start Apache app...
7:20:34 PM  [Apache] 	Status change detected: running
12:07:52 AM  [Apache] 	Attempting to stop Apache (PID: 57848)
12:07:52 AM  [Apache] 	Attempting to stop Apache (PID: 28628)
12:07:52 AM  [mysql] 	Attempting to stop MySQL app...
12:07:52 AM  [Apache] 	Status change detected: stopped
12:07:52 AM  [mysql] 	Status change detected: stopped
1:12:30 AM  [main] 	Deinitializing Modules
1:12:30 AM  [main] 	Deinitializing Control Panel

6:56:03 PM  [main] 	Initializing Control Panel
6:56:03 PM  [main] 	Windows Version:  Home  64-bit
6:56:03 PM  [main] 	XAMPP Version: 7.3.10
6:56:03 PM  [main] 	Control Panel Version: 3.2.4  [ Compiled: Jun 5th 2019 ]
6:56:03 PM  [main] 	You are not running with administrator rights! This will work for
6:56:03 PM  [main] 	most application stuff but whenever you do something with services
6:56:03 PM  [main] 	there will be a security dialogue or things will break! So think 
6:56:03 PM  [main] 	about running this application with administrator rights!
6:56:03 PM  [main] 	XAMPP Installation Directory: "d:\xampp-banking_system\"
6:56:03 PM  [main] 	Checking for prerequisites
6:56:05 PM  [main] 	All prerequisites found
6:56:05 PM  [main] 	Initializing Modules
6:56:05 PM  [main] 	Starting Check-Timer
6:56:05 PM  [main] 	Control Panel Ready
6:56:06 PM  [Apache] 	Attempting to start Apache app...
6:56:07 PM  [Apache] 	Status change detected: running
6:56:07 PM  [mysql] 	Attempting to start MySQL app...
6:56:07 PM  [mysql] 	Status change detected: running
10:20:50 PM  [Apache] 	Attempting to stop Apache (PID: 4468)
10:20:50 PM  [Apache] 	Attempting to stop Apache (PID: 17004)
10:20:51 PM  [Apache] 	Status change detected: stopped
10:20:51 PM  [mysql] 	Attempting to stop MySQL app...
10:20:51 PM  [mysql] 	Status change detected: stopped
10:25:36 PM  [main] 	Deinitializing Modules
10:25:36 PM  [main] 	Deinitializing Control Panel

12:45:13 AM  [main] 	Initializing Control Panel
12:45:14 AM  [main] 	Windows Version:  Home  64-bit
12:45:14 AM  [main] 	XAMPP Version: 7.3.10
12:45:14 AM  [main] 	Control Panel Version: 3.2.4  [ Compiled: Jun 5th 2019 ]
12:45:14 AM  [main] 	You are not running with administrator rights! This will work for
12:45:14 AM  [main] 	most application stuff but whenever you do something with services
12:45:14 AM  [main] 	there will be a security dialogue or things will break! So think 
12:45:14 AM  [main] 	about running this application with administrator rights!
12:45:14 AM  [main] 	XAMPP Installation Directory: "d:\xampp-banking_system\"
12:45:14 AM  [main] 	Checking for prerequisites
12:45:15 AM  [main] 	All prerequisites found
12:45:15 AM  [main] 	Initializing Modules
12:45:15 AM  [main] 	Starting Check-Timer
12:45:15 AM  [main] 	Control Panel Ready
12:48:25 AM  [Apache] 	Attempting to start Apache app...
12:48:25 AM  [mysql] 	Attempting to start MySQL app...
12:48:26 AM  [Apache] 	Status change detected: running
12:48:26 AM  [mysql] 	Status change detected: running
1:23:38 AM  [Apache] 	Attempting to stop Apache (PID: 9820)
1:23:38 AM  [Apache] 	Attempting to stop Apache (PID: 1220)
1:23:38 AM  [Apache] 	Status change detected: stopped
1:23:39 AM  [mysql] 	Attempting to stop MySQL app...
1:23:39 AM  [mysql] 	Status change detected: stopped
1:46:30 AM  [main] 	Deinitializing Modules
1:46:30 AM  [main] 	Deinitializing Control Panel

12:59:34 AM  [main] 	Initializing Control Panel
12:59:34 AM  [main] 	Windows Version:  Home  64-bit
12:59:35 AM  [main] 	XAMPP Version: 7.3.10
12:59:35 AM  [main] 	Control Panel Version: 3.2.4  [ Compiled: Jun 5th 2019 ]
12:59:35 AM  [main] 	You are not running with administrator rights! This will work for
12:59:35 AM  [main] 	most application stuff but whenever you do something with services
12:59:35 AM  [main] 	there will be a security dialogue or things will break! So think 
12:59:35 AM  [main] 	about running this application with administrator rights!
12:59:35 AM  [main] 	XAMPP Installation Directory: "d:\xampp-banking_system\"
12:59:35 AM  [main] 	Checking for prerequisites
12:59:35 AM  [main] 	All prerequisites found
12:59:35 AM  [main] 	Initializing Modules
12:59:35 AM  [main] 	Starting Check-Timer
12:59:35 AM  [main] 	Control Panel Ready
12:59:43 AM  [Apache] 	Attempting to start Apache app...
12:59:43 AM  [Apache] 	Status change detected: running
12:59:43 AM  [mysql] 	Attempting to start MySQL app...
12:59:43 AM  [mysql] 	Status change detected: running
1:18:36 AM  [Apache] 	Attempting to stop Apache (PID: 10520)
1:18:36 AM  [Apache] 	Attempting to stop Apache (PID: 17400)
1:18:36 AM  [Apache] 	Status change detected: stopped
1:18:36 AM  [mysql] 	Attempting to stop MySQL app...
1:18:36 AM  [mysql] 	Status change detected: stopped
1:39:47 AM  [main] 	Deinitializing Modules
1:39:47 AM  [main] 	Deinitializing Control Panel

12:06:03 AM  [main] 	Initializing Control Panel
12:06:03 AM  [main] 	Windows Version:  Home  64-bit
12:06:03 AM  [main] 	XAMPP Version: 7.3.10
12:06:03 AM  [main] 	Control Panel Version: 3.2.4  [ Compiled: Jun 5th 2019 ]
12:06:03 AM  [main] 	You are not running with administrator rights! This will work for
12:06:03 AM  [main] 	most application stuff but whenever you do something with services
12:06:03 AM  [main] 	there will be a security dialogue or things will break! So think 
12:06:03 AM  [main] 	about running this application with administrator rights!
12:06:03 AM  [main] 	XAMPP Installation Directory: "d:\xampp-banking_system\"
12:06:03 AM  [main] 	Checking for prerequisites
12:06:04 AM  [main] 	All prerequisites found
12:06:04 AM  [main] 	Initializing Modules
12:06:04 AM  [main] 	Starting Check-Timer
12:06:04 AM  [main] 	Control Panel Ready
12:07:32 AM  [Apache] 	Attempting to start Apache app...
12:07:34 AM  [mysql] 	Attempting to start MySQL app...
12:07:36 AM  [Apache] 	Status change detected: running
12:07:36 AM  [mysql] 	Status change detected: running
12:49:18 AM  [Apache] 	Attempting to stop Apache (PID: 18968)
12:49:18 AM  [Apache] 	Attempting to stop Apache (PID: 14572)
12:49:18 AM  [Apache] 	Status change detected: stopped
12:49:19 AM  [mysql] 	Attempting to stop MySQL app...
12:49:19 AM  [mysql] 	Status change detected: stopped
12:49:59 AM  [main] 	Deinitializing Modules
12:49:59 AM  [main] 	Deinitializing Control Panel

5:03:00 PM  [main] 	Initializing Control Panel
5:03:00 PM  [main] 	Windows Version:  Home  64-bit
5:03:00 PM  [main] 	XAMPP Version: 7.3.10
5:03:00 PM  [main] 	Control Panel Version: 3.2.4  [ Compiled: Jun 5th 2019 ]
5:03:00 PM  [main] 	You are not running with administrator rights! This will work for
5:03:00 PM  [main] 	most application stuff but whenever you do something with services
5:03:00 PM  [main] 	there will be a security dialogue or things will break! So think 
5:03:00 PM  [main] 	about running this application with administrator rights!
5:03:00 PM  [main] 	XAMPP Installation Directory: "d:\xampp-banking_system\"
5:03:00 PM  [main] 	Checking for prerequisites
5:03:01 PM  [main] 	All prerequisites found
5:03:01 PM  [main] 	Initializing Modules
5:03:01 PM  [main] 	Starting Check-Timer
5:03:01 PM  [main] 	Control Panel Ready
5:03:06 PM  [Apache] 	Attempting to start Apache app...
5:03:07 PM  [Apache] 	Status change detected: running
5:03:07 PM  [mysql] 	Attempting to start MySQL app...
5:03:07 PM  [mysql] 	Status change detected: running
7:02:26 PM  [Apache] 	Attempting to stop Apache (PID: 9116)
7:02:26 PM  [Apache] 	Attempting to stop Apache (PID: 4444)
7:02:26 PM  [Apache] 	Status change detected: stopped
7:02:26 PM  [mysql] 	Attempting to stop MySQL app...
7:02:27 PM  [mysql] 	Status change detected: stopped
7:02:40 PM  [main] 	Deinitializing Modules
7:02:40 PM  [main] 	Deinitializing Control Panel

9:48:12 PM  [main] 	Initializing Control Panel
9:48:12 PM  [main] 	Windows Version:  Home  64-bit
9:48:12 PM  [main] 	XAMPP Version: 7.3.10
9:48:12 PM  [main] 	Control Panel Version: 3.2.4  [ Compiled: Jun 5th 2019 ]
9:48:12 PM  [main] 	You are not running with administrator rights! This will work for
9:48:12 PM  [main] 	most application stuff but whenever you do something with services
9:48:12 PM  [main] 	there will be a security dialogue or things will break! So think 
9:48:12 PM  [main] 	about running this application with administrator rights!
9:48:12 PM  [main] 	XAMPP Installation Directory: "d:\xampp-banking_system\"
9:48:12 PM  [main] 	Checking for prerequisites
9:48:13 PM  [main] 	All prerequisites found
9:48:14 PM  [main] 	Initializing Modules
9:48:14 PM  [main] 	Starting Check-Timer
9:48:14 PM  [main] 	Control Panel Ready
9:48:15 PM  [Apache] 	Attempting to start Apache app...
9:48:15 PM  [mysql] 	Attempting to start MySQL app...
9:48:16 PM  [Apache] 	Status change detected: running
9:48:16 PM  [mysql] 	Status change detected: running
12:46:55 AM  [Apache] 	Attempting to stop Apache (PID: 15624)
12:46:55 AM  [Apache] 	Attempting to stop Apache (PID: 9780)
12:46:56 AM  [Apache] 	Status change detected: stopped
12:46:56 AM  [mysql] 	Attempting to stop MySQL app...
12:46:56 AM  [mysql] 	Status change detected: stopped
1:05:33 AM  [main] 	Deinitializing Modules
1:05:33 AM  [main] 	Deinitializing Control Panel

1:41:42 PM  [main] 	Initializing Control Panel
1:41:42 PM  [main] 	Windows Version:  Enterprise  64-bit
1:41:42 PM  [main] 	XAMPP Version: 7.3.10
1:41:42 PM  [main] 	Control Panel Version: 3.2.4  [ Compiled: Jun 5th 2019 ]
1:41:42 PM  [main] 	You are not running with administrator rights! This will work for
1:41:42 PM  [main] 	most application stuff but whenever you do something with services
1:41:42 PM  [main] 	there will be a security dialogue or things will break! So think 
1:41:42 PM  [main] 	about running this application with administrator rights!
1:41:42 PM  [main] 	XAMPP Installation Directory: "c:\users\cstuser\documents\github\xampp-banking_system\"
1:41:42 PM  [main] 	Checking for prerequisites
1:41:43 PM  [main] 	All prerequisites found
1:41:43 PM  [main] 	Initializing Modules
1:41:43 PM  [Tomcat] 	Problem detected!
1:41:43 PM  [Tomcat] 	Port 8080 in use by "C:\oraclexe\app\oracle\product\11.2.0\server\BIN\tnslsnr.exe"!
1:41:43 PM  [Tomcat] 	Tomcat WILL NOT start without the configured ports free!
1:41:43 PM  [Tomcat] 	You need to uninstall/disable/reconfigure the blocking application
1:41:43 PM  [Tomcat] 	or reconfigure Tomcat and the Control Panel to listen on a different port
1:41:43 PM  [main] 	Starting Check-Timer
1:41:43 PM  [main] 	Control Panel Ready
1:41:46 PM  [Apache] 	Attempting to start Apache app...
1:41:46 PM  [mysql] 	Attempting to start MySQL app...
1:41:46 PM  [Apache] 	Status change detected: running
1:41:46 PM  [mysql] 	Status change detected: running
2:38:46 PM  [Apache] 	Attempting to stop Apache (PID: 3984)
2:38:46 PM  [Apache] 	Attempting to stop Apache (PID: 11128)
2:38:46 PM  [Apache] 	Status change detected: stopped
2:38:46 PM  [mysql] 	Attempting to stop MySQL app...
2:38:47 PM  [mysql] 	Status change detected: stopped
2:39:37 PM  [main] 	Deinitializing Modules
2:39:37 PM  [main] 	Deinitializing Control Panel

3:17:37 PM  [main] 	Initializing Control Panel
3:17:37 PM  [main] 	Windows Version:  Home  64-bit
3:17:37 PM  [main] 	XAMPP Version: 7.3.10
3:17:37 PM  [main] 	Control Panel Version: 3.2.4  [ Compiled: Jun 5th 2019 ]
3:17:37 PM  [main] 	You are not running with administrator rights! This will work for
3:17:37 PM  [main] 	most application stuff but whenever you do something with services
3:17:37 PM  [main] 	there will be a security dialogue or things will break! So think 
3:17:37 PM  [main] 	about running this application with administrator rights!
3:17:37 PM  [main] 	XAMPP Installation Directory: "d:\xampp-banking_system\"
3:17:37 PM  [main] 	Checking for prerequisites
3:17:37 PM  [main] 	All prerequisites found
3:17:37 PM  [main] 	Initializing Modules
3:17:37 PM  [main] 	Starting Check-Timer
3:17:37 PM  [main] 	Control Panel Ready
3:17:38 PM  [Apache] 	Attempting to start Apache app...
3:17:38 PM  [Apache] 	Status change detected: running
3:17:38 PM  [mysql] 	Attempting to start MySQL app...
3:17:39 PM  [Apache] 	Status change detected: stopped
3:17:39 PM  [Apache] 	Error: Apache shutdown unexpectedly.
3:17:39 PM  [Apache] 	This may be due to a blocked port, missing dependencies, 
3:17:39 PM  [Apache] 	improper privileges, a crash, or a shutdown by another method.
3:17:39 PM  [Apache] 	Press the Logs button to view error logs and check
3:17:39 PM  [Apache] 	the Windows Event Viewer for more clues
3:17:39 PM  [Apache] 	If you need more help, copy and post this
3:17:39 PM  [Apache] 	entire log window on the forums
3:17:53 PM  [mysql] 	Attempting to start MySQL app...
3:17:54 PM  [Apache] 	Attempting to start Apache app...
3:17:59 PM  [mysql] 	Attempting to start MySQL app...
3:18:00 PM  [mysql] 	Attempting to start MySQL app...
3:18:00 PM  [mysql] 	Status change detected: running
3:18:00 PM  [mysql] 	Status change detected: stopped
3:18:00 PM  [mysql] 	Error: MySQL shutdown unexpectedly.
3:18:00 PM  [mysql] 	This may be due to a blocked port, missing dependencies, 
3:18:00 PM  [mysql] 	improper privileges, a crash, or a shutdown by another method.
3:18:00 PM  [mysql] 	Press the Logs button to view error logs and check
3:18:00 PM  [mysql] 	the Windows Event Viewer for more clues
3:18:00 PM  [mysql] 	If you need more help, copy and post this
3:18:00 PM  [mysql] 	entire log window on the forums
3:18:01 PM  [mysql] 	Attempting to start MySQL app...
3:18:01 PM  [Apache] 	Attempting to start Apache app...
3:18:02 PM  [Apache] 	Status change detected: running
3:18:02 PM  [Apache] 	Status change detected: stopped
3:18:02 PM  [Apache] 	Error: Apache shutdown unexpectedly.
3:18:02 PM  [Apache] 	This may be due to a blocked port, missing dependencies, 
3:18:02 PM  [Apache] 	improper privileges, a crash, or a shutdown by another method.
3:18:02 PM  [Apache] 	Press the Logs button to view error logs and check
3:18:02 PM  [Apache] 	the Windows Event Viewer for more clues
3:18:02 PM  [Apache] 	If you need more help, copy and post this
3:18:02 PM  [Apache] 	entire log window on the forums
3:18:05 PM  [main] 	Executing "d:\xampp-banking_system\"
3:18:09 PM  [main] 	Deinitializing Modules
3:18:09 PM  [main] 	Deinitializing Control Panel

3:18:36 PM  [main] 	Initializing Control Panel
3:18:36 PM  [main] 	Windows Version:  Home  64-bit
3:18:36 PM  [main] 	XAMPP Version: 7.3.10
3:18:36 PM  [main] 	Control Panel Version: 3.2.4  [ Compiled: Jun 5th 2019 ]
3:18:36 PM  [main] 	You are not running with administrator rights! This will work for
3:18:36 PM  [main] 	most application stuff but whenever you do something with services
3:18:36 PM  [main] 	there will be a security dialogue or things will break! So think 
3:18:36 PM  [main] 	about running this application with administrator rights!
3:18:36 PM  [main] 	XAMPP Installation Directory: "d:\xampp-banking_system\"
3:18:36 PM  [main] 	Checking for prerequisites
3:18:36 PM  [main] 	All prerequisites found
3:18:36 PM  [main] 	Initializing Modules
3:18:36 PM  [Apache] 	XAMPP Apache is already running on port 80
3:18:36 PM  [Apache] 	XAMPP Apache is already running on port 443
3:18:36 PM  [mysql] 	XAMPP MySQL is already running on port 3306
3:18:36 PM  [main] 	Starting Check-Timer
3:18:36 PM  [main] 	Control Panel Ready
3:18:38 PM  [Apache] 	Status change detected: stopped
3:18:38 PM  [Apache] 	Error: Apache shutdown unexpectedly.
3:18:38 PM  [Apache] 	This may be due to a blocked port, missing dependencies, 
3:18:38 PM  [Apache] 	improper privileges, a crash, or a shutdown by another method.
3:18:38 PM  [Apache] 	Press the Logs button to view error logs and check
3:18:38 PM  [Apache] 	the Windows Event Viewer for more clues
3:18:38 PM  [Apache] 	If you need more help, copy and post this
3:18:38 PM  [Apache] 	entire log window on the forums
3:18:40 PM  [Apache] 	Attempting to start Apache app...
3:18:40 PM  [Apache] 	Status change detected: running
3:29:37 PM  [mysql] 	Attempting to stop MySQL app...
3:29:38 PM  [mysql] 	Status change detected: stopped
3:29:38 PM  [Apache] 	Attempting to stop Apache (PID: 12148)
3:29:38 PM  [Apache] 	Attempting to stop Apache (PID: 5576)
3:29:38 PM  [Apache] 	Status change detected: stopped
3:31:38 PM  [mysql] 	Attempting to start MySQL app...
3:31:38 PM  [mysql] 	Status change detected: running
3:31:38 PM  [Apache] 	Attempting to start Apache app...
3:31:38 PM  [Apache] 	Status change detected: running
3:35:34 PM  [mysql] 	Attempting to stop MySQL app...
3:35:35 PM  [mysql] 	Status change detected: stopped
3:35:36 PM  [mysql] 	Attempting to start MySQL app...
3:35:36 PM  [mysql] 	Status change detected: running
3:38:11 PM  [mysql] 	Attempting to stop MySQL app...
3:38:11 PM  [Apache] 	Attempting to stop Apache (PID: 2004)
3:38:11 PM  [Apache] 	Attempting to stop Apache (PID: 2636)
3:38:11 PM  [Apache] 	Status change detected: stopped
3:38:11 PM  [mysql] 	Status change detected: stopped
3:38:14 PM  [main] 	Deinitializing Modules
3:38:14 PM  [main] 	Deinitializing Control Panel

3:38:41 PM  [main] 	Initializing Control Panel
3:38:41 PM  [main] 	Windows Version:  Home  64-bit
3:38:41 PM  [main] 	XAMPP Version: 7.3.10
3:38:41 PM  [main] 	Control Panel Version: 3.2.4  [ Compiled: Jun 5th 2019 ]
3:38:41 PM  [main] 	You are not running with administrator rights! This will work for
3:38:41 PM  [main] 	most application stuff but whenever you do something with services
3:38:41 PM  [main] 	there will be a security dialogue or things will break! So think 
3:38:41 PM  [main] 	about running this application with administrator rights!
3:38:41 PM  [main] 	XAMPP Installation Directory: "d:\xampp-banking_system\"
3:38:41 PM  [main] 	Checking for prerequisites
3:38:42 PM  [main] 	All prerequisites found
3:38:42 PM  [main] 	Initializing Modules
3:38:42 PM  [Apache] 	XAMPP Apache is already running on port 80
3:38:42 PM  [Apache] 	XAMPP Apache is already running on port 443
3:38:42 PM  [main] 	Starting Check-Timer
3:38:42 PM  [main] 	Control Panel Ready
3:38:43 PM  [Apache] 	Status change detected: stopped
3:38:43 PM  [Apache] 	Error: Apache shutdown unexpectedly.
3:38:43 PM  [Apache] 	This may be due to a blocked port, missing dependencies, 
3:38:43 PM  [Apache] 	improper privileges, a crash, or a shutdown by another method.
3:38:43 PM  [Apache] 	Press the Logs button to view error logs and check
3:38:43 PM  [Apache] 	the Windows Event Viewer for more clues
3:38:43 PM  [Apache] 	If you need more help, copy and post this
3:38:43 PM  [Apache] 	entire log window on the forums
3:38:44 PM  [Apache] 	Attempting to start Apache app...
3:38:45 PM  [Apache] 	Status change detected: running
3:38:45 PM  [mysql] 	Attempting to start MySQL app...
3:38:45 PM  [mysql] 	Status change detected: running
1:07:37 AM  [Apache] 	Attempting to stop Apache (PID: 6312)
1:07:37 AM  [Apache] 	Attempting to stop Apache (PID: 7284)
1:07:37 AM  [Apache] 	Status change detected: stopped
1:07:37 AM  [mysql] 	Attempting to stop MySQL app...
1:07:38 AM  [mysql] 	Status change detected: stopped
1:08:26 AM  [main] 	Deinitializing Modules
1:08:26 AM  [main] 	Deinitializing Control Panel

7:11:26 PM  [main] 	Initializing Control Panel
7:11:26 PM  [main] 	Windows Version:  Home  64-bit
7:11:26 PM  [main] 	XAMPP Version: 7.3.10
7:11:26 PM  [main] 	Control Panel Version: 3.2.4  [ Compiled: Jun 5th 2019 ]
7:11:26 PM  [main] 	You are not running with administrator rights! This will work for
7:11:26 PM  [main] 	most application stuff but whenever you do something with services
7:11:26 PM  [main] 	there will be a security dialogue or things will break! So think 
7:11:26 PM  [main] 	about running this application with administrator rights!
7:11:26 PM  [main] 	XAMPP Installation Directory: "c:\users\beatotzkie\desktop\e_com2ndh\xampp-banking_system\"
7:11:26 PM  [main] 	Checking for prerequisites
7:11:28 PM  [main] 	All prerequisites found
7:11:28 PM  [main] 	Initializing Modules
7:11:28 PM  [main] 	Starting Check-Timer
7:11:28 PM  [main] 	Control Panel Ready
7:11:33 PM  [Apache] 	Attempting to start Apache app...
7:11:33 PM  [Apache] 	Status change detected: running
7:11:34 PM  [mysql] 	Attempting to start MySQL app...
7:11:34 PM  [mysql] 	Status change detected: running
7:41:22 PM  [Apache] 	Attempting to stop Apache (PID: 10360)
7:41:22 PM  [Apache] 	Attempting to stop Apache (PID: 9232)
7:41:23 PM  [Apache] 	Status change detected: stopped
7:41:24 PM  [mysql] 	Attempting to stop MySQL app...
7:41:24 PM  [mysql] 	Status change detected: stopped
7:44:20 PM  [main] 	Deinitializing Modules
7:44:20 PM  [main] 	Deinitializing Control Panel

9:04:52 PM  [main] 	Initializing Control Panel
9:04:52 PM  [main] 	Windows Version:  Home  64-bit
9:04:52 PM  [main] 	XAMPP Version: 7.3.10
9:04:52 PM  [main] 	Control Panel Version: 3.2.4  [ Compiled: Jun 5th 2019 ]
9:04:52 PM  [main] 	You are not running with administrator rights! This will work for
9:04:52 PM  [main] 	most application stuff but whenever you do something with services
9:04:52 PM  [main] 	there will be a security dialogue or things will break! So think 
9:04:52 PM  [main] 	about running this application with administrator rights!
9:04:52 PM  [main] 	XAMPP Installation Directory: "c:\users\beatotzkie\desktop\e_com2ndh\xampp-banking_system\"
9:04:52 PM  [main] 	Checking for prerequisites
9:04:52 PM  [main] 	All prerequisites found
9:04:52 PM  [main] 	Initializing Modules
9:04:52 PM  [main] 	Starting Check-Timer
9:04:52 PM  [main] 	Control Panel Ready
9:04:54 PM  [Apache] 	Attempting to start Apache app...
9:04:55 PM  [Apache] 	Status change detected: running
9:04:56 PM  [mysql] 	Attempting to start MySQL app...
9:04:56 PM  [mysql] 	Status change detected: running
9:34:40 PM  [mysql] 	Attempting to stop MySQL app...
9:34:40 PM  [mysql] 	Status change detected: stopped
9:34:41 PM  [Apache] 	Attempting to stop Apache (PID: 13848)
9:34:41 PM  [Apache] 	Attempting to stop Apache (PID: 6756)
9:34:41 PM  [Apache] 	Status change detected: stopped
9:34:48 PM  [mysql] 	Attempting to start MySQL app...
9:34:49 PM  [mysql] 	Status change detected: running
9:34:50 PM  [Apache] 	Attempting to start Apache app...
9:34:51 PM  [Apache] 	Status change detected: running
11:04:05 PM  [Apache] 	Attempting to stop Apache (PID: 13008)
11:04:05 PM  [Apache] 	Attempting to stop Apache (PID: 14288)
11:04:05 PM  [Apache] 	Status change detected: stopped
11:04:07 PM  [mysql] 	Attempting to stop MySQL app...
11:04:07 PM  [mysql] 	Status change detected: stopped
11:16:21 PM  [main] 	Deinitializing Modules
11:16:21 PM  [main] 	Deinitializing Control Panel

7:44:30 PM  [main] 	Initializing Control Panel
7:44:30 PM  [main] 	Windows Version:  Home  64-bit
7:44:30 PM  [main] 	XAMPP Version: 7.3.10
7:44:30 PM  [main] 	Control Panel Version: 3.2.4  [ Compiled: Jun 5th 2019 ]
7:44:30 PM  [main] 	You are not running with administrator rights! This will work for
7:44:30 PM  [main] 	most application stuff but whenever you do something with services
7:44:30 PM  [main] 	there will be a security dialogue or things will break! So think 
7:44:30 PM  [main] 	about running this application with administrator rights!
7:44:30 PM  [main] 	XAMPP Installation Directory: "c:\users\beatotzkie\desktop\e_com2ndh\xampp-banking_system\"
7:44:30 PM  [main] 	Checking for prerequisites
7:44:30 PM  [main] 	All prerequisites found
7:44:30 PM  [main] 	Initializing Modules
7:44:30 PM  [main] 	Starting Check-Timer
7:44:30 PM  [main] 	Control Panel Ready
7:44:32 PM  [Apache] 	Attempting to start Apache app...
7:44:32 PM  [Apache] 	Status change detected: running
7:44:33 PM  [mysql] 	Attempting to start MySQL app...
7:44:34 PM  [mysql] 	Status change detected: running
9:01:39 PM  [mysql] 	Attempting to stop MySQL app...
9:01:39 PM  [mysql] 	Status change detected: stopped
9:01:40 PM  [Apache] 	Attempting to stop Apache (PID: 196)
9:01:40 PM  [Apache] 	Attempting to stop Apache (PID: 9280)
9:01:40 PM  [Apache] 	Status change detected: stopped
9:04:55 PM  [Apache] 	Status change detected: running
9:04:56 PM  [mysql] 	Status change detected: running
9:34:40 PM  [mysql] 	Status change detected: stopped
9:34:41 PM  [Apache] 	Status change detected: stopped
9:34:49 PM  [mysql] 	Status change detected: running
9:34:51 PM  [Apache] 	Status change detected: running
11:04:06 PM  [Apache] 	Status change detected: stopped
11:04:07 PM  [mysql] 	Status change detected: stopped
11:16:25 PM  [main] 	Deinitializing Modules
11:16:25 PM  [main] 	Deinitializing Control Panel

4:33:21 PM  [main] 	Initializing Control Panel
4:33:21 PM  [main] 	Windows Version:  Home  64-bit
4:33:21 PM  [main] 	XAMPP Version: 7.3.10
4:33:21 PM  [main] 	Control Panel Version: 3.2.4  [ Compiled: Jun 5th 2019 ]
4:33:21 PM  [main] 	You are not running with administrator rights! This will work for
4:33:21 PM  [main] 	most application stuff but whenever you do something with services
4:33:21 PM  [main] 	there will be a security dialogue or things will break! So think 
4:33:21 PM  [main] 	about running this application with administrator rights!
4:33:21 PM  [main] 	XAMPP Installation Directory: "d:\xampp-banking_system\"
4:33:21 PM  [main] 	Checking for prerequisites
4:33:23 PM  [main] 	All prerequisites found
4:33:23 PM  [main] 	Initializing Modules
4:33:23 PM  [main] 	Starting Check-Timer
4:33:23 PM  [main] 	Control Panel Ready
4:33:25 PM  [Apache] 	Status change detected: stopped
4:33:25 PM  [Apache] 	Error: Apache shutdown unexpectedly.
4:33:25 PM  [Apache] 	This may be due to a blocked port, missing dependencies, 
4:33:25 PM  [Apache] 	improper privileges, a crash, or a shutdown by another method.
4:33:25 PM  [Apache] 	Press the Logs button to view error logs and check
4:33:25 PM  [Apache] 	the Windows Event Viewer for more clues
4:33:25 PM  [Apache] 	If you need more help, copy and post this
4:33:25 PM  [Apache] 	entire log window on the forums
4:33:28 PM  [mysql] 	Attempting to start MySQL app...
4:33:28 PM  [Apache] 	Attempting to start Apache app...
4:33:28 PM  [Apache] 	Status change detected: running
4:33:28 PM  [mysql] 	Status change detected: running
5:02:49 PM  [Apache] 	Attempting to stop Apache (PID: 20368)
5:02:49 PM  [Apache] 	Attempting to stop Apache (PID: 12188)
5:02:50 PM  [mysql] 	Attempting to stop MySQL app...
5:02:50 PM  [Apache] 	Status change detected: stopped
5:02:50 PM  [mysql] 	Status change detected: stopped
9:54:08 PM  [main] 	Deinitializing Modules
9:54:08 PM  [main] 	Deinitializing Control Panel

6:55:48 PM  [main] 	Initializing Control Panel
6:55:48 PM  [main] 	Windows Version:  Home  64-bit
6:55:48 PM  [main] 	XAMPP Version: 7.3.10
6:55:48 PM  [main] 	Control Panel Version: 3.2.4  [ Compiled: Jun 5th 2019 ]
6:55:48 PM  [main] 	You are not running with administrator rights! This will work for
6:55:48 PM  [main] 	most application stuff but whenever you do something with services
6:55:48 PM  [main] 	there will be a security dialogue or things will break! So think 
6:55:48 PM  [main] 	about running this application with administrator rights!
6:55:48 PM  [main] 	XAMPP Installation Directory: "d:\xampp-banking_system\"
6:55:48 PM  [main] 	Checking for prerequisites
6:55:49 PM  [main] 	All prerequisites found
6:55:49 PM  [main] 	Initializing Modules
6:55:49 PM  [main] 	Starting Check-Timer
6:55:49 PM  [main] 	Control Panel Ready
6:55:51 PM  [Apache] 	Attempting to start Apache app...
6:55:51 PM  [Apache] 	Status change detected: running
6:55:51 PM  [mysql] 	Attempting to start MySQL app...
6:55:52 PM  [mysql] 	Status change detected: running
3:14:43 AM  [Apache] 	Attempting to stop Apache (PID: 7044)
3:14:43 AM  [Apache] 	Attempting to stop Apache (PID: 9368)
3:14:43 AM  [mysql] 	Attempting to stop MySQL app...
3:14:43 AM  [Apache] 	Status change detected: stopped
3:14:43 AM  [mysql] 	Status change detected: stopped
3:14:46 AM  [main] 	Deinitializing Modules
3:14:46 AM  [main] 	Deinitializing Control Panel

4:39:46 PM  [main] 	Initializing Control Panel
4:39:46 PM  [main] 	Windows Version:  Home  64-bit
4:39:46 PM  [main] 	XAMPP Version: 7.3.10
4:39:46 PM  [main] 	Control Panel Version: 3.2.4  [ Compiled: Jun 5th 2019 ]
4:39:46 PM  [main] 	You are not running with administrator rights! This will work for
4:39:46 PM  [main] 	most application stuff but whenever you do something with services
4:39:46 PM  [main] 	there will be a security dialogue or things will break! So think 
4:39:46 PM  [main] 	about running this application with administrator rights!
4:39:46 PM  [main] 	XAMPP Installation Directory: "d:\xampp-banking_system\"
4:39:46 PM  [main] 	Checking for prerequisites
4:39:46 PM  [main] 	All prerequisites found
4:39:46 PM  [main] 	Initializing Modules
4:39:46 PM  [Apache] 	XAMPP Apache is already running on port 80
4:39:46 PM  [Apache] 	XAMPP Apache is already running on port 443
4:39:46 PM  [mysql] 	XAMPP MySQL is already running on port 3306
4:39:46 PM  [main] 	Starting Check-Timer
4:39:46 PM  [main] 	Control Panel Ready
6:00:32 PM  [Apache] 	Attempting to stop Apache (PID: 22376)
6:00:32 PM  [Apache] 	Attempting to stop Apache (PID: 24756)
6:00:32 PM  [Apache] 	Status change detected: stopped
6:00:33 PM  [mysql] 	Attempting to stop MySQL app...
6:00:33 PM  [mysql] 	Status change detected: stopped
6:00:37 PM  [main] 	Deinitializing Modules
6:00:37 PM  [main] 	Deinitializing Control Panel

4:12:42 PM  [main] 	Initializing Control Panel
4:12:42 PM  [main] 	Windows Version:  Home  64-bit
4:12:42 PM  [main] 	XAMPP Version: 7.3.10
4:12:42 PM  [main] 	Control Panel Version: 3.2.4  [ Compiled: Jun 5th 2019 ]
4:12:42 PM  [main] 	You are not running with administrator rights! This will work for
4:12:42 PM  [main] 	most application stuff but whenever you do something with services
4:12:42 PM  [main] 	there will be a security dialogue or things will break! So think 
4:12:42 PM  [main] 	about running this application with administrator rights!
4:12:42 PM  [main] 	XAMPP Installation Directory: "d:\xampp-banking_system\"
4:12:42 PM  [main] 	Checking for prerequisites
4:12:43 PM  [main] 	All prerequisites found
4:12:43 PM  [main] 	Initializing Modules
4:12:43 PM  [main] 	Starting Check-Timer
4:12:43 PM  [main] 	Control Panel Ready
4:12:45 PM  [Apache] 	Attempting to start Apache app...
4:12:45 PM  [Apache] 	Status change detected: running
4:12:46 PM  [mysql] 	Attempting to start MySQL app...
4:12:46 PM  [mysql] 	Status change detected: running
6:00:32 PM  [Apache] 	Status change detected: stopped
6:00:32 PM  [Apache] 	Error: Apache shutdown unexpectedly.
6:00:32 PM  [Apache] 	This may be due to a blocked port, missing dependencies, 
6:00:32 PM  [Apache] 	improper privileges, a crash, or a shutdown by another method.
6:00:32 PM  [Apache] 	Press the Logs button to view error logs and check
6:00:32 PM  [Apache] 	the Windows Event Viewer for more clues
6:00:32 PM  [Apache] 	If you need more help, copy and post this
6:00:32 PM  [Apache] 	entire log window on the forums
6:00:33 PM  [mysql] 	Status change detected: stopped
6:00:33 PM  [mysql] 	Error: MySQL shutdown unexpectedly.
6:00:33 PM  [mysql] 	This may be due to a blocked port, missing dependencies, 
6:00:33 PM  [mysql] 	improper privileges, a crash, or a shutdown by another method.
6:00:33 PM  [mysql] 	Press the Logs button to view error logs and check
6:00:33 PM  [mysql] 	the Windows Event Viewer for more clues
6:00:33 PM  [mysql] 	If you need more help, copy and post this
6:00:33 PM  [mysql] 	entire log window on the forums
6:00:38 PM  [main] 	Deinitializing Modules
6:00:38 PM  [main] 	Deinitializing Control Panel

8:32:41 PM  [main] 	Initializing Control Panel
8:32:41 PM  [main] 	Windows Version:  Home  64-bit
8:32:41 PM  [main] 	XAMPP Version: 7.3.10
8:32:41 PM  [main] 	Control Panel Version: 3.2.4  [ Compiled: Jun 5th 2019 ]
8:32:41 PM  [main] 	You are not running with administrator rights! This will work for
8:32:41 PM  [main] 	most application stuff but whenever you do something with services
8:32:41 PM  [main] 	there will be a security dialogue or things will break! So think 
8:32:41 PM  [main] 	about running this application with administrator rights!
8:32:41 PM  [main] 	XAMPP Installation Directory: "d:\xampp-banking_system\"
8:32:41 PM  [main] 	Checking for prerequisites
8:32:41 PM  [main] 	All prerequisites found
8:32:41 PM  [main] 	Initializing Modules
8:32:41 PM  [main] 	Starting Check-Timer
8:32:41 PM  [main] 	Control Panel Ready
8:32:43 PM  [Apache] 	Attempting to start Apache app...
8:32:43 PM  [Apache] 	Status change detected: running
8:32:43 PM  [mysql] 	Attempting to start MySQL app...
8:32:43 PM  [mysql] 	Status change detected: running
12:47:48 AM  [Apache] 	Attempting to stop Apache (PID: 2944)
12:47:48 AM  [Apache] 	Attempting to stop Apache (PID: 18656)
12:47:48 AM  [Apache] 	Status change detected: stopped
12:47:48 AM  [mysql] 	Attempting to stop MySQL app...
12:47:48 AM  [mysql] 	Status change detected: stopped
1:12:25 AM  [main] 	Deinitializing Modules
1:12:25 AM  [main] 	Deinitializing Control Panel

3:36:01 PM  [main] 	Initializing Control Panel
3:36:02 PM  [main] 	Windows Version:  Home  64-bit
3:36:02 PM  [main] 	XAMPP Version: 7.3.10
3:36:02 PM  [main] 	Control Panel Version: 3.2.4  [ Compiled: Jun 5th 2019 ]
3:36:02 PM  [main] 	You are not running with administrator rights! This will work for
3:36:02 PM  [main] 	most application stuff but whenever you do something with services
3:36:02 PM  [main] 	there will be a security dialogue or things will break! So think 
3:36:02 PM  [main] 	about running this application with administrator rights!
3:36:02 PM  [main] 	XAMPP Installation Directory: "d:\xampp-banking_system\"
3:36:02 PM  [main] 	Checking for prerequisites
3:36:02 PM  [main] 	All prerequisites found
3:36:02 PM  [main] 	Initializing Modules
3:36:02 PM  [Apache] 	XAMPP Apache is already running on port 80
3:36:02 PM  [Apache] 	XAMPP Apache is already running on port 443
3:36:02 PM  [mysql] 	XAMPP MySQL is already running on port 3306
3:36:02 PM  [main] 	Starting Check-Timer
3:36:02 PM  [main] 	Control Panel Ready
10:16:14 PM  [Apache] 	Attempting to stop Apache (PID: 20444)
10:16:14 PM  [Apache] 	Attempting to stop Apache (PID: 22328)
10:16:14 PM  [Apache] 	Status change detected: stopped
10:16:15 PM  [mysql] 	Attempting to stop MySQL app...
10:16:15 PM  [mysql] 	Status change detected: stopped
10:16:21 PM  [main] 	Deinitializing Modules
10:16:21 PM  [main] 	Deinitializing Control Panel

2:51:45 PM  [main] 	Initializing Control Panel
2:51:45 PM  [main] 	Windows Version:  Home  64-bit
2:51:45 PM  [main] 	XAMPP Version: 7.3.10
2:51:45 PM  [main] 	Control Panel Version: 3.2.4  [ Compiled: Jun 5th 2019 ]
2:51:45 PM  [main] 	You are not running with administrator rights! This will work for
2:51:45 PM  [main] 	most application stuff but whenever you do something with services
2:51:45 PM  [main] 	there will be a security dialogue or things will break! So think 
2:51:45 PM  [main] 	about running this application with administrator rights!
2:51:45 PM  [main] 	XAMPP Installation Directory: "d:\xampp-banking_system\"
2:51:45 PM  [main] 	Checking for prerequisites
2:51:47 PM  [main] 	All prerequisites found
2:51:47 PM  [main] 	Initializing Modules
2:51:47 PM  [main] 	Starting Check-Timer
2:51:47 PM  [main] 	Control Panel Ready
2:51:53 PM  [Apache] 	Attempting to start Apache app...
2:51:54 PM  [Apache] 	Status change detected: running
2:51:54 PM  [mysql] 	Attempting to start MySQL app...
2:51:55 PM  [mysql] 	Status change detected: running
10:16:14 PM  [Apache] 	Status change detected: stopped
10:16:14 PM  [Apache] 	Error: Apache shutdown unexpectedly.
10:16:14 PM  [Apache] 	This may be due to a blocked port, missing dependencies, 
10:16:14 PM  [Apache] 	improper privileges, a crash, or a shutdown by another method.
10:16:14 PM  [Apache] 	Press the Logs button to view error logs and check
10:16:14 PM  [Apache] 	the Windows Event Viewer for more clues
10:16:14 PM  [Apache] 	If you need more help, copy and post this
10:16:14 PM  [Apache] 	entire log window on the forums
10:16:15 PM  [mysql] 	Status change detected: stopped
10:16:15 PM  [mysql] 	Error: MySQL shutdown unexpectedly.
10:16:15 PM  [mysql] 	This may be due to a blocked port, missing dependencies, 
10:16:15 PM  [mysql] 	improper privileges, a crash, or a shutdown by another method.
10:16:15 PM  [mysql] 	Press the Logs button to view error logs and check
10:16:15 PM  [mysql] 	the Windows Event Viewer for more clues
10:16:15 PM  [mysql] 	If you need more help, copy and post this
10:16:15 PM  [mysql] 	entire log window on the forums
10:16:24 PM  [Apache] 	Attempting to start Apache app...
10:16:24 PM  [Apache] 	Status change detected: running
10:16:24 PM  [mysql] 	Attempting to start MySQL app...
10:16:24 PM  [mysql] 	Status change detected: running
9:30:43 PM  [mysql] 	Attempting to stop MySQL app...
9:30:43 PM  [mysql] 	Status change detected: stopped
9:30:43 PM  [Apache] 	Attempting to stop Apache (PID: 24792)
9:30:43 PM  [Apache] 	Attempting to stop Apache (PID: 18024)
9:30:43 PM  [Apache] 	Status change detected: stopped
9:30:44 PM  [Apache] 	Attempting to start Apache app...
9:30:44 PM  [mysql] 	Attempting to start MySQL app...
9:30:44 PM  [Apache] 	Status change detected: running
9:30:44 PM  [mysql] 	Status change detected: running
10:51:43 PM  [mysql] 	Attempting to stop MySQL app...
10:51:44 PM  [mysql] 	Status change detected: stopped
10:51:44 PM  [Apache] 	Attempting to stop Apache (PID: 28144)
10:51:44 PM  [Apache] 	Attempting to stop Apache (PID: 3316)
10:51:44 PM  [Apache] 	Status change detected: stopped
10:51:48 PM  [Apache] 	Attempting to start Apache app...
10:51:48 PM  [Apache] 	Status change detected: running
10:51:48 PM  [mysql] 	Attempting to start MySQL app...
10:51:49 PM  [mysql] 	Status change detected: running
10:54:17 PM  [Apache] 	Attempting to stop Apache (PID: 18600)
10:54:17 PM  [Apache] 	Attempting to stop Apache (PID: 1304)
10:54:18 PM  [Apache] 	Status change detected: stopped
10:54:18 PM  [mysql] 	Attempting to stop MySQL app...
10:54:18 PM  [mysql] 	Status change detected: stopped
10:54:52 PM  [Apache] 	Attempting to start Apache app...
10:54:53 PM  [Apache] 	Status change detected: running
10:54:53 PM  [mysql] 	Attempting to start MySQL app...
10:54:53 PM  [mysql] 	Status change detected: running
10:56:20 PM  [mysql] 	Attempting to stop MySQL app...
10:56:20 PM  [mysql] 	Status change detected: stopped
10:56:20 PM  [Apache] 	Attempting to stop Apache (PID: 9348)
10:56:20 PM  [Apache] 	Attempting to stop Apache (PID: 6412)
10:56:20 PM  [Apache] 	Status change detected: stopped
10:56:21 PM  [Apache] 	Attempting to start Apache app...
10:56:21 PM  [Apache] 	Status change detected: running
10:56:21 PM  [mysql] 	Attempting to start MySQL app...
10:56:22 PM  [mysql] 	Status change detected: running
11:31:19 PM  [Apache] 	Attempting to stop Apache (PID: 29592)
11:31:19 PM  [Apache] 	Attempting to stop Apache (PID: 29656)
11:31:20 PM  [Apache] 	Status change detected: stopped
11:31:20 PM  [mysql] 	Attempting to stop MySQL app...
11:31:20 PM  [mysql] 	Status change detected: stopped
12:16:01 AM  [main] 	Deinitializing Modules
12:16:01 AM  [main] 	Deinitializing Control Panel

12:30:34 AM  [main] 	Initializing Control Panel
12:30:34 AM  [main] 	Windows Version:  Home  64-bit
12:30:34 AM  [main] 	XAMPP Version: 7.3.10
12:30:34 AM  [main] 	Control Panel Version: 3.2.4  [ Compiled: Jun 5th 2019 ]
12:30:34 AM  [main] 	You are not running with administrator rights! This will work for
12:30:34 AM  [main] 	most application stuff but whenever you do something with services
12:30:34 AM  [main] 	there will be a security dialogue or things will break! So think 
12:30:34 AM  [main] 	about running this application with administrator rights!
12:30:34 AM  [main] 	XAMPP Installation Directory: "d:\xampp-banking_system\"
12:30:34 AM  [main] 	Checking for prerequisites
12:30:36 AM  [main] 	All prerequisites found
12:30:36 AM  [main] 	Initializing Modules
12:30:36 AM  [main] 	Starting Check-Timer
12:30:36 AM  [main] 	Control Panel Ready
12:30:38 AM  [Apache] 	Attempting to start Apache app...
12:30:38 AM  [Apache] 	Status change detected: running
12:30:38 AM  [mysql] 	Attempting to start MySQL app...
12:30:39 AM  [mysql] 	Status change detected: running
12:42:54 AM  [Apache] 	Attempting to stop Apache (PID: 14836)
12:42:54 AM  [Apache] 	Attempting to stop Apache (PID: 13692)
12:42:54 AM  [Apache] 	Status change detected: stopped
12:42:55 AM  [mysql] 	Attempting to stop MySQL app...
12:42:55 AM  [mysql] 	Status change detected: stopped
12:49:46 AM  [main] 	Deinitializing Modules
12:49:46 AM  [main] 	Deinitializing Control Panel

12:09:59 PM  [main] 	Initializing Control Panel
12:09:59 PM  [main] 	Windows Version:  Home  64-bit
12:09:59 PM  [main] 	XAMPP Version: 7.3.10
12:09:59 PM  [main] 	Control Panel Version: 3.2.4  [ Compiled: Jun 5th 2019 ]
12:09:59 PM  [main] 	You are not running with administrator rights! This will work for
12:09:59 PM  [main] 	most application stuff but whenever you do something with services
12:09:59 PM  [main] 	there will be a security dialogue or things will break! So think 
12:09:59 PM  [main] 	about running this application with administrator rights!
12:09:59 PM  [main] 	XAMPP Installation Directory: "d:\xampp-banking_system\"
12:09:59 PM  [main] 	Checking for prerequisites
12:09:59 PM  [main] 	All prerequisites found
12:09:59 PM  [main] 	Initializing Modules
12:09:59 PM  [main] 	Starting Check-Timer
12:09:59 PM  [main] 	Control Panel Ready
12:10:02 PM  [Apache] 	Attempting to start Apache app...
12:10:02 PM  [mysql] 	Attempting to start MySQL app...
12:10:03 PM  [Apache] 	Status change detected: running
12:10:03 PM  [mysql] 	Status change detected: running
12:51:57 PM  [Apache] 	Attempting to stop Apache (PID: 5540)
12:51:57 PM  [Apache] 	Attempting to stop Apache (PID: 6256)
12:51:58 PM  [mysql] 	Attempting to stop MySQL app...
12:51:58 PM  [Apache] 	Status change detected: stopped
12:51:58 PM  [mysql] 	Status change detected: stopped
12:51:58 PM  [mysql] 	Attempting to start MySQL app...
12:51:58 PM  [mysql] 	Status change detected: running
12:51:59 PM  [Apache] 	Attempting to start Apache app...
12:51:59 PM  [Apache] 	Status change detected: running
1:09:41 AM  [Apache] 	Attempting to stop Apache (PID: 6888)
1:09:41 AM  [Apache] 	Attempting to stop Apache (PID: 11192)
1:09:41 AM  [Apache] 	Status change detected: stopped
1:09:41 AM  [mysql] 	Attempting to stop MySQL app...
1:09:41 AM  [mysql] 	Status change detected: stopped
1:26:40 AM  [main] 	Deinitializing Modules
1:26:40 AM  [main] 	Deinitializing Control Panel

1:23:43 PM  [main] 	Initializing Control Panel
1:23:43 PM  [main] 	Windows Version:  Home  64-bit
1:23:43 PM  [main] 	XAMPP Version: 7.3.10
1:23:43 PM  [main] 	Control Panel Version: 3.2.4  [ Compiled: Jun 5th 2019 ]
1:23:43 PM  [main] 	You are not running with administrator rights! This will work for
1:23:43 PM  [main] 	most application stuff but whenever you do something with services
1:23:43 PM  [main] 	there will be a security dialogue or things will break! So think 
1:23:43 PM  [main] 	about running this application with administrator rights!
1:23:43 PM  [main] 	XAMPP Installation Directory: "d:\php-banking-project\"
1:23:43 PM  [main] 	Checking for prerequisites
1:23:43 PM  [main] 	All prerequisites found
1:23:43 PM  [main] 	Initializing Modules
1:23:43 PM  [main] 	Starting Check-Timer
1:23:43 PM  [main] 	Control Panel Ready
1:23:46 PM  [Apache] 	Attempting to start Apache app...
1:23:46 PM  [Apache] 	Status change detected: running
1:23:46 PM  [mysql] 	Attempting to start MySQL app...
1:23:46 PM  [mysql] 	Status change detected: running
1:24:11 PM  [main] 	Executing "d:\php-banking-project\"
1:24:59 PM  [main] 	Executing "d:\php-banking-project\"
1:27:56 PM  [Apache] 	Attempting to stop Apache (PID: 13040)
1:27:56 PM  [Apache] 	Attempting to stop Apache (PID: 17472)
1:27:56 PM  [Apache] 	Status change detected: stopped
1:27:56 PM  [mysql] 	Attempting to stop MySQL app...
1:27:56 PM  [mysql] 	Status change detected: stopped
1:32:50 PM  [Apache] 	Status change detected: running
1:32:50 PM  [mysql] 	Status change detected: running
1:38:13 PM  [Apache] 	Status change detected: stopped
1:38:13 PM  [mysql] 	Status change detected: stopped
1:38:29 PM  [main] 	Deinitializing Modules
1:38:29 PM  [main] 	Deinitializing Control Panel

1:32:48 PM  [main] 	Initializing Control Panel
1:32:48 PM  [main] 	Windows Version:  Home  64-bit
1:32:48 PM  [main] 	XAMPP Version: 7.3.10
1:32:48 PM  [main] 	Control Panel Version: 3.2.4  [ Compiled: Jun 5th 2019 ]
1:32:48 PM  [main] 	You are not running with administrator rights! This will work for
1:32:48 PM  [main] 	most application stuff but whenever you do something with services
1:32:48 PM  [main] 	there will be a security dialogue or things will break! So think 
1:32:48 PM  [main] 	about running this application with administrator rights!
1:32:48 PM  [main] 	XAMPP Installation Directory: "d:\php-banking-project\"
1:32:48 PM  [main] 	Checking for prerequisites
1:32:48 PM  [main] 	All prerequisites found
1:32:48 PM  [main] 	Initializing Modules
1:32:48 PM  [main] 	Starting Check-Timer
1:32:48 PM  [main] 	Control Panel Ready
1:32:50 PM  [Apache] 	Attempting to start Apache app...
1:32:50 PM  [Apache] 	Status change detected: running
1:32:50 PM  [mysql] 	Attempting to start MySQL app...
1:32:50 PM  [mysql] 	Status change detected: running
1:38:13 PM  [Apache] 	Attempting to stop Apache (PID: 13352)
1:38:13 PM  [Apache] 	Attempting to stop Apache (PID: 12548)
1:38:13 PM  [Apache] 	Status change detected: stopped
1:38:13 PM  [mysql] 	Attempting to stop MySQL app...
1:38:14 PM  [mysql] 	Status change detected: stopped
1:38:30 PM  [main] 	Deinitializing Modules
1:38:30 PM  [main] 	Deinitializing Control Panel

1:39:33 PM  [main] 	Initializing Control Panel
1:39:33 PM  [main] 	Windows Version:  Home  64-bit
1:39:33 PM  [main] 	XAMPP Version: 7.3.10
1:39:33 PM  [main] 	Control Panel Version: 3.2.4  [ Compiled: Jun 5th 2019 ]
1:39:33 PM  [main] 	You are not running with administrator rights! This will work for
1:39:33 PM  [main] 	most application stuff but whenever you do something with services
1:39:33 PM  [main] 	there will be a security dialogue or things will break! So think 
1:39:33 PM  [main] 	about running this application with administrator rights!
1:39:33 PM  [main] 	XAMPP Installation Directory: "d:\php-banking-project\"
1:39:33 PM  [main] 	Checking for prerequisites
1:39:33 PM  [main] 	All prerequisites found
1:39:33 PM  [main] 	Initializing Modules
1:39:33 PM  [main] 	Starting Check-Timer
1:39:33 PM  [main] 	Control Panel Ready
1:39:35 PM  [Apache] 	Attempting to start Apache app...
1:39:35 PM  [mysql] 	Attempting to start MySQL app...
1:39:35 PM  [Apache] 	Status change detected: running
1:39:35 PM  [mysql] 	Status change detected: running
2:13:05 PM  [main] 	Executing "d:\php-banking-project\"
2:54:51 PM  [Apache] 	Attempting to stop Apache (PID: 8636)
2:54:51 PM  [Apache] 	Attempting to stop Apache (PID: 20096)
2:54:52 PM  [mysql] 	Attempting to stop MySQL app...
2:54:52 PM  [Apache] 	Status change detected: stopped
2:54:52 PM  [mysql] 	Status change detected: stopped
2:54:54 PM  [main] 	Executing "d:\php-banking-project\"
2:54:58 PM  [main] 	Deinitializing Modules
2:54:58 PM  [main] 	Deinitializing Control Panel

2:56:17 PM  [main] 	Initializing Control Panel
2:56:17 PM  [main] 	Windows Version:  Home  64-bit
2:56:17 PM  [main] 	XAMPP Version: 7.3.10
2:56:17 PM  [main] 	Control Panel Version: 3.2.4  [ Compiled: Jun 5th 2019 ]
2:56:17 PM  [main] 	You are not running with administrator rights! This will work for
2:56:17 PM  [main] 	most application stuff but whenever you do something with services
2:56:17 PM  [main] 	there will be a security dialogue or things will break! So think 
2:56:17 PM  [main] 	about running this application with administrator rights!
2:56:17 PM  [main] 	XAMPP Installation Directory: "d:\php-banking-project\"
2:56:17 PM  [main] 	Checking for prerequisites
2:56:17 PM  [main] 	All prerequisites found
2:56:17 PM  [main] 	Initializing Modules
2:56:17 PM  [main] 	Starting Check-Timer
2:56:17 PM  [main] 	Control Panel Ready
2:56:18 PM  [Apache] 	Attempting to start Apache app...
2:56:18 PM  [mysql] 	Attempting to start MySQL app...
2:56:18 PM  [Apache] 	Status change detected: running
2:56:18 PM  [mysql] 	Status change detected: running
3:41:04 PM  [Apache] 	Attempting to stop Apache (PID: 17856)
3:41:04 PM  [Apache] 	Attempting to stop Apache (PID: 21044)
3:41:04 PM  [Apache] 	Status change detected: stopped
3:41:04 PM  [mysql] 	Attempting to stop MySQL app...
3:41:04 PM  [mysql] 	Status change detected: stopped
3:41:05 PM  [main] 	Executing "d:\php-banking-project\"
3:43:11 PM  [Apache] 	Status change detected: running
3:43:11 PM  [mysql] 	Status change detected: running
4:37:51 PM  [Apache] 	Status change detected: stopped
4:37:51 PM  [mysql] 	Status change detected: stopped
4:38:37 PM  [Apache] 	Status change detected: running
4:38:37 PM  [mysql] 	Status change detected: running
4:39:47 PM  [Apache] 	Status change detected: stopped
4:39:48 PM  [Apache] 	Status change detected: running
5:46:19 PM  [Apache] 	Status change detected: stopped
5:46:21 PM  [Apache] 	Status change detected: running
6:07:25 PM  [Apache] 	Status change detected: stopped
6:07:26 PM  [mysql] 	Status change detected: stopped
6:10:41 PM  [Apache] 	Status change detected: running
6:10:41 PM  [mysql] 	Status change detected: running
6:39:24 PM  [Apache] 	Status change detected: stopped
6:39:24 PM  [mysql] 	Status change detected: stopped
6:50:17 PM  [Apache] 	Status change detected: running
6:50:18 PM  [mysql] 	Status change detected: running
6:52:32 PM  [mysql] 	Status change detected: stopped
6:52:33 PM  [Apache] 	Status change detected: stopped
6:55:22 PM  [Apache] 	Status change detected: running
6:55:22 PM  [mysql] 	Status change detected: running
6:56:14 PM  [Apache] 	Status change detected: stopped
6:56:14 PM  [mysql] 	Status change detected: stopped
6:57:50 PM  [main] 	Deinitializing Modules
6:57:50 PM  [main] 	Deinitializing Control Panel

6:55:21 PM  [main] 	Initializing Control Panel
6:55:21 PM  [main] 	Windows Version:  Home  64-bit
6:55:21 PM  [main] 	XAMPP Version: 7.3.10
6:55:21 PM  [main] 	Control Panel Version: 3.2.4  [ Compiled: Jun 5th 2019 ]
6:55:21 PM  [main] 	You are not running with administrator rights! This will work for
6:55:21 PM  [main] 	most application stuff but whenever you do something with services
6:55:21 PM  [main] 	there will be a security dialogue or things will break! So think 
6:55:21 PM  [main] 	about running this application with administrator rights!
6:55:21 PM  [main] 	XAMPP Installation Directory: "d:\php-banking-project\"
6:55:21 PM  [main] 	Checking for prerequisites
6:55:21 PM  [main] 	All prerequisites found
6:55:21 PM  [main] 	Initializing Modules
6:55:21 PM  [main] 	Starting Check-Timer
6:55:21 PM  [main] 	Control Panel Ready
6:55:22 PM  [Apache] 	Attempting to start Apache app...
6:55:22 PM  [Apache] 	Status change detected: running
6:55:22 PM  [mysql] 	Attempting to start MySQL app...
6:55:23 PM  [mysql] 	Status change detected: running
6:56:14 PM  [Apache] 	Attempting to stop Apache (PID: 7112)
6:56:14 PM  [Apache] 	Attempting to stop Apache (PID: 5384)
6:56:14 PM  [mysql] 	Attempting to stop MySQL app...
6:56:14 PM  [Apache] 	Status change detected: stopped
6:56:14 PM  [mysql] 	Status change detected: stopped
6:57:50 PM  [main] 	Deinitializing Modules
6:57:50 PM  [main] 	Deinitializing Control Panel

6:50:16 PM  [main] 	Initializing Control Panel
6:50:16 PM  [main] 	Windows Version:  Home  64-bit
6:50:16 PM  [main] 	XAMPP Version: 7.3.10
6:50:16 PM  [main] 	Control Panel Version: 3.2.4  [ Compiled: Jun 5th 2019 ]
6:50:16 PM  [main] 	You are not running with administrator rights! This will work for
6:50:16 PM  [main] 	most application stuff but whenever you do something with services
6:50:16 PM  [main] 	there will be a security dialogue or things will break! So think 
6:50:16 PM  [main] 	about running this application with administrator rights!
6:50:16 PM  [main] 	XAMPP Installation Directory: "d:\php-banking-project\"
6:50:16 PM  [main] 	Checking for prerequisites
6:50:16 PM  [main] 	All prerequisites found
6:50:16 PM  [main] 	Initializing Modules
6:50:16 PM  [main] 	Starting Check-Timer
6:50:16 PM  [main] 	Control Panel Ready
6:50:17 PM  [Apache] 	Attempting to start Apache app...
6:50:17 PM  [Apache] 	Status change detected: running
6:50:18 PM  [mysql] 	Attempting to start MySQL app...
6:50:18 PM  [mysql] 	Status change detected: running
6:52:32 PM  [mysql] 	Attempting to stop MySQL app...
6:52:33 PM  [Apache] 	Attempting to stop Apache (PID: 21152)
6:52:33 PM  [Apache] 	Attempting to stop Apache (PID: 14696)
6:52:33 PM  [Apache] 	Status change detected: stopped
6:52:33 PM  [mysql] 	Status change detected: stopped
6:55:22 PM  [Apache] 	Status change detected: running
6:55:23 PM  [mysql] 	Status change detected: running
6:56:14 PM  [Apache] 	Status change detected: stopped
6:56:14 PM  [mysql] 	Status change detected: stopped
6:57:52 PM  [main] 	Deinitializing Modules
6:57:52 PM  [main] 	Deinitializing Control Panel

6:10:39 PM  [main] 	Initializing Control Panel
6:10:39 PM  [main] 	Windows Version:  Home  64-bit
6:10:39 PM  [main] 	XAMPP Version: 7.3.10
6:10:39 PM  [main] 	Control Panel Version: 3.2.4  [ Compiled: Jun 5th 2019 ]
6:10:39 PM  [main] 	You are not running with administrator rights! This will work for
6:10:39 PM  [main] 	most application stuff but whenever you do something with services
6:10:39 PM  [main] 	there will be a security dialogue or things will break! So think 
6:10:39 PM  [main] 	about running this application with administrator rights!
6:10:39 PM  [main] 	XAMPP Installation Directory: "d:\php-banking-project\"
6:10:39 PM  [main] 	Checking for prerequisites
6:10:39 PM  [main] 	All prerequisites found
6:10:39 PM  [main] 	Initializing Modules
6:10:39 PM  [main] 	Starting Check-Timer
6:10:39 PM  [main] 	Control Panel Ready
6:10:41 PM  [Apache] 	Attempting to start Apache app...
6:10:41 PM  [Apache] 	Status change detected: running
6:10:41 PM  [mysql] 	Attempting to start MySQL app...
6:10:41 PM  [mysql] 	Status change detected: running
6:39:24 PM  [Apache] 	Attempting to stop Apache (PID: 22672)
6:39:24 PM  [Apache] 	Attempting to stop Apache (PID: 18616)
6:39:24 PM  [Apache] 	Status change detected: stopped
6:39:24 PM  [mysql] 	Attempting to stop MySQL app...
6:39:24 PM  [mysql] 	Status change detected: stopped
6:50:17 PM  [Apache] 	Status change detected: running
6:50:18 PM  [mysql] 	Status change detected: running
6:52:33 PM  [Apache] 	Status change detected: stopped
6:52:33 PM  [mysql] 	Status change detected: stopped
6:55:22 PM  [Apache] 	Status change detected: running
6:55:23 PM  [mysql] 	Status change detected: running
6:56:14 PM  [Apache] 	Status change detected: stopped
6:56:14 PM  [mysql] 	Status change detected: stopped
6:57:52 PM  [main] 	Deinitializing Modules
6:57:52 PM  [main] 	Deinitializing Control Panel

3:43:09 PM  [main] 	Initializing Control Panel
3:43:09 PM  [main] 	Windows Version:  Home  64-bit
3:43:09 PM  [main] 	XAMPP Version: 7.3.10
3:43:09 PM  [main] 	Control Panel Version: 3.2.4  [ Compiled: Jun 5th 2019 ]
3:43:09 PM  [main] 	You are not running with administrator rights! This will work for
3:43:09 PM  [main] 	most application stuff but whenever you do something with services
3:43:09 PM  [main] 	there will be a security dialogue or things will break! So think 
3:43:09 PM  [main] 	about running this application with administrator rights!
3:43:09 PM  [main] 	XAMPP Installation Directory: "d:\php-banking-project\"
3:43:09 PM  [main] 	Checking for prerequisites
3:43:09 PM  [main] 	All prerequisites found
3:43:09 PM  [main] 	Initializing Modules
3:43:09 PM  [main] 	Starting Check-Timer
3:43:09 PM  [main] 	Control Panel Ready
3:43:11 PM  [Apache] 	Attempting to start Apache app...
3:43:11 PM  [mysql] 	Attempting to start MySQL app...
3:43:11 PM  [Apache] 	Status change detected: running
3:43:11 PM  [mysql] 	Status change detected: running
4:37:51 PM  [Apache] 	Attempting to stop Apache (PID: 6012)
4:37:51 PM  [Apache] 	Attempting to stop Apache (PID: 5088)
4:37:51 PM  [Apache] 	Status change detected: stopped
4:37:51 PM  [mysql] 	Attempting to stop MySQL app...
4:37:52 PM  [mysql] 	Status change detected: stopped
4:38:37 PM  [Apache] 	Status change detected: running
4:38:37 PM  [mysql] 	Status change detected: running
4:39:47 PM  [Apache] 	Status change detected: stopped
4:39:48 PM  [Apache] 	Status change detected: running
5:46:19 PM  [Apache] 	Status change detected: stopped
5:46:22 PM  [Apache] 	Status change detected: running
6:07:26 PM  [Apache] 	Status change detected: stopped
6:07:26 PM  [mysql] 	Status change detected: stopped
6:10:41 PM  [Apache] 	Status change detected: running
6:10:41 PM  [mysql] 	Status change detected: running
6:39:24 PM  [Apache] 	Status change detected: stopped
6:39:24 PM  [mysql] 	Status change detected: stopped
6:50:18 PM  [Apache] 	Status change detected: running
6:50:18 PM  [mysql] 	Status change detected: running
6:52:33 PM  [mysql] 	Status change detected: stopped
6:52:33 PM  [Apache] 	Status change detected: stopped
6:55:22 PM  [Apache] 	Status change detected: running
6:55:23 PM  [mysql] 	Status change detected: running
6:56:14 PM  [Apache] 	Status change detected: stopped
6:56:14 PM  [mysql] 	Status change detected: stopped
6:57:53 PM  [main] 	Deinitializing Modules
6:57:53 PM  [main] 	Deinitializing Control Panel

4:38:35 PM  [main] 	Initializing Control Panel
4:38:35 PM  [main] 	Windows Version:  Home  64-bit
4:38:35 PM  [main] 	XAMPP Version: 7.3.10
4:38:35 PM  [main] 	Control Panel Version: 3.2.4  [ Compiled: Jun 5th 2019 ]
4:38:35 PM  [main] 	You are not running with administrator rights! This will work for
4:38:35 PM  [main] 	most application stuff but whenever you do something with services
4:38:35 PM  [main] 	there will be a security dialogue or things will break! So think 
4:38:35 PM  [main] 	about running this application with administrator rights!
4:38:35 PM  [main] 	XAMPP Installation Directory: "d:\php-banking-project\"
4:38:35 PM  [main] 	Checking for prerequisites
4:38:35 PM  [main] 	All prerequisites found
4:38:35 PM  [main] 	Initializing Modules
4:38:35 PM  [main] 	Starting Check-Timer
4:38:35 PM  [main] 	Control Panel Ready
4:38:37 PM  [Apache] 	Attempting to start Apache app...
4:38:37 PM  [Apache] 	Status change detected: running
4:38:37 PM  [mysql] 	Attempting to start MySQL app...
4:38:37 PM  [mysql] 	Status change detected: running
4:39:47 PM  [Apache] 	Attempting to stop Apache (PID: 21984)
4:39:47 PM  [Apache] 	Attempting to stop Apache (PID: 11752)
4:39:47 PM  [Apache] 	Status change detected: stopped
4:39:48 PM  [Apache] 	Attempting to start Apache app...
4:39:48 PM  [Apache] 	Status change detected: running
5:46:19 PM  [Apache] 	Attempting to stop Apache (PID: 16140)
5:46:19 PM  [Apache] 	Attempting to stop Apache (PID: 18116)
5:46:19 PM  [Apache] 	Attempting to stop Apache (PID: 16140)
5:46:19 PM  [Apache] 	Problem killing PID 16140
5:46:19 PM  [Apache] 	Check that you have the proper privileges
5:46:19 PM  [Apache] 	Attempting to stop Apache (PID: 18116)
5:46:19 PM  [Apache] 	Problem killing PID 18116
5:46:19 PM  [Apache] 	Check that you have the proper privileges
5:46:19 PM  [Apache] 	Status change detected: stopped
5:46:21 PM  [Apache] 	Attempting to start Apache app...
5:46:21 PM  [Apache] 	Status change detected: running
6:07:25 PM  [Apache] 	Attempting to stop Apache (PID: 3000)
6:07:25 PM  [Apache] 	Attempting to stop Apache (PID: 21672)
6:07:25 PM  [Apache] 	Status change detected: stopped
6:07:26 PM  [mysql] 	Attempting to stop MySQL app...
6:07:26 PM  [mysql] 	Status change detected: stopped
6:10:41 PM  [Apache] 	Status change detected: running
6:10:41 PM  [mysql] 	Status change detected: running
6:39:24 PM  [Apache] 	Status change detected: stopped
6:39:24 PM  [mysql] 	Status change detected: stopped
6:50:17 PM  [Apache] 	Status change detected: running
6:50:18 PM  [mysql] 	Status change detected: running
6:52:32 PM  [mysql] 	Status change detected: stopped
6:52:33 PM  [Apache] 	Status change detected: stopped
6:55:22 PM  [Apache] 	Status change detected: running
6:55:22 PM  [mysql] 	Status change detected: running
6:56:14 PM  [Apache] 	Status change detected: stopped
6:56:14 PM  [mysql] 	Status change detected: stopped
6:57:55 PM  [main] 	Deinitializing Modules
6:57:55 PM  [main] 	Deinitializing Control Panel

6:58:11 PM  [main] 	Initializing Control Panel
6:58:11 PM  [main] 	Windows Version:  Home  64-bit
6:58:11 PM  [main] 	XAMPP Version: 7.3.10
6:58:11 PM  [main] 	Control Panel Version: 3.2.4  [ Compiled: Jun 5th 2019 ]
6:58:11 PM  [main] 	You are not running with administrator rights! This will work for
6:58:11 PM  [main] 	most application stuff but whenever you do something with services
6:58:11 PM  [main] 	there will be a security dialogue or things will break! So think 
6:58:11 PM  [main] 	about running this application with administrator rights!
6:58:11 PM  [main] 	XAMPP Installation Directory: "d:\php-banking-project\"
6:58:11 PM  [main] 	Checking for prerequisites
6:58:11 PM  [main] 	All prerequisites found
6:58:11 PM  [main] 	Initializing Modules
6:58:11 PM  [main] 	Starting Check-Timer
6:58:11 PM  [main] 	Control Panel Ready
6:58:12 PM  [Apache] 	Attempting to start Apache app...
6:58:12 PM  [Apache] 	Status change detected: running
6:58:12 PM  [mysql] 	Attempting to start MySQL app...
6:58:13 PM  [mysql] 	Status change detected: running
7:01:07 PM  [Apache] 	Attempting to stop Apache (PID: 17036)
7:01:07 PM  [Apache] 	Attempting to stop Apache (PID: 21864)
7:01:07 PM  [Apache] 	Status change detected: stopped
7:01:07 PM  [mysql] 	Attempting to stop MySQL app...
7:01:07 PM  [mysql] 	Status change detected: stopped
7:01:10 PM  [main] 	Deinitializing Modules
7:01:10 PM  [main] 	Deinitializing Control Panel

1:07:01 PM  [main] 	Initializing Control Panel
1:07:01 PM  [main] 	Windows Version:  Home  64-bit
1:07:01 PM  [main] 	XAMPP Version: 7.3.10
1:07:01 PM  [main] 	Control Panel Version: 3.2.4  [ Compiled: Jun 5th 2019 ]
1:07:01 PM  [main] 	You are not running with administrator rights! This will work for
1:07:01 PM  [main] 	most application stuff but whenever you do something with services
1:07:01 PM  [main] 	there will be a security dialogue or things will break! So think 
1:07:01 PM  [main] 	about running this application with administrator rights!
1:07:01 PM  [main] 	XAMPP Installation Directory: "d:\php-banking-project\"
1:07:01 PM  [main] 	Checking for prerequisites
1:07:04 PM  [main] 	All prerequisites found
1:07:04 PM  [main] 	Initializing Modules
1:07:04 PM  [main] 	Starting Check-Timer
1:07:04 PM  [main] 	Control Panel Ready
1:07:06 PM  [Apache] 	Attempting to start Apache app...
1:07:07 PM  [Apache] 	Status change detected: running
1:07:07 PM  [mysql] 	Attempting to start MySQL app...
1:07:08 PM  [mysql] 	Status change detected: running
1:47:38 PM  [Apache] 	Attempting to stop Apache (PID: 15204)
1:47:38 PM  [Apache] 	Attempting to stop Apache (PID: 2484)
1:47:38 PM  [Apache] 	Status change detected: stopped
1:47:38 PM  [mysql] 	Attempting to stop MySQL app...
1:47:39 PM  [mysql] 	Status change detected: stopped
1:47:50 PM  [main] 	Deinitializing Modules
1:47:50 PM  [main] 	Deinitializing Control Panel

