[10/Dec/2019:13:07:24 -0500] ::1 TLSv1.3 TLS_AES_256_GCM_SHA384 "GET / HTTP/1.1" 3722
[10/Dec/2019:13:07:24 -0500] ::1 TLSv1.3 TLS_AES_256_GCM_SHA384 "GET /css/user/userNavBar.css HTTP/1.1" 2801
[10/Dec/2019:13:07:24 -0500] ::1 TLSv1.3 TLS_AES_256_GCM_SHA384 "GET /css/home/index.css HTTP/1.1" 1760
[10/Dec/2019:13:07:24 -0500] ::1 TLSv1.3 TLS_AES_256_GCM_SHA384 "GET /images/TheBank_Logo_Transparent.png HTTP/1.1" 19534
[10/Dec/2019:13:07:24 -0500] ::1 TLSv1.3 TLS_AES_256_GCM_SHA384 "GET / HTTP/1.1" 3722
[10/Dec/2019:13:07:24 -0500] ::1 TLSv1.3 TLS_AES_256_GCM_SHA384 "GET /css/user/userNavBar.css HTTP/1.1" 2801
[10/Dec/2019:13:07:24 -0500] ::1 TLSv1.3 TLS_AES_256_GCM_SHA384 "GET /css/home/index.css HTTP/1.1" 1760
[10/Dec/2019:13:07:24 -0500] ::1 TLSv1.3 TLS_AES_256_GCM_SHA384 "GET /images/TheBank_Logo_Transparent.png HTTP/1.1" 19534
[10/Dec/2019:13:07:24 -0500] ::1 TLSv1.3 TLS_AES_256_GCM_SHA384 "GET /favicon.ico HTTP/1.1" 3722
[10/Dec/2019:13:07:29 -0500] ::1 TLSv1.3 TLS_AES_256_GCM_SHA384 "GET /message/listMessages HTTP/1.1" 3613
[10/Dec/2019:13:07:29 -0500] ::1 TLSv1.3 TLS_AES_256_GCM_SHA384 "GET /css/home/msg.css HTTP/1.1" 2813
[10/Dec/2019:13:07:29 -0500] ::1 TLSv1.3 TLS_AES_256_GCM_SHA384 "GET /favicon.ico HTTP/1.1" 3722
[10/Dec/2019:13:07:32 -0500] ::1 TLSv1.3 TLS_AES_256_GCM_SHA384 "GET /home/index HTTP/1.1" 3722
[10/Dec/2019:13:07:32 -0500] ::1 TLSv1.3 TLS_AES_256_GCM_SHA384 "GET /favicon.ico HTTP/1.1" 3722
[10/Dec/2019:14:45:52 -0500] ::1 TLSv1.3 TLS_AES_256_GCM_SHA384 "GET / HTTP/1.1" 3722
[10/Dec/2019:14:45:52 -0500] ::1 TLSv1.3 TLS_AES_256_GCM_SHA384 "GET /css/user/userNavBar.css HTTP/1.1" 2801
[10/Dec/2019:14:45:52 -0500] ::1 TLSv1.3 TLS_AES_256_GCM_SHA384 "GET /images/TheBank_Logo_Transparent.png HTTP/1.1" 19534
[10/Dec/2019:14:45:52 -0500] ::1 TLSv1.3 TLS_AES_256_GCM_SHA384 "GET /css/home/index.css HTTP/1.1" 1760
[10/Dec/2019:14:45:52 -0500] ::1 TLSv1.3 TLS_AES_256_GCM_SHA384 "GET / HTTP/1.1" 3722
[10/Dec/2019:14:45:52 -0500] ::1 TLSv1.3 TLS_AES_256_GCM_SHA384 "GET /css/user/userNavBar.css HTTP/1.1" 2801
[10/Dec/2019:14:45:52 -0500] ::1 TLSv1.3 TLS_AES_256_GCM_SHA384 "GET /css/home/index.css HTTP/1.1" 1760
[10/Dec/2019:14:45:52 -0500] ::1 TLSv1.3 TLS_AES_256_GCM_SHA384 "GET /images/TheBank_Logo_Transparent.png HTTP/1.1" 19534
[10/Dec/2019:14:45:52 -0500] ::1 TLSv1.3 TLS_AES_256_GCM_SHA384 "GET /favicon.ico HTTP/1.1" 3722
[10/Dec/2019:14:45:54 -0500] ::1 TLSv1.3 TLS_AES_256_GCM_SHA384 "GET /user/logout HTTP/1.1" -
[10/Dec/2019:14:45:54 -0500] ::1 TLSv1.3 TLS_AES_256_GCM_SHA384 "GET /home/login HTTP/1.1" 686
[10/Dec/2019:14:45:54 -0500] ::1 TLSv1.3 TLS_AES_256_GCM_SHA384 "GET /css/home/welcome.css HTTP/1.1" 1283
[10/Dec/2019:14:45:54 -0500] ::1 TLSv1.3 TLS_AES_256_GCM_SHA384 "GET /images/TheBank_Logo.png HTTP/1.1" 15048
[10/Dec/2019:14:45:54 -0500] ::1 TLSv1.3 TLS_AES_256_GCM_SHA384 "GET /images/Montreal.jpg HTTP/1.1" 1576854
[10/Dec/2019:14:45:54 -0500] ::1 TLSv1.3 TLS_AES_256_GCM_SHA384 "GET /favicon.ico HTTP/1.1" 686
[10/Dec/2019:14:45:56 -0500] ::1 TLSv1.3 TLS_AES_256_GCM_SHA384 "GET /user/login HTTP/1.1" 983
[10/Dec/2019:14:45:56 -0500] ::1 TLSv1.3 TLS_AES_256_GCM_SHA384 "GET /css/user/login.css HTTP/1.1" 1207
[10/Dec/2019:14:45:56 -0500] ::1 TLSv1.3 TLS_AES_256_GCM_SHA384 "GET /images/Montreal3.jpg HTTP/1.1" 417550
[10/Dec/2019:14:45:56 -0500] ::1 TLSv1.3 TLS_AES_256_GCM_SHA384 "GET /favicon.ico HTTP/1.1" 686
[10/Dec/2019:14:46:14 -0500] ::1 TLSv1.3 TLS_AES_256_GCM_SHA384 "POST /user/login HTTP/1.1" 985
[10/Dec/2019:14:46:15 -0500] ::1 TLSv1.3 TLS_AES_256_GCM_SHA384 "GET /admin/index HTTP/1.1" 864
[10/Dec/2019:14:46:15 -0500] ::1 TLSv1.3 TLS_AES_256_GCM_SHA384 "GET /css/adminLevel_1/index.css HTTP/1.1" 1101
[10/Dec/2019:14:46:15 -0500] ::1 TLSv1.3 TLS_AES_256_GCM_SHA384 "GET /images/admin.png HTTP/1.1" 28206
[10/Dec/2019:14:46:15 -0500] ::1 TLSv1.3 TLS_AES_256_GCM_SHA384 "GET /images/admin_background.jpg HTTP/1.1" 4923013
[10/Dec/2019:14:46:15 -0500] ::1 TLSv1.3 TLS_AES_256_GCM_SHA384 "GET /favicon.ico HTTP/1.1" 864
[10/Dec/2019:14:46:16 -0500] ::1 TLSv1.3 TLS_AES_256_GCM_SHA384 "GET /admin/registerAdmin HTTP/1.1" 1631
[10/Dec/2019:14:46:16 -0500] ::1 TLSv1.3 TLS_AES_256_GCM_SHA384 "GET /css/adminLevel_1/register_admin.css HTTP/1.1" 1312
[10/Dec/2019:14:46:16 -0500] ::1 TLSv1.3 TLS_AES_256_GCM_SHA384 "GET /images/addAdmin.png HTTP/1.1" 16447
[10/Dec/2019:14:46:16 -0500] ::1 TLSv1.3 TLS_AES_256_GCM_SHA384 "GET /favicon.ico HTTP/1.1" 864
[10/Dec/2019:14:46:21 -0500] ::1 TLSv1.3 TLS_AES_256_GCM_SHA384 "POST /admin/registerAdmin HTTP/1.1" 1631
[10/Dec/2019:14:46:22 -0500] ::1 TLSv1.3 TLS_AES_256_GCM_SHA384 "GET /admin/listAllAdmin1 HTTP/1.1" 1918
[10/Dec/2019:14:46:22 -0500] ::1 TLSv1.3 TLS_AES_256_GCM_SHA384 "GET /css/adminLevel_1/list_admin.css HTTP/1.1" 910
[10/Dec/2019:14:46:22 -0500] ::1 TLSv1.3 TLS_AES_256_GCM_SHA384 "GET /favicon.ico HTTP/1.1" 864
[10/Dec/2019:14:46:28 -0500] ::1 TLSv1.3 TLS_AES_256_GCM_SHA384 "GET /admin/deleteAdminAccount1?Admin_id=6 HTTP/1.1" 639
[10/Dec/2019:14:46:28 -0500] ::1 TLSv1.3 TLS_AES_256_GCM_SHA384 "GET /css/adminLevel_1/delete_admin.css HTTP/1.1" 864
[10/Dec/2019:14:46:28 -0500] ::1 TLSv1.3 TLS_AES_256_GCM_SHA384 "GET /images/admin.png HTTP/1.1" 28206
[10/Dec/2019:14:46:28 -0500] ::1 TLSv1.3 TLS_AES_256_GCM_SHA384 "GET /favicon.ico HTTP/1.1" 864
[10/Dec/2019:14:46:29 -0500] ::1 TLSv1.3 TLS_AES_256_GCM_SHA384 "POST /admin/deleteAdminAccount1?Admin_id=6 HTTP/1.1" 639
[10/Dec/2019:14:46:29 -0500] ::1 TLSv1.3 TLS_AES_256_GCM_SHA384 "GET /admin/listAllAdmin1 HTTP/1.1" 1918
[10/Dec/2019:14:46:29 -0500] ::1 TLSv1.3 TLS_AES_256_GCM_SHA384 "GET /css/adminLevel_1/list_admin.css HTTP/1.1" 910
[10/Dec/2019:14:46:30 -0500] ::1 TLSv1.3 TLS_AES_256_GCM_SHA384 "GET /favicon.ico HTTP/1.1" 864
[10/Dec/2019:14:50:41 -0500] ::1 TLSv1.3 TLS_AES_256_GCM_SHA384 "GET / HTTP/1.1" 864
[10/Dec/2019:14:50:41 -0500] ::1 TLSv1.3 TLS_AES_256_GCM_SHA384 "GET /css/adminLevel_1/index.css HTTP/1.1" 1101
[10/Dec/2019:14:50:41 -0500] ::1 TLSv1.3 TLS_AES_256_GCM_SHA384 "GET /images/admin.png HTTP/1.1" 28206
[10/Dec/2019:14:50:41 -0500] ::1 TLSv1.3 TLS_AES_256_GCM_SHA384 "GET / HTTP/1.1" 864
[10/Dec/2019:14:50:41 -0500] ::1 TLSv1.3 TLS_AES_256_GCM_SHA384 "GET /css/adminLevel_1/index.css HTTP/1.1" 1101
[10/Dec/2019:14:50:41 -0500] ::1 TLSv1.3 TLS_AES_256_GCM_SHA384 "GET /images/admin.png HTTP/1.1" 28206
[10/Dec/2019:14:50:41 -0500] ::1 TLSv1.3 TLS_AES_256_GCM_SHA384 "GET /images/admin_background.jpg HTTP/1.1" 4923013
[10/Dec/2019:14:50:41 -0500] ::1 TLSv1.3 TLS_AES_256_GCM_SHA384 "GET /favicon.ico HTTP/1.1" 864
[10/Dec/2019:14:50:43 -0500] ::1 TLSv1.3 TLS_AES_256_GCM_SHA384 "GET /admin/registerAdmin HTTP/1.1" 1631
[10/Dec/2019:14:50:43 -0500] ::1 TLSv1.3 TLS_AES_256_GCM_SHA384 "GET /css/adminLevel_1/register_admin.css HTTP/1.1" 1312
[10/Dec/2019:14:50:43 -0500] ::1 TLSv1.3 TLS_AES_256_GCM_SHA384 "GET /images/addAdmin.png HTTP/1.1" 16447
[10/Dec/2019:14:50:43 -0500] ::1 TLSv1.3 TLS_AES_256_GCM_SHA384 "GET /favicon.ico HTTP/1.1" 864
[10/Dec/2019:14:50:44 -0500] ::1 TLSv1.3 TLS_AES_256_GCM_SHA384 "GET /admin/index HTTP/1.1" 864
[10/Dec/2019:14:50:44 -0500] ::1 TLSv1.3 TLS_AES_256_GCM_SHA384 "GET /favicon.ico HTTP/1.1" 864
[10/Dec/2019:14:50:46 -0500] ::1 TLSv1.3 TLS_AES_256_GCM_SHA384 "GET /admin/listAllAdmin1 HTTP/1.1" 193
[10/Dec/2019:14:50:46 -0500] ::1 TLSv1.3 TLS_AES_256_GCM_SHA384 "GET /favicon.ico HTTP/1.1" 864
[10/Dec/2019:14:51:14 -0500] ::1 TLSv1.3 TLS_AES_256_GCM_SHA384 "GET / HTTP/1.1" 864
[10/Dec/2019:14:51:14 -0500] ::1 TLSv1.3 TLS_AES_256_GCM_SHA384 "GET /css/adminLevel_1/index.css HTTP/1.1" 1101
[10/Dec/2019:14:51:14 -0500] ::1 TLSv1.3 TLS_AES_256_GCM_SHA384 "GET /images/admin.png HTTP/1.1" 28206
[10/Dec/2019:14:51:14 -0500] ::1 TLSv1.3 TLS_AES_256_GCM_SHA384 "GET / HTTP/1.1" 864
[10/Dec/2019:14:51:14 -0500] ::1 TLSv1.3 TLS_AES_256_GCM_SHA384 "GET /css/adminLevel_1/index.css HTTP/1.1" 1101
[10/Dec/2019:14:51:14 -0500] ::1 TLSv1.3 TLS_AES_256_GCM_SHA384 "GET /images/admin.png HTTP/1.1" 28206
[10/Dec/2019:14:51:14 -0500] ::1 TLSv1.3 TLS_AES_256_GCM_SHA384 "GET /images/admin_background.jpg HTTP/1.1" 4923013
[10/Dec/2019:14:51:14 -0500] ::1 TLSv1.3 TLS_AES_256_GCM_SHA384 "GET /favicon.ico HTTP/1.1" 864
[10/Dec/2019:14:51:16 -0500] ::1 TLSv1.3 TLS_AES_256_GCM_SHA384 "GET /admin/listAllAdmin1 HTTP/1.1" 193
[10/Dec/2019:14:51:16 -0500] ::1 TLSv1.3 TLS_AES_256_GCM_SHA384 "GET /favicon.ico HTTP/1.1" 864
[10/Dec/2019:14:51:28 -0500] ::1 TLSv1.3 TLS_AES_256_GCM_SHA384 "GET /admin/listAllAdmin1 HTTP/1.1" 193
[10/Dec/2019:14:51:28 -0500] ::1 TLSv1.3 TLS_AES_256_GCM_SHA384 "GET /favicon.ico HTTP/1.1" 864
[10/Dec/2019:14:51:29 -0500] ::1 TLSv1.3 TLS_AES_256_GCM_SHA384 "GET /admin/listAllAdmin1 HTTP/1.1" 193
[10/Dec/2019:14:51:29 -0500] ::1 TLSv1.3 TLS_AES_256_GCM_SHA384 "GET /favicon.ico HTTP/1.1" 864
[10/Dec/2019:14:51:39 -0500] ::1 TLSv1.3 TLS_AES_256_GCM_SHA384 "GET /admin/listAllAdmin1 HTTP/1.1" 1926
[10/Dec/2019:14:51:39 -0500] ::1 TLSv1.3 TLS_AES_256_GCM_SHA384 "GET /css/adminLevel_1/list_admin.css HTTP/1.1" 910
[10/Dec/2019:14:51:39 -0500] ::1 TLSv1.3 TLS_AES_256_GCM_SHA384 "GET /favicon.ico HTTP/1.1" 864
[10/Dec/2019:14:51:40 -0500] ::1 TLSv1.3 TLS_AES_256_GCM_SHA384 "GET /admin/deleteAdminAccount1?Admin_id=6 HTTP/1.1" 639
[10/Dec/2019:14:51:40 -0500] ::1 TLSv1.3 TLS_AES_256_GCM_SHA384 "GET /css/adminLevel_1/delete_admin.css HTTP/1.1" 864
[10/Dec/2019:14:51:40 -0500] ::1 TLSv1.3 TLS_AES_256_GCM_SHA384 "GET /images/admin.png HTTP/1.1" 28206
[10/Dec/2019:14:51:40 -0500] ::1 TLSv1.3 TLS_AES_256_GCM_SHA384 "GET /favicon.ico HTTP/1.1" 864
[10/Dec/2019:14:51:41 -0500] ::1 TLSv1.3 TLS_AES_256_GCM_SHA384 "POST /admin/deleteAdminAccount1?Admin_id=6 HTTP/1.1" 639
[10/Dec/2019:14:51:41 -0500] ::1 TLSv1.3 TLS_AES_256_GCM_SHA384 "GET /admin/listAllAdmin1 HTTP/1.1" 1926
[10/Dec/2019:14:51:41 -0500] ::1 TLSv1.3 TLS_AES_256_GCM_SHA384 "GET /favicon.ico HTTP/1.1" 864
[10/Dec/2019:14:52:01 -0500] ::1 TLSv1.3 TLS_AES_256_GCM_SHA384 "GET /admin/listAllAdmin1 HTTP/1.1" 1926
[10/Dec/2019:14:52:01 -0500] ::1 TLSv1.3 TLS_AES_256_GCM_SHA384 "GET /favicon.ico HTTP/1.1" 864
[10/Dec/2019:14:52:02 -0500] ::1 TLSv1.3 TLS_AES_256_GCM_SHA384 "GET /admin/deleteAdminAccount1?Admin_id=6 HTTP/1.1" 639
[10/Dec/2019:14:52:02 -0500] ::1 TLSv1.3 TLS_AES_256_GCM_SHA384 "GET /images/admin.png HTTP/1.1" 28206
[10/Dec/2019:14:52:02 -0500] ::1 TLSv1.3 TLS_AES_256_GCM_SHA384 "GET /css/adminLevel_1/delete_admin.css HTTP/1.1" 864
[10/Dec/2019:14:52:02 -0500] ::1 TLSv1.3 TLS_AES_256_GCM_SHA384 "GET /favicon.ico HTTP/1.1" 864
[10/Dec/2019:14:52:05 -0500] ::1 TLSv1.3 TLS_AES_256_GCM_SHA384 "POST /admin/deleteAdminAccount1?Admin_id=6 HTTP/1.1" 639
[10/Dec/2019:14:52:05 -0500] ::1 TLSv1.3 TLS_AES_256_GCM_SHA384 "GET /admin/listAllAdmin1 HTTP/1.1" 1926
[10/Dec/2019:14:52:05 -0500] ::1 TLSv1.3 TLS_AES_256_GCM_SHA384 "GET /favicon.ico HTTP/1.1" 864
[10/Dec/2019:14:52:07 -0500] ::1 TLSv1.3 TLS_AES_256_GCM_SHA384 "GET /admin/deleteAdminAccount1?Admin_id=6 HTTP/1.1" 639
[10/Dec/2019:14:52:07 -0500] ::1 TLSv1.3 TLS_AES_256_GCM_SHA384 "GET /css/adminLevel_1/delete_admin.css HTTP/1.1" 864
[10/Dec/2019:14:52:07 -0500] ::1 TLSv1.3 TLS_AES_256_GCM_SHA384 "GET /favicon.ico HTTP/1.1" 864
[10/Dec/2019:14:53:03 -0500] ::1 TLSv1.3 TLS_AES_256_GCM_SHA384 "POST /admin/deleteAdminAccount1?Admin_id=6 HTTP/1.1" 639
[10/Dec/2019:14:53:03 -0500] ::1 TLSv1.3 TLS_AES_256_GCM_SHA384 "GET /css/adminLevel_1/delete_admin.css HTTP/1.1" 864
[10/Dec/2019:14:53:03 -0500] ::1 TLSv1.3 TLS_AES_256_GCM_SHA384 "GET /favicon.ico HTTP/1.1" 864
[10/Dec/2019:14:53:04 -0500] ::1 TLSv1.3 TLS_AES_256_GCM_SHA384 "POST /admin/deleteAdminAccount1?Admin_id=6 HTTP/1.1" 639
[10/Dec/2019:14:53:04 -0500] ::1 TLSv1.3 TLS_AES_256_GCM_SHA384 "GET /css/adminLevel_1/delete_admin.css HTTP/1.1" 864
[10/Dec/2019:14:53:04 -0500] ::1 TLSv1.3 TLS_AES_256_GCM_SHA384 "GET /favicon.ico HTTP/1.1" 864
[10/Dec/2019:14:55:34 -0500] ::1 TLSv1.3 TLS_AES_256_GCM_SHA384 "GET / HTTP/1.1" 864
[10/Dec/2019:14:55:34 -0500] ::1 TLSv1.3 TLS_AES_256_GCM_SHA384 "GET /css/adminLevel_1/index.css HTTP/1.1" 1101
[10/Dec/2019:14:55:34 -0500] ::1 TLSv1.3 TLS_AES_256_GCM_SHA384 "GET /images/admin.png HTTP/1.1" 28206
[10/Dec/2019:14:55:34 -0500] ::1 TLSv1.3 TLS_AES_256_GCM_SHA384 "GET / HTTP/1.1" 864
[10/Dec/2019:14:55:34 -0500] ::1 TLSv1.3 TLS_AES_256_GCM_SHA384 "GET /css/adminLevel_1/index.css HTTP/1.1" 1101
[10/Dec/2019:14:55:34 -0500] ::1 TLSv1.3 TLS_AES_256_GCM_SHA384 "GET /images/admin.png HTTP/1.1" 28206
[10/Dec/2019:14:55:34 -0500] ::1 TLSv1.3 TLS_AES_256_GCM_SHA384 "GET /images/admin_background.jpg HTTP/1.1" 4923013
[10/Dec/2019:14:55:34 -0500] ::1 TLSv1.3 TLS_AES_256_GCM_SHA384 "GET /favicon.ico HTTP/1.1" 864
[10/Dec/2019:14:55:36 -0500] ::1 TLSv1.3 TLS_AES_256_GCM_SHA384 "GET /admin/listAllAdmin1 HTTP/1.1" 1926
[10/Dec/2019:14:55:36 -0500] ::1 TLSv1.3 TLS_AES_256_GCM_SHA384 "GET /css/adminLevel_1/list_admin.css HTTP/1.1" 910
[10/Dec/2019:14:55:36 -0500] ::1 TLSv1.3 TLS_AES_256_GCM_SHA384 "GET /favicon.ico HTTP/1.1" 864
[10/Dec/2019:14:55:38 -0500] ::1 TLSv1.3 TLS_AES_256_GCM_SHA384 "GET /admin/deleteAdminAccount1?Admin_id=6 HTTP/1.1" 639
[10/Dec/2019:14:55:38 -0500] ::1 TLSv1.3 TLS_AES_256_GCM_SHA384 "GET /css/adminLevel_1/delete_admin.css HTTP/1.1" 864
[10/Dec/2019:14:55:38 -0500] ::1 TLSv1.3 TLS_AES_256_GCM_SHA384 "GET /favicon.ico HTTP/1.1" 864
[10/Dec/2019:14:55:39 -0500] ::1 TLSv1.3 TLS_AES_256_GCM_SHA384 "POST /admin/deleteAdminAccount1?Admin_id=6 HTTP/1.1" 639
[10/Dec/2019:14:55:39 -0500] ::1 TLSv1.3 TLS_AES_256_GCM_SHA384 "GET /admin/listAllAdmin1 HTTP/1.1" 1926
[10/Dec/2019:14:55:40 -0500] ::1 TLSv1.3 TLS_AES_256_GCM_SHA384 "GET /favicon.ico HTTP/1.1" 864
[10/Dec/2019:14:55:47 -0500] ::1 TLSv1.3 TLS_AES_256_GCM_SHA384 "GET / HTTP/1.1" 864
[10/Dec/2019:14:55:47 -0500] ::1 TLSv1.3 TLS_AES_256_GCM_SHA384 "GET /css/adminLevel_1/index.css HTTP/1.1" 1101
[10/Dec/2019:14:55:47 -0500] ::1 TLSv1.3 TLS_AES_256_GCM_SHA384 "GET /images/admin.png HTTP/1.1" 28206
[10/Dec/2019:14:56:21 -0500] ::1 TLSv1.3 TLS_AES_256_GCM_SHA384 "GET /admin/listAllAdmin1 HTTP/1.1" 1926
[10/Dec/2019:14:56:21 -0500] ::1 TLSv1.3 TLS_AES_256_GCM_SHA384 "GET /favicon.ico HTTP/1.1" 864
[10/Dec/2019:14:56:22 -0500] ::1 TLSv1.3 TLS_AES_256_GCM_SHA384 "GET /admin/deleteAdminAccount1?Admin_id=6 HTTP/1.1" 639
[10/Dec/2019:14:56:22 -0500] ::1 TLSv1.3 TLS_AES_256_GCM_SHA384 "GET /css/adminLevel_1/delete_admin.css HTTP/1.1" 864
[10/Dec/2019:14:56:22 -0500] ::1 TLSv1.3 TLS_AES_256_GCM_SHA384 "GET /images/admin.png HTTP/1.1" 28206
[10/Dec/2019:14:56:22 -0500] ::1 TLSv1.3 TLS_AES_256_GCM_SHA384 "GET /favicon.ico HTTP/1.1" 864
[10/Dec/2019:14:56:23 -0500] ::1 TLSv1.3 TLS_AES_256_GCM_SHA384 "POST /admin/deleteAdminAccount1?Admin_id=6 HTTP/1.1" 639
[10/Dec/2019:14:56:23 -0500] ::1 TLSv1.3 TLS_AES_256_GCM_SHA384 "GET /admin/listAllAdmin1 HTTP/1.1" 1619
[10/Dec/2019:14:56:23 -0500] ::1 TLSv1.3 TLS_AES_256_GCM_SHA384 "GET /favicon.ico HTTP/1.1" 864
[10/Dec/2019:14:56:24 -0500] ::1 TLSv1.3 TLS_AES_256_GCM_SHA384 "GET /admin/index HTTP/1.1" 864
[10/Dec/2019:14:56:24 -0500] ::1 TLSv1.3 TLS_AES_256_GCM_SHA384 "GET /css/adminLevel_1/index.css HTTP/1.1" 1101
[10/Dec/2019:14:56:24 -0500] ::1 TLSv1.3 TLS_AES_256_GCM_SHA384 "GET /favicon.ico HTTP/1.1" 864
[10/Dec/2019:14:56:24 -0500] ::1 TLSv1.3 TLS_AES_256_GCM_SHA384 "GET /images/admin_background.jpg HTTP/1.1" 4923013
[10/Dec/2019:15:03:24 -0500] ::1 TLSv1.3 TLS_AES_256_GCM_SHA384 "GET / HTTP/1.1" 864
[10/Dec/2019:15:03:24 -0500] ::1 TLSv1.3 TLS_AES_256_GCM_SHA384 "GET /css/adminLevel_1/index.css HTTP/1.1" 1101
[10/Dec/2019:15:03:24 -0500] ::1 TLSv1.3 TLS_AES_256_GCM_SHA384 "GET /images/admin.png HTTP/1.1" 28206
[10/Dec/2019:15:03:24 -0500] ::1 TLSv1.3 TLS_AES_256_GCM_SHA384 "GET / HTTP/1.1" 864
[10/Dec/2019:15:03:24 -0500] ::1 TLSv1.3 TLS_AES_256_GCM_SHA384 "GET /css/adminLevel_1/index.css HTTP/1.1" 1101
[10/Dec/2019:15:03:24 -0500] ::1 TLSv1.3 TLS_AES_256_GCM_SHA384 "GET /images/admin.png HTTP/1.1" 28206
[10/Dec/2019:15:03:24 -0500] ::1 TLSv1.3 TLS_AES_256_GCM_SHA384 "GET /images/admin_background.jpg HTTP/1.1" 4923013
[10/Dec/2019:15:03:24 -0500] ::1 TLSv1.3 TLS_AES_256_GCM_SHA384 "GET /favicon.ico HTTP/1.1" 864
[10/Dec/2019:15:03:26 -0500] ::1 TLSv1.3 TLS_AES_256_GCM_SHA384 "GET /admin/logout HTTP/1.1" -
[10/Dec/2019:15:03:26 -0500] ::1 TLSv1.3 TLS_AES_256_GCM_SHA384 "GET /home/login HTTP/1.1" 686
[10/Dec/2019:15:03:26 -0500] ::1 TLSv1.3 TLS_AES_256_GCM_SHA384 "GET /css/home/welcome.css HTTP/1.1" 1283
[10/Dec/2019:15:03:26 -0500] ::1 TLSv1.3 TLS_AES_256_GCM_SHA384 "GET /images/Montreal.jpg HTTP/1.1" 1576854
[10/Dec/2019:15:03:26 -0500] ::1 TLSv1.3 TLS_AES_256_GCM_SHA384 "GET /images/TheBank_Logo.png HTTP/1.1" 15048
[10/Dec/2019:15:03:26 -0500] ::1 TLSv1.3 TLS_AES_256_GCM_SHA384 "GET /favicon.ico HTTP/1.1" 686
[10/Dec/2019:15:03:28 -0500] ::1 TLSv1.3 TLS_AES_256_GCM_SHA384 "GET /user/login HTTP/1.1" 983
[10/Dec/2019:15:03:28 -0500] ::1 TLSv1.3 TLS_AES_256_GCM_SHA384 "GET /css/user/login.css HTTP/1.1" 1207
[10/Dec/2019:15:03:28 -0500] ::1 TLSv1.3 TLS_AES_256_GCM_SHA384 "GET /images/TheBank_Logo_Transparent.png HTTP/1.1" 19534
[10/Dec/2019:15:03:28 -0500] ::1 TLSv1.3 TLS_AES_256_GCM_SHA384 "GET /images/Montreal3.jpg HTTP/1.1" 417550
[10/Dec/2019:15:03:28 -0500] ::1 TLSv1.3 TLS_AES_256_GCM_SHA384 "GET /favicon.ico HTTP/1.1" 686
[10/Dec/2019:15:03:33 -0500] ::1 TLSv1.3 TLS_AES_256_GCM_SHA384 "POST /user/login HTTP/1.1" 985
[10/Dec/2019:15:03:33 -0500] ::1 TLSv1.3 TLS_AES_256_GCM_SHA384 "GET /home/index HTTP/1.1" 3804
[10/Dec/2019:15:03:33 -0500] ::1 TLSv1.3 TLS_AES_256_GCM_SHA384 "GET /css/user/userNavBar.css HTTP/1.1" 2801
[10/Dec/2019:15:03:33 -0500] ::1 TLSv1.3 TLS_AES_256_GCM_SHA384 "GET /css/home/index.css HTTP/1.1" 1760
[10/Dec/2019:15:03:33 -0500] ::1 TLSv1.3 TLS_AES_256_GCM_SHA384 "GET /favicon.ico HTTP/1.1" 3804
[10/Dec/2019:15:03:35 -0500] ::1 TLSv1.3 TLS_AES_256_GCM_SHA384 "GET /user/updateAccountStatus HTTP/1.1" 3240
[10/Dec/2019:15:03:35 -0500] ::1 TLSv1.3 TLS_AES_256_GCM_SHA384 "GET /images/admin.png HTTP/1.1" 28206
[10/Dec/2019:15:03:35 -0500] ::1 TLSv1.3 TLS_AES_256_GCM_SHA384 "GET /css/user/edit_user_account_status.css HTTP/1.1" 3804
[10/Dec/2019:15:03:35 -0500] ::1 TLSv1.3 TLS_AES_256_GCM_SHA384 "GET /favicon.ico HTTP/1.1" 3804
[10/Dec/2019:15:10:32 -0500] ::1 TLSv1.3 TLS_AES_256_GCM_SHA384 "GET / HTTP/1.1" 3804
[10/Dec/2019:15:10:32 -0500] ::1 TLSv1.3 TLS_AES_256_GCM_SHA384 "GET /css/user/userNavBar.css HTTP/1.1" 2801
[10/Dec/2019:15:10:32 -0500] ::1 TLSv1.3 TLS_AES_256_GCM_SHA384 "GET /css/home/index.css HTTP/1.1" 1760
[10/Dec/2019:15:10:32 -0500] ::1 TLSv1.3 TLS_AES_256_GCM_SHA384 "GET /images/TheBank_Logo_Transparent.png HTTP/1.1" 19534
[10/Dec/2019:15:10:32 -0500] ::1 TLSv1.3 TLS_AES_256_GCM_SHA384 "GET / HTTP/1.1" 3804
[10/Dec/2019:15:10:32 -0500] ::1 TLSv1.3 TLS_AES_256_GCM_SHA384 "GET /css/home/index.css HTTP/1.1" 1760
[10/Dec/2019:15:10:32 -0500] ::1 TLSv1.3 TLS_AES_256_GCM_SHA384 "GET /css/user/userNavBar.css HTTP/1.1" 2801
[10/Dec/2019:15:10:32 -0500] ::1 TLSv1.3 TLS_AES_256_GCM_SHA384 "GET /images/TheBank_Logo_Transparent.png HTTP/1.1" 19534
[10/Dec/2019:15:10:32 -0500] ::1 TLSv1.3 TLS_AES_256_GCM_SHA384 "GET /favicon.ico HTTP/1.1" 3804
[10/Dec/2019:15:10:33 -0500] ::1 TLSv1.3 TLS_AES_256_GCM_SHA384 "GET /user/list_e_transfer_received HTTP/1.1" 4145
[10/Dec/2019:15:10:34 -0500] ::1 TLSv1.3 TLS_AES_256_GCM_SHA384 "GET /css/user/list_e_transfer_received.css HTTP/1.1" 943
[10/Dec/2019:15:10:34 -0500] ::1 TLSv1.3 TLS_AES_256_GCM_SHA384 "GET /favicon.ico HTTP/1.1" 3804
[10/Dec/2019:15:10:36 -0500] ::1 TLSv1.3 TLS_AES_256_GCM_SHA384 "GET /user/updateAccountStatus HTTP/1.1" 3240
[10/Dec/2019:15:10:36 -0500] ::1 TLSv1.3 TLS_AES_256_GCM_SHA384 "GET /images/admin.png HTTP/1.1" 28206
[10/Dec/2019:15:10:36 -0500] ::1 TLSv1.3 TLS_AES_256_GCM_SHA384 "GET /css/user/edit_user_account_status.css HTTP/1.1" 3804
[10/Dec/2019:15:10:36 -0500] ::1 TLSv1.3 TLS_AES_256_GCM_SHA384 "GET /favicon.ico HTTP/1.1" 3804
[10/Dec/2019:15:12:17 -0500] ::1 TLSv1.3 TLS_AES_256_GCM_SHA384 "GET /user/logout HTTP/1.1" -
[10/Dec/2019:15:12:17 -0500] ::1 TLSv1.3 TLS_AES_256_GCM_SHA384 "GET /home/login HTTP/1.1" 686
[10/Dec/2019:15:12:17 -0500] ::1 TLSv1.3 TLS_AES_256_GCM_SHA384 "GET /css/home/welcome.css HTTP/1.1" 1283
[10/Dec/2019:15:12:17 -0500] ::1 TLSv1.3 TLS_AES_256_GCM_SHA384 "GET /images/Montreal.jpg HTTP/1.1" 1576854
[10/Dec/2019:15:12:17 -0500] ::1 TLSv1.3 TLS_AES_256_GCM_SHA384 "GET /images/TheBank_Logo.png HTTP/1.1" 15048
[10/Dec/2019:15:12:17 -0500] ::1 TLSv1.3 TLS_AES_256_GCM_SHA384 "GET /favicon.ico HTTP/1.1" 686
[10/Dec/2019:15:12:18 -0500] ::1 TLSv1.3 TLS_AES_256_GCM_SHA384 "GET /user/login HTTP/1.1" 983
[10/Dec/2019:15:12:18 -0500] ::1 TLSv1.3 TLS_AES_256_GCM_SHA384 "GET /css/user/login.css HTTP/1.1" 1207
[10/Dec/2019:15:12:18 -0500] ::1 TLSv1.3 TLS_AES_256_GCM_SHA384 "GET /images/Montreal3.jpg HTTP/1.1" 417550
[10/Dec/2019:15:12:19 -0500] ::1 TLSv1.3 TLS_AES_256_GCM_SHA384 "GET /favicon.ico HTTP/1.1" 686
[10/Dec/2019:15:12:22 -0500] ::1 TLSv1.3 TLS_AES_256_GCM_SHA384 "POST /user/login HTTP/1.1" 985
[10/Dec/2019:15:12:22 -0500] ::1 TLSv1.3 TLS_AES_256_GCM_SHA384 "GET /home/index HTTP/1.1" 3804
[10/Dec/2019:15:12:23 -0500] ::1 TLSv1.3 TLS_AES_256_GCM_SHA384 "GET /favicon.ico HTTP/1.1" 3804
[10/Dec/2019:15:12:24 -0500] ::1 TLSv1.3 TLS_AES_256_GCM_SHA384 "GET /user/updateAccountStatus HTTP/1.1" 3234
[10/Dec/2019:15:12:24 -0500] ::1 TLSv1.3 TLS_AES_256_GCM_SHA384 "GET /images/admin.png HTTP/1.1" 28206
[10/Dec/2019:15:12:24 -0500] ::1 TLSv1.3 TLS_AES_256_GCM_SHA384 "GET /css/user/edit_user_account_status.css HTTP/1.1" 3804
[10/Dec/2019:15:12:24 -0500] ::1 TLSv1.3 TLS_AES_256_GCM_SHA384 "GET /favicon.ico HTTP/1.1" 3804
[10/Dec/2019:15:12:41 -0500] ::1 TLSv1.3 TLS_AES_256_GCM_SHA384 "GET /user/updateAccountStatus HTTP/1.1" 3403
[10/Dec/2019:15:12:41 -0500] ::1 TLSv1.3 TLS_AES_256_GCM_SHA384 "GET /css/user/edit_user_account_status.css HTTP/1.1" 3804
[10/Dec/2019:15:12:41 -0500] ::1 TLSv1.3 TLS_AES_256_GCM_SHA384 "GET /favicon.ico HTTP/1.1" 3804
[10/Dec/2019:15:12:57 -0500] ::1 TLSv1.3 TLS_AES_256_GCM_SHA384 "GET /user/updateAccountStatus HTTP/1.1" 3408
[10/Dec/2019:15:12:57 -0500] ::1 TLSv1.3 TLS_AES_256_GCM_SHA384 "GET /css/user/edit_user_account_status.css HTTP/1.1" 3804
[10/Dec/2019:15:12:57 -0500] ::1 TLSv1.3 TLS_AES_256_GCM_SHA384 "GET /favicon.ico HTTP/1.1" 3804
[10/Dec/2019:15:13:23 -0500] ::1 TLSv1.3 TLS_AES_256_GCM_SHA384 "GET /user/updateAccountStatus HTTP/1.1" 3063
[10/Dec/2019:15:13:23 -0500] ::1 TLSv1.3 TLS_AES_256_GCM_SHA384 "GET /css/user/edit_user_account_status.css HTTP/1.1" 3804
[10/Dec/2019:15:13:23 -0500] ::1 TLSv1.3 TLS_AES_256_GCM_SHA384 "GET /favicon.ico HTTP/1.1" 3804
[10/Dec/2019:15:13:34 -0500] ::1 TLSv1.3 TLS_AES_256_GCM_SHA384 "POST /user/updateAccountStatus HTTP/1.1" 3063
[10/Dec/2019:15:13:34 -0500] ::1 TLSv1.3 TLS_AES_256_GCM_SHA384 "GET /css/user/edit_user_account_status.css HTTP/1.1" 3804
[10/Dec/2019:15:13:34 -0500] ::1 TLSv1.3 TLS_AES_256_GCM_SHA384 "GET /favicon.ico HTTP/1.1" 3804
[10/Dec/2019:15:13:37 -0500] ::1 TLSv1.3 TLS_AES_256_GCM_SHA384 "POST /user/updateAccountStatus HTTP/1.1" 3063
[10/Dec/2019:15:13:37 -0500] ::1 TLSv1.3 TLS_AES_256_GCM_SHA384 "GET /css/user/edit_user_account_status.css HTTP/1.1" 3804
[10/Dec/2019:15:13:37 -0500] ::1 TLSv1.3 TLS_AES_256_GCM_SHA384 "GET /favicon.ico HTTP/1.1" 3804
[10/Dec/2019:15:20:04 -0500] ::1 TLSv1.3 TLS_AES_256_GCM_SHA384 "GET / HTTP/1.1" 3804
[10/Dec/2019:15:20:04 -0500] ::1 TLSv1.3 TLS_AES_256_GCM_SHA384 "GET /css/user/userNavBar.css HTTP/1.1" 2801
[10/Dec/2019:15:20:04 -0500] ::1 TLSv1.3 TLS_AES_256_GCM_SHA384 "GET /css/home/index.css HTTP/1.1" 1760
[10/Dec/2019:15:20:04 -0500] ::1 TLSv1.3 TLS_AES_256_GCM_SHA384 "GET /images/TheBank_Logo_Transparent.png HTTP/1.1" 19534
[10/Dec/2019:15:20:04 -0500] ::1 TLSv1.3 TLS_AES_256_GCM_SHA384 "GET / HTTP/1.1" 3804
[10/Dec/2019:15:20:04 -0500] ::1 TLSv1.3 TLS_AES_256_GCM_SHA384 "GET /css/user/userNavBar.css HTTP/1.1" 2801
[10/Dec/2019:15:20:04 -0500] ::1 TLSv1.3 TLS_AES_256_GCM_SHA384 "GET /css/home/index.css HTTP/1.1" 1760
[10/Dec/2019:15:20:04 -0500] ::1 TLSv1.3 TLS_AES_256_GCM_SHA384 "GET /images/TheBank_Logo_Transparent.png HTTP/1.1" 19534
[10/Dec/2019:15:20:04 -0500] ::1 TLSv1.3 TLS_AES_256_GCM_SHA384 "GET /favicon.ico HTTP/1.1" 3804
[10/Dec/2019:15:20:06 -0500] ::1 TLSv1.3 TLS_AES_256_GCM_SHA384 "GET /user/logout HTTP/1.1" -
[10/Dec/2019:15:20:06 -0500] ::1 TLSv1.3 TLS_AES_256_GCM_SHA384 "GET /home/login HTTP/1.1" 686
[10/Dec/2019:15:20:06 -0500] ::1 TLSv1.3 TLS_AES_256_GCM_SHA384 "GET /css/home/welcome.css HTTP/1.1" 1283
[10/Dec/2019:15:20:06 -0500] ::1 TLSv1.3 TLS_AES_256_GCM_SHA384 "GET /images/TheBank_Logo.png HTTP/1.1" 15048
[10/Dec/2019:15:20:06 -0500] ::1 TLSv1.3 TLS_AES_256_GCM_SHA384 "GET /images/Montreal.jpg HTTP/1.1" 1576854
[10/Dec/2019:15:20:06 -0500] ::1 TLSv1.3 TLS_AES_256_GCM_SHA384 "GET /favicon.ico HTTP/1.1" 686
[10/Dec/2019:15:20:07 -0500] ::1 TLSv1.3 TLS_AES_256_GCM_SHA384 "GET /user/login HTTP/1.1" 983
[10/Dec/2019:15:20:07 -0500] ::1 TLSv1.3 TLS_AES_256_GCM_SHA384 "GET /css/user/login.css HTTP/1.1" 1207
[10/Dec/2019:15:20:07 -0500] ::1 TLSv1.3 TLS_AES_256_GCM_SHA384 "GET /images/Montreal3.jpg HTTP/1.1" 417550
[10/Dec/2019:15:20:07 -0500] ::1 TLSv1.3 TLS_AES_256_GCM_SHA384 "GET /favicon.ico HTTP/1.1" 686
[10/Dec/2019:15:20:09 -0500] ::1 TLSv1.3 TLS_AES_256_GCM_SHA384 "POST /user/login HTTP/1.1" 985
[10/Dec/2019:15:20:09 -0500] ::1 TLSv1.3 TLS_AES_256_GCM_SHA384 "GET /home/index HTTP/1.1" 3804
[10/Dec/2019:15:20:10 -0500] ::1 TLSv1.3 TLS_AES_256_GCM_SHA384 "GET /favicon.ico HTTP/1.1" 3804
[10/Dec/2019:15:20:11 -0500] ::1 TLSv1.3 TLS_AES_256_GCM_SHA384 "GET /user/updateAccountStatus HTTP/1.1" 3063
[10/Dec/2019:15:20:11 -0500] ::1 TLSv1.3 TLS_AES_256_GCM_SHA384 "GET /images/admin.png HTTP/1.1" 28206
[10/Dec/2019:15:20:11 -0500] ::1 TLSv1.3 TLS_AES_256_GCM_SHA384 "GET /css/user/edit_user_account_status.css HTTP/1.1" 3804
[10/Dec/2019:15:20:11 -0500] ::1 TLSv1.3 TLS_AES_256_GCM_SHA384 "GET /favicon.ico HTTP/1.1" 3804
[10/Dec/2019:15:20:13 -0500] ::1 TLSv1.3 TLS_AES_256_GCM_SHA384 "POST /user/updateAccountStatus HTTP/1.1" 3224
[10/Dec/2019:15:20:13 -0500] ::1 TLSv1.3 TLS_AES_256_GCM_SHA384 "GET /home/index HTTP/1.1" 3804
[10/Dec/2019:15:20:13 -0500] ::1 TLSv1.3 TLS_AES_256_GCM_SHA384 "GET /favicon.ico HTTP/1.1" 3804
[10/Dec/2019:15:20:15 -0500] ::1 TLSv1.3 TLS_AES_256_GCM_SHA384 "GET /home/index HTTP/1.1" 3804
[10/Dec/2019:15:20:15 -0500] ::1 TLSv1.3 TLS_AES_256_GCM_SHA384 "GET /favicon.ico HTTP/1.1" 3804
[10/Dec/2019:15:20:16 -0500] ::1 TLSv1.3 TLS_AES_256_GCM_SHA384 "GET /home/index HTTP/1.1" 3804
[10/Dec/2019:15:20:16 -0500] ::1 TLSv1.3 TLS_AES_256_GCM_SHA384 "GET /favicon.ico HTTP/1.1" 3804
[10/Dec/2019:15:20:16 -0500] ::1 TLSv1.3 TLS_AES_256_GCM_SHA384 "GET /home/index HTTP/1.1" 3804
[10/Dec/2019:15:20:16 -0500] ::1 TLSv1.3 TLS_AES_256_GCM_SHA384 "GET /favicon.ico HTTP/1.1" 3804
[10/Dec/2019:15:20:16 -0500] ::1 TLSv1.3 TLS_AES_256_GCM_SHA384 "GET /home/index HTTP/1.1" 3804
[10/Dec/2019:15:20:16 -0500] ::1 TLSv1.3 TLS_AES_256_GCM_SHA384 "GET /favicon.ico HTTP/1.1" 3804
[10/Dec/2019:15:20:16 -0500] ::1 TLSv1.3 TLS_AES_256_GCM_SHA384 "GET /home/index HTTP/1.1" 3804
[10/Dec/2019:15:20:16 -0500] ::1 TLSv1.3 TLS_AES_256_GCM_SHA384 "GET /favicon.ico HTTP/1.1" 3804
[10/Dec/2019:15:20:17 -0500] ::1 TLSv1.3 TLS_AES_256_GCM_SHA384 "GET /home/index HTTP/1.1" 3804
[10/Dec/2019:15:20:17 -0500] ::1 TLSv1.3 TLS_AES_256_GCM_SHA384 "GET /favicon.ico HTTP/1.1" 3804
[10/Dec/2019:15:20:17 -0500] ::1 TLSv1.3 TLS_AES_256_GCM_SHA384 "GET /home/index HTTP/1.1" 3804
[10/Dec/2019:15:20:17 -0500] ::1 TLSv1.3 TLS_AES_256_GCM_SHA384 "GET /favicon.ico HTTP/1.1" 3804
[10/Dec/2019:15:20:17 -0500] ::1 TLSv1.3 TLS_AES_256_GCM_SHA384 "GET /home/index HTTP/1.1" 3804
[10/Dec/2019:15:20:17 -0500] ::1 TLSv1.3 TLS_AES_256_GCM_SHA384 "GET /favicon.ico HTTP/1.1" 3804
[10/Dec/2019:15:20:17 -0500] ::1 TLSv1.3 TLS_AES_256_GCM_SHA384 "GET /home/index HTTP/1.1" 3804
[10/Dec/2019:15:20:17 -0500] ::1 TLSv1.3 TLS_AES_256_GCM_SHA384 "GET /favicon.ico HTTP/1.1" 3804
[10/Dec/2019:15:20:17 -0500] ::1 TLSv1.3 TLS_AES_256_GCM_SHA384 "GET /home/index HTTP/1.1" 3804
[10/Dec/2019:15:20:17 -0500] ::1 TLSv1.3 TLS_AES_256_GCM_SHA384 "GET /favicon.ico HTTP/1.1" 3804
[10/Dec/2019:15:20:18 -0500] ::1 TLSv1.3 TLS_AES_256_GCM_SHA384 "GET /home/index HTTP/1.1" 3804
[10/Dec/2019:15:20:18 -0500] ::1 TLSv1.3 TLS_AES_256_GCM_SHA384 "GET /favicon.ico HTTP/1.1" 3804
[10/Dec/2019:15:20:18 -0500] ::1 TLSv1.3 TLS_AES_256_GCM_SHA384 "GET /home/index HTTP/1.1" 3804
[10/Dec/2019:15:20:18 -0500] ::1 TLSv1.3 TLS_AES_256_GCM_SHA384 "GET /favicon.ico HTTP/1.1" 3804
[10/Dec/2019:15:20:37 -0500] ::1 TLSv1.3 TLS_AES_256_GCM_SHA384 "POST /user/updateAccountStatus HTTP/1.1" 3224
[10/Dec/2019:15:20:37 -0500] ::1 TLSv1.3 TLS_AES_256_GCM_SHA384 "GET /home/logout HTTP/1.1" -
[10/Dec/2019:15:20:37 -0500] ::1 TLSv1.3 TLS_AES_256_GCM_SHA384 "GET /home/login HTTP/1.1" 686
[10/Dec/2019:15:20:37 -0500] ::1 TLSv1.3 TLS_AES_256_GCM_SHA384 "GET /css/home/welcome.css HTTP/1.1" 1283
[10/Dec/2019:15:20:37 -0500] ::1 TLSv1.3 TLS_AES_256_GCM_SHA384 "GET /images/Montreal.jpg HTTP/1.1" 1576854
[10/Dec/2019:15:20:37 -0500] ::1 TLSv1.3 TLS_AES_256_GCM_SHA384 "GET /images/TheBank_Logo.png HTTP/1.1" 15048
[10/Dec/2019:15:20:37 -0500] ::1 TLSv1.3 TLS_AES_256_GCM_SHA384 "GET /favicon.ico HTTP/1.1" 686
[10/Dec/2019:15:20:39 -0500] ::1 TLSv1.3 TLS_AES_256_GCM_SHA384 "GET /user/login HTTP/1.1" 983
[10/Dec/2019:15:20:39 -0500] ::1 TLSv1.3 TLS_AES_256_GCM_SHA384 "GET /css/user/login.css HTTP/1.1" 1207
[10/Dec/2019:15:20:39 -0500] ::1 TLSv1.3 TLS_AES_256_GCM_SHA384 "GET /images/Montreal3.jpg HTTP/1.1" 417550
[10/Dec/2019:15:20:39 -0500] ::1 TLSv1.3 TLS_AES_256_GCM_SHA384 "GET /favicon.ico HTTP/1.1" 686
[10/Dec/2019:15:20:41 -0500] ::1 TLSv1.3 TLS_AES_256_GCM_SHA384 "POST /user/login HTTP/1.1" 985
[10/Dec/2019:15:20:41 -0500] ::1 TLSv1.3 TLS_AES_256_GCM_SHA384 "GET /home/index HTTP/1.1" 3804
[10/Dec/2019:15:20:41 -0500] ::1 TLSv1.3 TLS_AES_256_GCM_SHA384 "GET /favicon.ico HTTP/1.1" 3804
[10/Dec/2019:15:20:43 -0500] ::1 TLSv1.3 TLS_AES_256_GCM_SHA384 "GET / HTTP/1.1" 3804
[10/Dec/2019:15:20:43 -0500] ::1 TLSv1.3 TLS_AES_256_GCM_SHA384 "GET /css/user/userNavBar.css HTTP/1.1" 2801
[10/Dec/2019:15:20:43 -0500] ::1 TLSv1.3 TLS_AES_256_GCM_SHA384 "GET /css/home/index.css HTTP/1.1" 1760
[10/Dec/2019:15:20:43 -0500] ::1 TLSv1.3 TLS_AES_256_GCM_SHA384 "GET /images/TheBank_Logo_Transparent.png HTTP/1.1" 19534
[10/Dec/2019:15:20:44 -0500] ::1 TLSv1.3 TLS_AES_256_GCM_SHA384 "GET / HTTP/1.1" 3804
[10/Dec/2019:15:20:44 -0500] ::1 TLSv1.3 TLS_AES_256_GCM_SHA384 "GET /css/user/userNavBar.css HTTP/1.1" 2801
[10/Dec/2019:15:20:44 -0500] ::1 TLSv1.3 TLS_AES_256_GCM_SHA384 "GET /css/home/index.css HTTP/1.1" 1760
[10/Dec/2019:15:20:44 -0500] ::1 TLSv1.3 TLS_AES_256_GCM_SHA384 "GET /images/TheBank_Logo_Transparent.png HTTP/1.1" 19534
[10/Dec/2019:15:20:44 -0500] ::1 TLSv1.3 TLS_AES_256_GCM_SHA384 "GET /favicon.ico HTTP/1.1" 3804
[10/Dec/2019:15:20:49 -0500] ::1 TLSv1.3 TLS_AES_256_GCM_SHA384 "GET /phpmyadmin HTTP/1.1" 338
[10/Dec/2019:15:20:49 -0500] ::1 TLSv1.3 TLS_AES_256_GCM_SHA384 "GET /phpmyadmin/ HTTP/1.1" 3502
[10/Dec/2019:15:20:49 -0500] ::1 TLSv1.3 TLS_AES_256_GCM_SHA384 "GET /phpmyadmin/themes/pmahomme/jquery/jquery-ui.css HTTP/1.1" 36566
[10/Dec/2019:15:20:49 -0500] ::1 TLSv1.3 TLS_AES_256_GCM_SHA384 "GET /phpmyadmin/js/vendor/codemirror/lib/codemirror.css?v=4.9.2 HTTP/1.1" 8705
[10/Dec/2019:15:20:49 -0500] ::1 TLSv1.3 TLS_AES_256_GCM_SHA384 "GET /phpmyadmin/js/vendor/codemirror/addon/lint/lint.css?v=4.9.2 HTTP/1.1" 2999
[10/Dec/2019:15:20:49 -0500] ::1 TLSv1.3 TLS_AES_256_GCM_SHA384 "GET /phpmyadmin/js/vendor/jquery/jquery.min.js?v=4.9.2 HTTP/1.1" 88145
[10/Dec/2019:15:20:49 -0500] ::1 TLSv1.3 TLS_AES_256_GCM_SHA384 "GET /phpmyadmin/js/vendor/codemirror/addon/hint/show-hint.css?v=4.9.2 HTTP/1.1" 623
[10/Dec/2019:15:20:49 -0500] ::1 TLSv1.3 TLS_AES_256_GCM_SHA384 "GET /phpmyadmin/js/vendor/jquery/jquery.mousewheel.js?v=4.9.2 HTTP/1.1" 8267
[10/Dec/2019:15:20:49 -0500] ::1 TLSv1.3 TLS_AES_256_GCM_SHA384 "GET /phpmyadmin/js/vendor/jquery/jquery-migrate.js?v=4.9.2 HTTP/1.1" 19092
[10/Dec/2019:15:20:49 -0500] ::1 TLSv1.3 TLS_AES_256_GCM_SHA384 "GET /phpmyadmin/js/vendor/jquery/jquery.event.drag-2.2.js?v=4.9.2 HTTP/1.1" 12826
[10/Dec/2019:15:20:49 -0500] ::1 TLSv1.3 TLS_AES_256_GCM_SHA384 "GET /phpmyadmin/js/ajax.js?v=4.9.2 HTTP/1.1" 31246
[10/Dec/2019:15:20:49 -0500] ::1 TLSv1.3 TLS_AES_256_GCM_SHA384 "GET /phpmyadmin/js/vendor/jquery/jquery-ui-timepicker-addon.js?v=4.9.2 HTTP/1.1" 78475
[10/Dec/2019:15:20:49 -0500] ::1 TLSv1.3 TLS_AES_256_GCM_SHA384 "GET /phpmyadmin/js/vendor/sprintf.js?v=4.9.2 HTTP/1.1" 7387
[10/Dec/2019:15:20:49 -0500] ::1 TLSv1.3 TLS_AES_256_GCM_SHA384 "GET /phpmyadmin/js/keyhandler.js?v=4.9.2 HTTP/1.1" 3333
[10/Dec/2019:15:20:49 -0500] ::1 TLSv1.3 TLS_AES_256_GCM_SHA384 "GET /phpmyadmin/js/vendor/jquery/jquery.validate.js?v=4.9.2 HTTP/1.1" 50690
[10/Dec/2019:15:20:49 -0500] ::1 TLSv1.3 TLS_AES_256_GCM_SHA384 "GET /phpmyadmin/js/vendor/jquery/jquery.debounce-1.0.5.js?v=4.9.2 HTTP/1.1" 1169
[10/Dec/2019:15:20:49 -0500] ::1 TLSv1.3 TLS_AES_256_GCM_SHA384 "GET /phpmyadmin/js/vendor/jquery/jquery-ui.min.js?v=4.9.2 HTTP/1.1" 253681
[10/Dec/2019:15:20:49 -0500] ::1 TLSv1.3 TLS_AES_256_GCM_SHA384 "GET /phpmyadmin/js/vendor/js.cookie.js?v=4.9.2 HTTP/1.1" 3883
[10/Dec/2019:15:20:49 -0500] ::1 TLSv1.3 TLS_AES_256_GCM_SHA384 "GET /phpmyadmin/js/menu-resizer.js?v=4.9.2 HTTP/1.1" 8318
[10/Dec/2019:15:20:49 -0500] ::1 TLSv1.3 TLS_AES_256_GCM_SHA384 "GET /phpmyadmin/js/cross_framing_protection.js?v=4.9.2 HTTP/1.1" 471
[10/Dec/2019:15:20:49 -0500] ::1 TLSv1.3 TLS_AES_256_GCM_SHA384 "GET /phpmyadmin/js/rte.js?v=4.9.2 HTTP/1.1" 47688
[10/Dec/2019:15:20:49 -0500] ::1 TLSv1.3 TLS_AES_256_GCM_SHA384 "GET /phpmyadmin/js/vendor/jquery/jquery.ba-hashchange-1.3.js?v=4.9.2 HTTP/1.1" 16522
[10/Dec/2019:15:20:49 -0500] ::1 TLSv1.3 TLS_AES_256_GCM_SHA384 "GET /phpmyadmin/js/vendor/tracekit.js?v=4.9.2 HTTP/1.1" 45389
[10/Dec/2019:15:20:49 -0500] ::1 TLSv1.3 TLS_AES_256_GCM_SHA384 "GET /phpmyadmin/js/error_report.js?v=4.9.2 HTTP/1.1" 10837
[10/Dec/2019:15:20:49 -0500] ::1 TLSv1.3 TLS_AES_256_GCM_SHA384 "GET /phpmyadmin/js/config.js?v=4.9.2 HTTP/1.1" 27526
[10/Dec/2019:15:20:49 -0500] ::1 TLSv1.3 TLS_AES_256_GCM_SHA384 "GET /phpmyadmin/js/doclinks.js?v=4.9.2 HTTP/1.1" 20643
[10/Dec/2019:15:20:49 -0500] ::1 TLSv1.3 TLS_AES_256_GCM_SHA384 "GET /phpmyadmin/js/navigation.js?v=4.9.2 HTTP/1.1" 60612
[10/Dec/2019:15:20:49 -0500] ::1 TLSv1.3 TLS_AES_256_GCM_SHA384 "GET /phpmyadmin/js/indexes.js?v=4.9.2 HTTP/1.1" 27654
[10/Dec/2019:15:20:49 -0500] ::1 TLSv1.3 TLS_AES_256_GCM_SHA384 "GET /phpmyadmin/js/functions.js?v=4.9.2 HTTP/1.1" 175193
[10/Dec/2019:15:20:49 -0500] ::1 TLSv1.3 TLS_AES_256_GCM_SHA384 "GET /phpmyadmin/js/common.js?v=4.9.2 HTTP/1.1" 19196
[10/Dec/2019:15:20:49 -0500] ::1 TLSv1.3 TLS_AES_256_GCM_SHA384 "GET /phpmyadmin/js/page_settings.js?v=4.9.2 HTTP/1.1" 1749
[10/Dec/2019:15:20:49 -0500] ::1 TLSv1.3 TLS_AES_256_GCM_SHA384 "GET /phpmyadmin/js/shortcuts_handler.js?v=4.9.2 HTTP/1.1" 3264
[10/Dec/2019:15:20:49 -0500] ::1 TLSv1.3 TLS_AES_256_GCM_SHA384 "GET /phpmyadmin/js/vendor/codemirror/mode/sql/sql.js?v=4.9.2 HTTP/1.1" 47451
[10/Dec/2019:15:20:49 -0500] ::1 TLSv1.3 TLS_AES_256_GCM_SHA384 "GET /phpmyadmin/js/vendor/codemirror/lib/codemirror.js?v=4.9.2 HTTP/1.1" 395660
[10/Dec/2019:15:20:49 -0500] ::1 TLSv1.3 TLS_AES_256_GCM_SHA384 "GET /phpmyadmin/js/vendor/codemirror/addon/runmode/runmode.js?v=4.9.2 HTTP/1.1" 2500
[10/Dec/2019:15:20:49 -0500] ::1 TLSv1.3 TLS_AES_256_GCM_SHA384 "GET /phpmyadmin/js/vendor/codemirror/addon/hint/show-hint.js?v=4.9.2 HTTP/1.1" 17378
[10/Dec/2019:15:20:49 -0500] ::1 TLSv1.3 TLS_AES_256_GCM_SHA384 "GET /phpmyadmin/js/vendor/codemirror/addon/hint/sql-hint.js?v=4.9.2 HTTP/1.1" 9599
[10/Dec/2019:15:20:49 -0500] ::1 TLSv1.3 TLS_AES_256_GCM_SHA384 "GET /phpmyadmin/js/vendor/codemirror/addon/lint/lint.js?v=4.9.2 HTTP/1.1" 8610
[10/Dec/2019:15:20:49 -0500] ::1 TLSv1.3 TLS_AES_256_GCM_SHA384 "GET /phpmyadmin/js/codemirror/addon/lint/sql-lint.js?v=4.9.2 HTTP/1.1" 1048
[10/Dec/2019:15:20:49 -0500] ::1 TLSv1.3 TLS_AES_256_GCM_SHA384 "GET /phpmyadmin/js/console.js?v=4.9.2 HTTP/1.1" 57280
[10/Dec/2019:15:20:49 -0500] ::1 TLSv1.3 TLS_AES_256_GCM_SHA384 "GET /phpmyadmin/themes/pmahomme/img/logo_right.png HTTP/1.1" 4306
[10/Dec/2019:15:20:49 -0500] ::1 TLSv1.3 TLS_AES_256_GCM_SHA384 "GET /phpmyadmin/themes/dot.gif HTTP/1.1" 43
[10/Dec/2019:15:20:49 -0500] ::1 TLSv1.3 TLS_AES_256_GCM_SHA384 "GET /phpmyadmin/themes/pmahomme/css/printview.css?v=4.9.2 HTTP/1.1" 2746
[10/Dec/2019:15:20:49 -0500] ::1 TLSv1.3 TLS_AES_256_GCM_SHA384 "GET /phpmyadmin/js/messages.php?l=en&v=4.9.2 HTTP/1.1" 8868
[10/Dec/2019:15:20:49 -0500] ::1 TLSv1.3 TLS_AES_256_GCM_SHA384 "GET /phpmyadmin/phpmyadmin.css.php?nocache=4723624229ltr&server=1 HTTP/1.1" 20802
[10/Dec/2019:15:20:49 -0500] ::1 TLSv1.3 TLS_AES_256_GCM_SHA384 "GET /phpmyadmin/js/whitelist.php?v=4.9.2 HTTP/1.1" 491
[10/Dec/2019:15:20:49 -0500] ::1 TLSv1.3 TLS_AES_256_GCM_SHA384 "GET /phpmyadmin/themes/pmahomme/img/b_help.png HTTP/1.1" 705
[10/Dec/2019:15:21:07 -0500] ::1 TLSv1.3 TLS_AES_256_GCM_SHA384 "POST /phpmyadmin/index.php HTTP/1.1" 20
[10/Dec/2019:15:21:07 -0500] ::1 TLSv1.3 TLS_AES_256_GCM_SHA384 "GET /phpmyadmin/index.php HTTP/1.1" 14551
[10/Dec/2019:15:21:07 -0500] ::1 TLSv1.3 TLS_AES_256_GCM_SHA384 "GET /phpmyadmin/themes/pmahomme/jquery/jquery-ui.css HTTP/1.1" 36566
[10/Dec/2019:15:21:07 -0500] ::1 TLSv1.3 TLS_AES_256_GCM_SHA384 "GET /phpmyadmin/js/vendor/codemirror/addon/lint/lint.css?v=4.9.2 HTTP/1.1" 2999
[10/Dec/2019:15:21:07 -0500] ::1 TLSv1.3 TLS_AES_256_GCM_SHA384 "GET /phpmyadmin/js/vendor/codemirror/lib/codemirror.css?v=4.9.2 HTTP/1.1" 8705
[10/Dec/2019:15:21:07 -0500] ::1 TLSv1.3 TLS_AES_256_GCM_SHA384 "GET /phpmyadmin/js/vendor/codemirror/addon/hint/show-hint.css?v=4.9.2 HTTP/1.1" 623
[10/Dec/2019:15:21:07 -0500] ::1 TLSv1.3 TLS_AES_256_GCM_SHA384 "GET /phpmyadmin/themes/pmahomme/img/logo_left.png HTTP/1.1" 2713
[10/Dec/2019:15:21:07 -0500] ::1 TLSv1.3 TLS_AES_256_GCM_SHA384 "GET /phpmyadmin/themes/pmahomme/css/printview.css?v=4.9.2 HTTP/1.1" 2746
[10/Dec/2019:15:21:07 -0500] ::1 TLSv1.3 TLS_AES_256_GCM_SHA384 "GET /phpmyadmin/phpmyadmin.css.php?nocache=6299631991ltr&server=1 HTTP/1.1" 20802
[10/Dec/2019:15:21:07 -0500] ::1 TLSv1.3 TLS_AES_256_GCM_SHA384 "GET /phpmyadmin/themes/pmahomme/img/left_nav_bg.png HTTP/1.1" 146
[10/Dec/2019:15:21:07 -0500] ::1 TLSv1.3 TLS_AES_256_GCM_SHA384 "GET /phpmyadmin/themes/pmahomme/img/b_home.png HTTP/1.1" 734
[10/Dec/2019:15:21:07 -0500] ::1 TLSv1.3 TLS_AES_256_GCM_SHA384 "GET /phpmyadmin/themes/pmahomme/img/s_loggoff.png HTTP/1.1" 626
[10/Dec/2019:15:21:07 -0500] ::1 TLSv1.3 TLS_AES_256_GCM_SHA384 "GET /phpmyadmin/themes/pmahomme/img/b_docs.png HTTP/1.1" 705
[10/Dec/2019:15:21:07 -0500] ::1 TLSv1.3 TLS_AES_256_GCM_SHA384 "GET /phpmyadmin/themes/pmahomme/img/s_cog.png HTTP/1.1" 442
[10/Dec/2019:15:21:07 -0500] ::1 TLSv1.3 TLS_AES_256_GCM_SHA384 "GET /phpmyadmin/themes/pmahomme/img/b_sqlhelp.png HTTP/1.1" 512
[10/Dec/2019:15:21:07 -0500] ::1 TLSv1.3 TLS_AES_256_GCM_SHA384 "GET /phpmyadmin/themes/pmahomme/img/s_reload.png HTTP/1.1" 527
[10/Dec/2019:15:21:07 -0500] ::1 TLSv1.3 TLS_AES_256_GCM_SHA384 "GET /phpmyadmin/themes/pmahomme/img/s_link.png HTTP/1.1" 280
[10/Dec/2019:15:21:07 -0500] ::1 TLSv1.3 TLS_AES_256_GCM_SHA384 "GET /phpmyadmin/themes/pmahomme/img/b_newdb.png HTTP/1.1" 585
[10/Dec/2019:15:21:07 -0500] ::1 TLSv1.3 TLS_AES_256_GCM_SHA384 "GET /phpmyadmin/themes/pmahomme/img/b_plus.png HTTP/1.1" 143
[10/Dec/2019:15:21:07 -0500] ::1 TLSv1.3 TLS_AES_256_GCM_SHA384 "GET /phpmyadmin/themes/pmahomme/img/s_db.png HTTP/1.1" 328
[10/Dec/2019:15:21:07 -0500] ::1 TLSv1.3 TLS_AES_256_GCM_SHA384 "GET /phpmyadmin/themes/pmahomme/img/ajax_clock_small.gif HTTP/1.1" 1810
[10/Dec/2019:15:21:07 -0500] ::1 TLSv1.3 TLS_AES_256_GCM_SHA384 "GET /phpmyadmin/themes/pmahomme/img/s_host.png HTTP/1.1" 591
[10/Dec/2019:15:21:07 -0500] ::1 TLSv1.3 TLS_AES_256_GCM_SHA384 "GET /phpmyadmin/themes/pmahomme/img/b_sql.png HTTP/1.1" 680
[10/Dec/2019:15:21:07 -0500] ::1 TLSv1.3 TLS_AES_256_GCM_SHA384 "GET /phpmyadmin/themes/pmahomme/img/s_status.png HTTP/1.1" 600
[10/Dec/2019:15:21:07 -0500] ::1 TLSv1.3 TLS_AES_256_GCM_SHA384 "GET /phpmyadmin/themes/pmahomme/img/s_rights.png HTTP/1.1" 461
[10/Dec/2019:15:21:07 -0500] ::1 TLSv1.3 TLS_AES_256_GCM_SHA384 "GET /phpmyadmin/themes/pmahomme/img/b_export.png HTTP/1.1" 514
[10/Dec/2019:15:21:07 -0500] ::1 TLSv1.3 TLS_AES_256_GCM_SHA384 "GET /phpmyadmin/themes/pmahomme/img/b_import.png HTTP/1.1" 556
[10/Dec/2019:15:21:07 -0500] ::1 TLSv1.3 TLS_AES_256_GCM_SHA384 "GET /phpmyadmin/themes/pmahomme/img/b_tblops.png HTTP/1.1" 537
[10/Dec/2019:15:21:07 -0500] ::1 TLSv1.3 TLS_AES_256_GCM_SHA384 "GET /phpmyadmin/themes/pmahomme/img/s_vars.png HTTP/1.1" 523
[10/Dec/2019:15:21:07 -0500] ::1 TLSv1.3 TLS_AES_256_GCM_SHA384 "GET /phpmyadmin/themes/pmahomme/img/s_asci.png HTTP/1.1" 148
[10/Dec/2019:15:21:07 -0500] ::1 TLSv1.3 TLS_AES_256_GCM_SHA384 "GET /phpmyadmin/themes/pmahomme/img/b_engine.png HTTP/1.1" 398
[10/Dec/2019:15:21:07 -0500] ::1 TLSv1.3 TLS_AES_256_GCM_SHA384 "GET /phpmyadmin/themes/pmahomme/img/s_top.png HTTP/1.1" 220
[10/Dec/2019:15:21:07 -0500] ::1 TLSv1.3 TLS_AES_256_GCM_SHA384 "GET /phpmyadmin/themes/pmahomme/img/b_plugin.png HTTP/1.1" 512
[10/Dec/2019:15:21:07 -0500] ::1 TLSv1.3 TLS_AES_256_GCM_SHA384 "GET /phpmyadmin/themes/pmahomme/img/console.png HTTP/1.1" 292
[10/Dec/2019:15:21:07 -0500] ::1 TLSv1.3 TLS_AES_256_GCM_SHA384 "GET /phpmyadmin/themes/pmahomme/img/s_passwd.png HTTP/1.1" 331
[10/Dec/2019:15:21:07 -0500] ::1 TLSv1.3 TLS_AES_256_GCM_SHA384 "GET /phpmyadmin/themes/pmahomme/img/s_lang.png HTTP/1.1" 659
[10/Dec/2019:15:21:07 -0500] ::1 TLSv1.3 TLS_AES_256_GCM_SHA384 "GET /phpmyadmin/themes/pmahomme/img/s_theme.png HTTP/1.1" 772
[10/Dec/2019:15:21:07 -0500] ::1 TLSv1.3 TLS_AES_256_GCM_SHA384 "GET /phpmyadmin/themes/pmahomme/img/window-new.png HTTP/1.1" 468
[10/Dec/2019:15:21:07 -0500] ::1 TLSv1.3 TLS_AES_256_GCM_SHA384 "GET /phpmyadmin/themes/pmahomme/img/s_error.png HTTP/1.1" 614
[10/Dec/2019:15:21:07 -0500] ::1 TLSv1.3 TLS_AES_256_GCM_SHA384 "POST /phpmyadmin/ajax.php HTTP/1.1" 1371
[10/Dec/2019:15:21:07 -0500] ::1 TLSv1.3 TLS_AES_256_GCM_SHA384 "GET /phpmyadmin/themes/pmahomme/img/b_more.png HTTP/1.1" 111
[10/Dec/2019:15:21:07 -0500] ::1 TLSv1.3 TLS_AES_256_GCM_SHA384 "POST /phpmyadmin/navigation.php?ajax_request=1 HTTP/1.1" 2201
[10/Dec/2019:15:21:07 -0500] ::1 TLSv1.3 TLS_AES_256_GCM_SHA384 "POST /phpmyadmin/ajax.php HTTP/1.1" 1469
[10/Dec/2019:15:21:07 -0500] ::1 TLSv1.3 TLS_AES_256_GCM_SHA384 "POST /phpmyadmin/ajax.php HTTP/1.1" 1363
[10/Dec/2019:15:21:08 -0500] ::1 TLSv1.3 TLS_AES_256_GCM_SHA384 "POST /phpmyadmin/version_check.php HTTP/1.1" 64
[10/Dec/2019:15:21:08 -0500] ::1 TLSv1.3 TLS_AES_256_GCM_SHA384 "POST /phpmyadmin/db_structure.php?ajax_request=1&favorite_table=1&sync_favorite_tables=1 HTTP/1.1" 137
[10/Dec/2019:15:21:09 -0500] ::1 TLSv1.3 TLS_AES_256_GCM_SHA384 "GET /phpmyadmin/themes/pmahomme/img/s_unlink.png HTTP/1.1" 589
[10/Dec/2019:15:21:10 -0500] ::1 TLSv1.3 TLS_AES_256_GCM_SHA384 "GET /phpmyadmin/db_structure.php?server=1&db=bankdb&ajax_request=true&ajax_page_request=true&_nocache=157600927045049538&token=52304c6f5178757f5969482e2f63375b HTTP/1.1" 6818
[10/Dec/2019:15:21:10 -0500] ::1 TLSv1.3 TLS_AES_256_GCM_SHA384 "GET /phpmyadmin/themes/pmahomme/img/b_props.png HTTP/1.1" 573
[10/Dec/2019:15:21:10 -0500] ::1 TLSv1.3 TLS_AES_256_GCM_SHA384 "GET /phpmyadmin/themes/pmahomme/img/b_search.png HTTP/1.1" 538
[10/Dec/2019:15:21:10 -0500] ::1 TLSv1.3 TLS_AES_256_GCM_SHA384 "GET /phpmyadmin/themes/pmahomme/img/b_routines.png HTTP/1.1" 306
[10/Dec/2019:15:21:10 -0500] ::1 TLSv1.3 TLS_AES_256_GCM_SHA384 "GET /phpmyadmin/themes/pmahomme/img/b_events.png HTTP/1.1" 703
[10/Dec/2019:15:21:10 -0500] ::1 TLSv1.3 TLS_AES_256_GCM_SHA384 "GET /phpmyadmin/themes/pmahomme/img/b_triggers.png HTTP/1.1" 446
[10/Dec/2019:15:21:10 -0500] ::1 TLSv1.3 TLS_AES_256_GCM_SHA384 "GET /phpmyadmin/themes/pmahomme/img/b_relations.png HTTP/1.1" 140
[10/Dec/2019:15:21:10 -0500] ::1 TLSv1.3 TLS_AES_256_GCM_SHA384 "GET /phpmyadmin/themes/pmahomme/img/centralColumns.png HTTP/1.1" 586
[10/Dec/2019:15:21:10 -0500] ::1 TLSv1.3 TLS_AES_256_GCM_SHA384 "GET /phpmyadmin/themes/pmahomme/img/eye.png HTTP/1.1" 663
[10/Dec/2019:15:21:10 -0500] ::1 TLSv1.3 TLS_AES_256_GCM_SHA384 "GET /phpmyadmin/themes/pmahomme/img/s_asc.png HTTP/1.1" 146
[10/Dec/2019:15:21:10 -0500] ::1 TLSv1.3 TLS_AES_256_GCM_SHA384 "GET /phpmyadmin/themes/pmahomme/img/s_desc.png HTTP/1.1" 146
[10/Dec/2019:15:21:10 -0500] ::1 TLSv1.3 TLS_AES_256_GCM_SHA384 "GET /phpmyadmin/themes/pmahomme/img/b_no_favorite.png HTTP/1.1" 377
[10/Dec/2019:15:21:10 -0500] ::1 TLSv1.3 TLS_AES_256_GCM_SHA384 "GET /phpmyadmin/themes/pmahomme/img/b_browse.png HTTP/1.1" 486
[10/Dec/2019:15:21:10 -0500] ::1 TLSv1.3 TLS_AES_256_GCM_SHA384 "GET /phpmyadmin/themes/pmahomme/img/b_select.png HTTP/1.1" 593
[10/Dec/2019:15:21:10 -0500] ::1 TLSv1.3 TLS_AES_256_GCM_SHA384 "GET /phpmyadmin/themes/pmahomme/img/b_insrow.png HTTP/1.1" 157
[10/Dec/2019:15:21:10 -0500] ::1 TLSv1.3 TLS_AES_256_GCM_SHA384 "GET /phpmyadmin/themes/pmahomme/img/b_empty.png HTTP/1.1" 521
[10/Dec/2019:15:21:10 -0500] ::1 TLSv1.3 TLS_AES_256_GCM_SHA384 "GET /phpmyadmin/themes/pmahomme/img/bd_browse.png HTTP/1.1" 271
[10/Dec/2019:15:21:10 -0500] ::1 TLSv1.3 TLS_AES_256_GCM_SHA384 "GET /phpmyadmin/themes/pmahomme/img/b_drop.png HTTP/1.1" 637
[10/Dec/2019:15:21:10 -0500] ::1 TLSv1.3 TLS_AES_256_GCM_SHA384 "GET /phpmyadmin/themes/pmahomme/img/bd_select.png HTTP/1.1" 325
[10/Dec/2019:15:21:10 -0500] ::1 TLSv1.3 TLS_AES_256_GCM_SHA384 "GET /phpmyadmin/themes/pmahomme/img/bd_empty.png HTTP/1.1" 327
[10/Dec/2019:15:21:10 -0500] ::1 TLSv1.3 TLS_AES_256_GCM_SHA384 "GET /phpmyadmin/themes/pmahomme/img/b_print.png HTTP/1.1" 639
[10/Dec/2019:15:21:10 -0500] ::1 TLSv1.3 TLS_AES_256_GCM_SHA384 "GET /phpmyadmin/themes/pmahomme/img/b_table_add.png HTTP/1.1" 571
[10/Dec/2019:15:21:10 -0500] ::1 TLSv1.3 TLS_AES_256_GCM_SHA384 "GET /phpmyadmin/themes/pmahomme/img/b_tblanalyse.png HTTP/1.1" 152
[10/Dec/2019:15:21:10 -0500] ::1 TLSv1.3 TLS_AES_256_GCM_SHA384 "GET /phpmyadmin/js/db_structure.js?v=4.9.2 HTTP/1.1" 15803
[10/Dec/2019:15:21:10 -0500] ::1 TLSv1.3 TLS_AES_256_GCM_SHA384 "GET /phpmyadmin/js/tbl_change.js?v=4.9.2 HTTP/1.1" 28561
[10/Dec/2019:15:21:10 -0500] ::1 TLSv1.3 TLS_AES_256_GCM_SHA384 "GET /phpmyadmin/themes/pmahomme/img/arrow_ltr.png HTTP/1.1" 101
[10/Dec/2019:15:21:10 -0500] ::1 TLSv1.3 TLS_AES_256_GCM_SHA384 "GET /phpmyadmin/navigation.php?ajax_request=1&aPath=cm9vdA%3D%3D.YmFua2Ri&vPath=cm9vdA%3D%3D.YmFua2Ri&pos=0&pos2_name=&pos2_value=&searchClause=&searchClause2=&_nocache=1576009270654498748&token=52304c6f5178757f5969482e2f63375b HTTP/1.1" 2339
[10/Dec/2019:15:21:10 -0500] ::1 TLSv1.3 TLS_AES_256_GCM_SHA384 "GET /phpmyadmin/themes/pmahomme/img/b_minus.png HTTP/1.1" 123
[10/Dec/2019:15:21:22 -0500] ::1 TLSv1.3 TLS_AES_256_GCM_SHA384 "GET /phpmyadmin/sql.php?db=bankdb&table=user&pos=0&ajax_request=true&ajax_page_request=true&_nocache=1576009282709634030&token=52304c6f5178757f5969482e2f63375b HTTP/1.1" 7371
[10/Dec/2019:15:21:22 -0500] ::1 TLSv1.3 TLS_AES_256_GCM_SHA384 "GET /phpmyadmin/themes/pmahomme/img/s_tbl.png HTTP/1.1" 645
[10/Dec/2019:15:21:22 -0500] ::1 TLSv1.3 TLS_AES_256_GCM_SHA384 "GET /phpmyadmin/themes/pmahomme/img/b_tblexport.png HTTP/1.1" 514
[10/Dec/2019:15:21:22 -0500] ::1 TLSv1.3 TLS_AES_256_GCM_SHA384 "GET /phpmyadmin/themes/pmahomme/img/b_tblimport.png HTTP/1.1" 556
[10/Dec/2019:15:21:22 -0500] ::1 TLSv1.3 TLS_AES_256_GCM_SHA384 "GET /phpmyadmin/themes/pmahomme/img/s_success.png HTTP/1.1" 465
[10/Dec/2019:15:21:22 -0500] ::1 TLSv1.3 TLS_AES_256_GCM_SHA384 "GET /phpmyadmin/themes/pmahomme/img/b_edit.png HTTP/1.1" 377
[10/Dec/2019:15:21:22 -0500] ::1 TLSv1.3 TLS_AES_256_GCM_SHA384 "GET /phpmyadmin/themes/pmahomme/img/b_chart.png HTTP/1.1" 449
[10/Dec/2019:15:21:22 -0500] ::1 TLSv1.3 TLS_AES_256_GCM_SHA384 "GET /phpmyadmin/themes/pmahomme/img/b_view_add.png HTTP/1.1" 678
[10/Dec/2019:15:21:22 -0500] ::1 TLSv1.3 TLS_AES_256_GCM_SHA384 "GET /phpmyadmin/themes/pmahomme/img/b_bookmark.png HTTP/1.1" 637
[10/Dec/2019:15:21:23 -0500] ::1 TLSv1.3 TLS_AES_256_GCM_SHA384 "GET /phpmyadmin/js/vendor/jquery/jquery.uitablefilter.js?v=4.9.2 HTTP/1.1" 3479
[10/Dec/2019:15:21:23 -0500] ::1 TLSv1.3 TLS_AES_256_GCM_SHA384 "GET /phpmyadmin/js/gis_data_editor.js?v=4.9.2 HTTP/1.1" 14771
[10/Dec/2019:15:21:23 -0500] ::1 TLSv1.3 TLS_AES_256_GCM_SHA384 "GET /phpmyadmin/js/sql.js?v=4.9.2 HTTP/1.1" 38664
[10/Dec/2019:15:21:23 -0500] ::1 TLSv1.3 TLS_AES_256_GCM_SHA384 "GET /phpmyadmin/js/makegrid.js?v=4.9.2 HTTP/1.1" 98729
[10/Dec/2019:15:21:23 -0500] ::1 TLSv1.3 TLS_AES_256_GCM_SHA384 "GET /phpmyadmin/js/multi_column_sort.js?v=4.9.2 HTTP/1.1" 3285
[10/Dec/2019:15:21:23 -0500] ::1 TLSv1.3 TLS_AES_256_GCM_SHA384 "GET /phpmyadmin/themes/pmahomme/img/s_fulltext.png HTTP/1.1" 176
[10/Dec/2019:15:21:23 -0500] ::1 TLSv1.3 TLS_AES_256_GCM_SHA384 "GET /phpmyadmin/themes/pmahomme/img/col_pointer.png HTTP/1.1" 102
[10/Dec/2019:15:21:23 -0500] ::1 TLSv1.3 TLS_AES_256_GCM_SHA384 "GET /phpmyadmin/themes/pmahomme/img/col_drop.png HTTP/1.1" 111
[10/Dec/2019:15:21:23 -0500] ::1 TLSv1.3 TLS_AES_256_GCM_SHA384 "GET /phpmyadmin/index.php?ajax_request=1&recent_table=1&no_debug=true&_nocache=1576009283010836628&token=52304c6f5178757f5969482e2f63375b HTTP/1.1" 1538
[10/Dec/2019:15:21:52 -0500] ::1 TLSv1.3 TLS_AES_256_GCM_SHA384 "GET /home/index HTTP/1.1" 3804
[10/Dec/2019:15:21:52 -0500] ::1 TLSv1.3 TLS_AES_256_GCM_SHA384 "GET /favicon.ico HTTP/1.1" 3804
[10/Dec/2019:15:21:53 -0500] ::1 TLSv1.3 TLS_AES_256_GCM_SHA384 "GET /user/updateAccountStatus HTTP/1.1" 3063
[10/Dec/2019:15:21:53 -0500] ::1 TLSv1.3 TLS_AES_256_GCM_SHA384 "GET /images/admin.png HTTP/1.1" 28206
[10/Dec/2019:15:21:53 -0500] ::1 TLSv1.3 TLS_AES_256_GCM_SHA384 "GET /css/user/edit_user_account_status.css HTTP/1.1" 3804
[10/Dec/2019:15:21:53 -0500] ::1 TLSv1.3 TLS_AES_256_GCM_SHA384 "GET /favicon.ico HTTP/1.1" 3804
[10/Dec/2019:15:21:54 -0500] ::1 TLSv1.3 TLS_AES_256_GCM_SHA384 "POST /user/updateAccountStatus HTTP/1.1" 3224
[10/Dec/2019:15:21:54 -0500] ::1 TLSv1.3 TLS_AES_256_GCM_SHA384 "GET /home/logout HTTP/1.1" -
[10/Dec/2019:15:21:54 -0500] ::1 TLSv1.3 TLS_AES_256_GCM_SHA384 "GET /home/login HTTP/1.1" 686
[10/Dec/2019:15:21:54 -0500] ::1 TLSv1.3 TLS_AES_256_GCM_SHA384 "GET /css/home/welcome.css HTTP/1.1" 1283
[10/Dec/2019:15:21:55 -0500] ::1 TLSv1.3 TLS_AES_256_GCM_SHA384 "GET /images/TheBank_Logo.png HTTP/1.1" 15048
[10/Dec/2019:15:21:55 -0500] ::1 TLSv1.3 TLS_AES_256_GCM_SHA384 "GET /images/Montreal.jpg HTTP/1.1" 1576854
[10/Dec/2019:15:21:55 -0500] ::1 TLSv1.3 TLS_AES_256_GCM_SHA384 "GET /favicon.ico HTTP/1.1" 686
[10/Dec/2019:15:21:58 -0500] ::1 TLSv1.3 TLS_AES_256_GCM_SHA384 "GET /user/login HTTP/1.1" 983
[10/Dec/2019:15:21:58 -0500] ::1 TLSv1.3 TLS_AES_256_GCM_SHA384 "GET /css/user/login.css HTTP/1.1" 1207
[10/Dec/2019:15:21:58 -0500] ::1 TLSv1.3 TLS_AES_256_GCM_SHA384 "GET /images/Montreal3.jpg HTTP/1.1" 417550
[10/Dec/2019:15:21:58 -0500] ::1 TLSv1.3 TLS_AES_256_GCM_SHA384 "GET /favicon.ico HTTP/1.1" 686
[10/Dec/2019:15:22:04 -0500] ::1 TLSv1.3 TLS_AES_256_GCM_SHA384 "POST /user/login HTTP/1.1" 985
[10/Dec/2019:15:22:04 -0500] ::1 TLSv1.3 TLS_AES_256_GCM_SHA384 "GET /home/index HTTP/1.1" 3804
[10/Dec/2019:15:22:04 -0500] ::1 TLSv1.3 TLS_AES_256_GCM_SHA384 "GET /css/user/userNavBar.css HTTP/1.1" 2801
[10/Dec/2019:15:22:04 -0500] ::1 TLSv1.3 TLS_AES_256_GCM_SHA384 "GET /css/home/index.css HTTP/1.1" 1760
[10/Dec/2019:15:22:04 -0500] ::1 TLSv1.3 TLS_AES_256_GCM_SHA384 "GET /favicon.ico HTTP/1.1" 3804
[10/Dec/2019:15:27:33 -0500] ::1 TLSv1.3 TLS_AES_256_GCM_SHA384 "GET /home/index HTTP/1.1" 3804
[10/Dec/2019:15:27:33 -0500] ::1 TLSv1.3 TLS_AES_256_GCM_SHA384 "GET /css/user/userNavBar.css HTTP/1.1" 2801
[10/Dec/2019:15:27:33 -0500] ::1 TLSv1.3 TLS_AES_256_GCM_SHA384 "GET /css/home/index.css HTTP/1.1" 1760
[10/Dec/2019:15:27:33 -0500] ::1 TLSv1.3 TLS_AES_256_GCM_SHA384 "GET /favicon.ico HTTP/1.1" 3804
[10/Dec/2019:15:27:35 -0500] ::1 TLSv1.3 TLS_AES_256_GCM_SHA384 "GET /user/updateAccountStatus HTTP/1.1" 3063
[10/Dec/2019:15:27:35 -0500] ::1 TLSv1.3 TLS_AES_256_GCM_SHA384 "GET /images/admin.png HTTP/1.1" 28206
[10/Dec/2019:15:27:35 -0500] ::1 TLSv1.3 TLS_AES_256_GCM_SHA384 "GET /css/user/edit_user_account_status.css HTTP/1.1" 3804
[10/Dec/2019:15:27:35 -0500] ::1 TLSv1.3 TLS_AES_256_GCM_SHA384 "GET /favicon.ico HTTP/1.1" 3804
[10/Dec/2019:15:27:37 -0500] ::1 TLSv1.3 TLS_AES_256_GCM_SHA384 "POST /user/updateAccountStatus HTTP/1.1" 3224
[10/Dec/2019:15:27:37 -0500] ::1 TLSv1.3 TLS_AES_256_GCM_SHA384 "GET /home/logout HTTP/1.1" -
[10/Dec/2019:15:27:37 -0500] ::1 TLSv1.3 TLS_AES_256_GCM_SHA384 "GET /home/login HTTP/1.1" 686
[10/Dec/2019:15:27:37 -0500] ::1 TLSv1.3 TLS_AES_256_GCM_SHA384 "GET /css/home/welcome.css HTTP/1.1" 1283
[10/Dec/2019:15:27:37 -0500] ::1 TLSv1.3 TLS_AES_256_GCM_SHA384 "GET /images/TheBank_Logo.png HTTP/1.1" 15048
[10/Dec/2019:15:27:37 -0500] ::1 TLSv1.3 TLS_AES_256_GCM_SHA384 "GET /images/Montreal.jpg HTTP/1.1" 1576854
[10/Dec/2019:15:27:37 -0500] ::1 TLSv1.3 TLS_AES_256_GCM_SHA384 "GET /favicon.ico HTTP/1.1" 686
[10/Dec/2019:15:27:38 -0500] ::1 TLSv1.3 TLS_AES_256_GCM_SHA384 "GET /user/login HTTP/1.1" 983
[10/Dec/2019:15:27:38 -0500] ::1 TLSv1.3 TLS_AES_256_GCM_SHA384 "GET /css/user/login.css HTTP/1.1" 1207
[10/Dec/2019:15:27:38 -0500] ::1 TLSv1.3 TLS_AES_256_GCM_SHA384 "GET /images/Montreal3.jpg HTTP/1.1" 417550
[10/Dec/2019:15:27:38 -0500] ::1 TLSv1.3 TLS_AES_256_GCM_SHA384 "GET /favicon.ico HTTP/1.1" 686
[10/Dec/2019:15:27:41 -0500] ::1 TLSv1.3 TLS_AES_256_GCM_SHA384 "POST /user/login HTTP/1.1" 985
[10/Dec/2019:15:27:41 -0500] ::1 TLSv1.3 TLS_AES_256_GCM_SHA384 "GET /home/index HTTP/1.1" 3804
[10/Dec/2019:15:27:41 -0500] ::1 TLSv1.3 TLS_AES_256_GCM_SHA384 "GET /favicon.ico HTTP/1.1" 3804
[10/Dec/2019:15:27:45 -0500] ::1 TLSv1.3 TLS_AES_256_GCM_SHA384 "GET /phpmyadmin/sql.php?db=bankdb&table=user&pos=0 HTTP/1.1" 13170
[10/Dec/2019:15:27:46 -0500] ::1 TLSv1.3 TLS_AES_256_GCM_SHA384 "GET /phpmyadmin/themes/pmahomme/jquery/jquery-ui.css HTTP/1.1" 36566
[10/Dec/2019:15:27:46 -0500] ::1 TLSv1.3 TLS_AES_256_GCM_SHA384 "GET /phpmyadmin/js/vendor/codemirror/lib/codemirror.css?v=4.9.2 HTTP/1.1" 8705
[10/Dec/2019:15:27:46 -0500] ::1 TLSv1.3 TLS_AES_256_GCM_SHA384 "GET /phpmyadmin/js/vendor/codemirror/addon/lint/lint.css?v=4.9.2 HTTP/1.1" 2999
[10/Dec/2019:15:27:46 -0500] ::1 TLSv1.3 TLS_AES_256_GCM_SHA384 "GET /phpmyadmin/js/gis_data_editor.js?v=4.9.2 HTTP/1.1" 14771
[10/Dec/2019:15:27:46 -0500] ::1 TLSv1.3 TLS_AES_256_GCM_SHA384 "GET /phpmyadmin/js/vendor/codemirror/addon/hint/show-hint.css?v=4.9.2 HTTP/1.1" 623
[10/Dec/2019:15:27:46 -0500] ::1 TLSv1.3 TLS_AES_256_GCM_SHA384 "GET /phpmyadmin/js/multi_column_sort.js?v=4.9.2 HTTP/1.1" 3285
[10/Dec/2019:15:27:46 -0500] ::1 TLSv1.3 TLS_AES_256_GCM_SHA384 "GET /phpmyadmin/js/makegrid.js?v=4.9.2 HTTP/1.1" 98729
[10/Dec/2019:15:27:46 -0500] ::1 TLSv1.3 TLS_AES_256_GCM_SHA384 "GET /phpmyadmin/js/sql.js?v=4.9.2 HTTP/1.1" 38664
[10/Dec/2019:15:27:46 -0500] ::1 TLSv1.3 TLS_AES_256_GCM_SHA384 "GET /phpmyadmin/js/vendor/jquery/jquery.uitablefilter.js?v=4.9.2 HTTP/1.1" 3479
[10/Dec/2019:15:27:46 -0500] ::1 TLSv1.3 TLS_AES_256_GCM_SHA384 "GET /phpmyadmin/js/tbl_change.js?v=4.9.2 HTTP/1.1" 28561
[10/Dec/2019:15:27:46 -0500] ::1 TLSv1.3 TLS_AES_256_GCM_SHA384 "GET /phpmyadmin/themes/pmahomme/css/printview.css?v=4.9.2 HTTP/1.1" 2746
[10/Dec/2019:15:27:46 -0500] ::1 TLSv1.3 TLS_AES_256_GCM_SHA384 "GET /phpmyadmin/phpmyadmin.css.php?nocache=6299633497ltr&server=1 HTTP/1.1" 20802
[10/Dec/2019:15:27:46 -0500] ::1 TLSv1.3 TLS_AES_256_GCM_SHA384 "POST /phpmyadmin/ajax.php HTTP/1.1" 1374
[10/Dec/2019:15:27:46 -0500] ::1 TLSv1.3 TLS_AES_256_GCM_SHA384 "POST /phpmyadmin/navigation.php?ajax_request=1 HTTP/1.1" 3009
[10/Dec/2019:15:27:46 -0500] ::1 TLSv1.3 TLS_AES_256_GCM_SHA384 "POST /phpmyadmin/ajax.php HTTP/1.1" 1471
[10/Dec/2019:15:27:46 -0500] ::1 TLSv1.3 TLS_AES_256_GCM_SHA384 "GET /phpmyadmin/favicon.ico HTTP/1.1" 22486
[10/Dec/2019:15:27:46 -0500] ::1 TLSv1.3 TLS_AES_256_GCM_SHA384 "POST /phpmyadmin/ajax.php HTTP/1.1" 1365
[10/Dec/2019:15:27:46 -0500] ::1 TLSv1.3 TLS_AES_256_GCM_SHA384 "GET /phpmyadmin/index.php?ajax_request=1&recent_table=1&no_debug=true&_nocache=1576009666551645351&token=52304c6f5178757f5969482e2f63375b HTTP/1.1" 1538
[10/Dec/2019:15:28:40 -0500] ::1 TLSv1.3 TLS_AES_256_GCM_SHA384 "GET / HTTP/1.1" 3804
[10/Dec/2019:15:28:40 -0500] ::1 TLSv1.3 TLS_AES_256_GCM_SHA384 "GET /css/user/userNavBar.css HTTP/1.1" 2801
[10/Dec/2019:15:28:40 -0500] ::1 TLSv1.3 TLS_AES_256_GCM_SHA384 "GET /images/TheBank_Logo_Transparent.png HTTP/1.1" 19534
[10/Dec/2019:15:28:40 -0500] ::1 TLSv1.3 TLS_AES_256_GCM_SHA384 "GET /css/home/index.css HTTP/1.1" 1760
[10/Dec/2019:15:28:41 -0500] ::1 TLSv1.3 TLS_AES_256_GCM_SHA384 "GET / HTTP/1.1" 3804
[10/Dec/2019:15:28:41 -0500] ::1 TLSv1.3 TLS_AES_256_GCM_SHA384 "GET /css/user/userNavBar.css HTTP/1.1" 2801
[10/Dec/2019:15:28:41 -0500] ::1 TLSv1.3 TLS_AES_256_GCM_SHA384 "GET /css/home/index.css HTTP/1.1" 1760
[10/Dec/2019:15:28:41 -0500] ::1 TLSv1.3 TLS_AES_256_GCM_SHA384 "GET /images/TheBank_Logo_Transparent.png HTTP/1.1" 19534
[10/Dec/2019:15:28:41 -0500] ::1 TLSv1.3 TLS_AES_256_GCM_SHA384 "GET /favicon.ico HTTP/1.1" 3804
[10/Dec/2019:15:28:48 -0500] ::1 TLSv1.3 TLS_AES_256_GCM_SHA384 "GET /user/list_e_transfer_received HTTP/1.1" 4145
[10/Dec/2019:15:28:48 -0500] ::1 TLSv1.3 TLS_AES_256_GCM_SHA384 "GET /css/user/list_e_transfer_received.css HTTP/1.1" 943
[10/Dec/2019:15:28:48 -0500] ::1 TLSv1.3 TLS_AES_256_GCM_SHA384 "GET /favicon.ico HTTP/1.1" 3804
[10/Dec/2019:15:28:53 -0500] ::1 TLSv1.3 TLS_AES_256_GCM_SHA384 "GET /user/updateAccountStatus HTTP/1.1" 3047
[10/Dec/2019:15:28:53 -0500] ::1 TLSv1.3 TLS_AES_256_GCM_SHA384 "GET /images/admin.png HTTP/1.1" 28206
[10/Dec/2019:15:28:53 -0500] ::1 TLSv1.3 TLS_AES_256_GCM_SHA384 "GET /css/user/edit_user_account_status.css HTTP/1.1" 3804
[10/Dec/2019:15:28:53 -0500] ::1 TLSv1.3 TLS_AES_256_GCM_SHA384 "GET /favicon.ico HTTP/1.1" 3804
[10/Dec/2019:15:28:59 -0500] ::1 TLSv1.3 TLS_AES_256_GCM_SHA384 "POST /user/updateAccountStatus HTTP/1.1" 3210
[10/Dec/2019:15:28:59 -0500] ::1 TLSv1.3 TLS_AES_256_GCM_SHA384 "GET /home/logout HTTP/1.1" -
[10/Dec/2019:15:28:59 -0500] ::1 TLSv1.3 TLS_AES_256_GCM_SHA384 "GET /home/login HTTP/1.1" 686
[10/Dec/2019:15:28:59 -0500] ::1 TLSv1.3 TLS_AES_256_GCM_SHA384 "GET /css/home/welcome.css HTTP/1.1" 1283
[10/Dec/2019:15:28:59 -0500] ::1 TLSv1.3 TLS_AES_256_GCM_SHA384 "GET /images/Montreal.jpg HTTP/1.1" 1576854
[10/Dec/2019:15:28:59 -0500] ::1 TLSv1.3 TLS_AES_256_GCM_SHA384 "GET /images/TheBank_Logo.png HTTP/1.1" 15048
[10/Dec/2019:15:28:59 -0500] ::1 TLSv1.3 TLS_AES_256_GCM_SHA384 "GET /favicon.ico HTTP/1.1" 686
[10/Dec/2019:15:29:00 -0500] ::1 TLSv1.3 TLS_AES_256_GCM_SHA384 "GET /user/login HTTP/1.1" 983
[10/Dec/2019:15:29:00 -0500] ::1 TLSv1.3 TLS_AES_256_GCM_SHA384 "GET /css/user/login.css HTTP/1.1" 1207
[10/Dec/2019:15:29:00 -0500] ::1 TLSv1.3 TLS_AES_256_GCM_SHA384 "GET /images/Montreal3.jpg HTTP/1.1" 417550
[10/Dec/2019:15:29:00 -0500] ::1 TLSv1.3 TLS_AES_256_GCM_SHA384 "GET /favicon.ico HTTP/1.1" 686
[10/Dec/2019:15:29:02 -0500] ::1 TLSv1.3 TLS_AES_256_GCM_SHA384 "POST /user/login HTTP/1.1" 985
[10/Dec/2019:15:29:02 -0500] ::1 TLSv1.3 TLS_AES_256_GCM_SHA384 "GET /home/index HTTP/1.1" 3804
[10/Dec/2019:15:29:02 -0500] ::1 TLSv1.3 TLS_AES_256_GCM_SHA384 "GET /css/home/index.css HTTP/1.1" 1760
[10/Dec/2019:15:29:02 -0500] ::1 TLSv1.3 TLS_AES_256_GCM_SHA384 "GET /css/user/userNavBar.css HTTP/1.1" 2801
[10/Dec/2019:15:29:02 -0500] ::1 TLSv1.3 TLS_AES_256_GCM_SHA384 "GET /favicon.ico HTTP/1.1" 3804
[10/Dec/2019:15:29:05 -0500] ::1 TLSv1.3 TLS_AES_256_GCM_SHA384 "GET /user/updateAccountStatus HTTP/1.1" 3047
[10/Dec/2019:15:29:05 -0500] ::1 TLSv1.3 TLS_AES_256_GCM_SHA384 "GET /css/user/userNavBar.css HTTP/1.1" 2801
[10/Dec/2019:15:29:05 -0500] ::1 TLSv1.3 TLS_AES_256_GCM_SHA384 "GET /css/home/index.css HTTP/1.1" 1760
[10/Dec/2019:15:29:05 -0500] ::1 TLSv1.3 TLS_AES_256_GCM_SHA384 "GET /css/user/edit_user_account_status.css HTTP/1.1" 3804
[10/Dec/2019:15:29:05 -0500] ::1 TLSv1.3 TLS_AES_256_GCM_SHA384 "GET /images/admin.png HTTP/1.1" 28206
[10/Dec/2019:15:29:05 -0500] ::1 TLSv1.3 TLS_AES_256_GCM_SHA384 "GET /favicon.ico HTTP/1.1" 3804
[10/Dec/2019:15:30:28 -0500] ::1 TLSv1.3 TLS_AES_256_GCM_SHA384 "GET /user/updateAccountStatus HTTP/1.1" 3047
[10/Dec/2019:15:30:28 -0500] ::1 TLSv1.3 TLS_AES_256_GCM_SHA384 "GET /css/user/edit_user_account_status.css HTTP/1.1" 3804
[10/Dec/2019:15:30:28 -0500] ::1 TLSv1.3 TLS_AES_256_GCM_SHA384 "GET /css/user/userNavBar.css HTTP/1.1" 2801
[10/Dec/2019:15:30:28 -0500] ::1 TLSv1.3 TLS_AES_256_GCM_SHA384 "GET /css/home/index.css HTTP/1.1" 1760
[10/Dec/2019:15:30:28 -0500] ::1 TLSv1.3 TLS_AES_256_GCM_SHA384 "GET /favicon.ico HTTP/1.1" 3804
[10/Dec/2019:15:30:29 -0500] ::1 TLSv1.3 TLS_AES_256_GCM_SHA384 "POST /user/updateAccountStatus HTTP/1.1" 3210
[10/Dec/2019:15:30:29 -0500] ::1 TLSv1.3 TLS_AES_256_GCM_SHA384 "GET /home/logout HTTP/1.1" -
[10/Dec/2019:15:30:29 -0500] ::1 TLSv1.3 TLS_AES_256_GCM_SHA384 "GET /home/login HTTP/1.1" 686
[10/Dec/2019:15:30:29 -0500] ::1 TLSv1.3 TLS_AES_256_GCM_SHA384 "GET /css/home/welcome.css HTTP/1.1" 1283
[10/Dec/2019:15:30:29 -0500] ::1 TLSv1.3 TLS_AES_256_GCM_SHA384 "GET /images/TheBank_Logo.png HTTP/1.1" 15048
[10/Dec/2019:15:30:29 -0500] ::1 TLSv1.3 TLS_AES_256_GCM_SHA384 "GET /images/Montreal.jpg HTTP/1.1" 1576854
[10/Dec/2019:15:30:29 -0500] ::1 TLSv1.3 TLS_AES_256_GCM_SHA384 "GET /favicon.ico HTTP/1.1" 686
[10/Dec/2019:15:30:30 -0500] ::1 TLSv1.3 TLS_AES_256_GCM_SHA384 "GET /user/login HTTP/1.1" 983
[10/Dec/2019:15:30:30 -0500] ::1 TLSv1.3 TLS_AES_256_GCM_SHA384 "GET /css/user/login.css HTTP/1.1" 1207
[10/Dec/2019:15:30:30 -0500] ::1 TLSv1.3 TLS_AES_256_GCM_SHA384 "GET /images/Montreal3.jpg HTTP/1.1" 417550
[10/Dec/2019:15:30:30 -0500] ::1 TLSv1.3 TLS_AES_256_GCM_SHA384 "GET /favicon.ico HTTP/1.1" 686
[10/Dec/2019:15:30:32 -0500] ::1 TLSv1.3 TLS_AES_256_GCM_SHA384 "POST /user/login HTTP/1.1" 985
[10/Dec/2019:15:30:32 -0500] ::1 TLSv1.3 TLS_AES_256_GCM_SHA384 "GET /home/index HTTP/1.1" 3804
[10/Dec/2019:15:30:32 -0500] ::1 TLSv1.3 TLS_AES_256_GCM_SHA384 "GET /favicon.ico HTTP/1.1" 3804
[10/Dec/2019:15:30:35 -0500] ::1 TLSv1.3 TLS_AES_256_GCM_SHA384 "GET /user/updateAccountStatus HTTP/1.1" 3047
[10/Dec/2019:15:30:36 -0500] ::1 TLSv1.3 TLS_AES_256_GCM_SHA384 "GET /css/user/edit_user_account_status.css HTTP/1.1" 3804
[10/Dec/2019:15:30:36 -0500] ::1 TLSv1.3 TLS_AES_256_GCM_SHA384 "GET /favicon.ico HTTP/1.1" 3804
[10/Dec/2019:15:30:37 -0500] ::1 TLSv1.3 TLS_AES_256_GCM_SHA384 "POST /user/updateAccountStatus HTTP/1.1" 3210
[10/Dec/2019:15:30:37 -0500] ::1 TLSv1.3 TLS_AES_256_GCM_SHA384 "GET /home/logout HTTP/1.1" -
[10/Dec/2019:15:30:37 -0500] ::1 TLSv1.3 TLS_AES_256_GCM_SHA384 "GET /home/login HTTP/1.1" 686
[10/Dec/2019:15:30:37 -0500] ::1 TLSv1.3 TLS_AES_256_GCM_SHA384 "GET /css/home/welcome.css HTTP/1.1" 1283
[10/Dec/2019:15:30:38 -0500] ::1 TLSv1.3 TLS_AES_256_GCM_SHA384 "GET /favicon.ico HTTP/1.1" 686
[10/Dec/2019:15:30:38 -0500] ::1 TLSv1.3 TLS_AES_256_GCM_SHA384 "GET /user/login HTTP/1.1" 983
[10/Dec/2019:15:30:38 -0500] ::1 TLSv1.3 TLS_AES_256_GCM_SHA384 "GET /css/user/login.css HTTP/1.1" 1207
[10/Dec/2019:15:30:39 -0500] ::1 TLSv1.3 TLS_AES_256_GCM_SHA384 "GET /favicon.ico HTTP/1.1" 686
[10/Dec/2019:15:30:47 -0500] ::1 TLSv1.3 TLS_AES_256_GCM_SHA384 "POST /user/login HTTP/1.1" 985
[10/Dec/2019:15:30:47 -0500] ::1 TLSv1.3 TLS_AES_256_GCM_SHA384 "GET /home/index HTTP/1.1" 3804
[10/Dec/2019:15:30:47 -0500] ::1 TLSv1.3 TLS_AES_256_GCM_SHA384 "GET /css/user/userNavBar.css HTTP/1.1" 2801
[10/Dec/2019:15:30:47 -0500] ::1 TLSv1.3 TLS_AES_256_GCM_SHA384 "GET /css/home/index.css HTTP/1.1" 1760
[10/Dec/2019:15:30:47 -0500] ::1 TLSv1.3 TLS_AES_256_GCM_SHA384 "GET /favicon.ico HTTP/1.1" 3804
[10/Dec/2019:15:30:50 -0500] ::1 TLSv1.3 TLS_AES_256_GCM_SHA384 "GET /user/updateAccountStatus HTTP/1.1" 3047
[10/Dec/2019:15:30:50 -0500] ::1 TLSv1.3 TLS_AES_256_GCM_SHA384 "GET /images/admin.png HTTP/1.1" 28206
[10/Dec/2019:15:30:50 -0500] ::1 TLSv1.3 TLS_AES_256_GCM_SHA384 "GET /css/user/edit_user_account_status.css HTTP/1.1" 3804
[10/Dec/2019:15:30:50 -0500] ::1 TLSv1.3 TLS_AES_256_GCM_SHA384 "GET /favicon.ico HTTP/1.1" 3804
[10/Dec/2019:15:30:52 -0500] ::1 TLSv1.3 TLS_AES_256_GCM_SHA384 "POST /user/updateAccountStatus HTTP/1.1" 3049
[10/Dec/2019:15:30:52 -0500] ::1 TLSv1.3 TLS_AES_256_GCM_SHA384 "GET /home/logout HTTP/1.1" -
[10/Dec/2019:15:30:52 -0500] ::1 TLSv1.3 TLS_AES_256_GCM_SHA384 "GET /home/login HTTP/1.1" 686
[10/Dec/2019:15:30:52 -0500] ::1 TLSv1.3 TLS_AES_256_GCM_SHA384 "GET /css/home/welcome.css HTTP/1.1" 1283
[10/Dec/2019:15:30:52 -0500] ::1 TLSv1.3 TLS_AES_256_GCM_SHA384 "GET /images/TheBank_Logo.png HTTP/1.1" 15048
[10/Dec/2019:15:30:52 -0500] ::1 TLSv1.3 TLS_AES_256_GCM_SHA384 "GET /images/Montreal.jpg HTTP/1.1" 1576854
[10/Dec/2019:15:30:52 -0500] ::1 TLSv1.3 TLS_AES_256_GCM_SHA384 "GET /favicon.ico HTTP/1.1" 686
[10/Dec/2019:15:30:53 -0500] ::1 TLSv1.3 TLS_AES_256_GCM_SHA384 "GET /user/login HTTP/1.1" 983
[10/Dec/2019:15:30:53 -0500] ::1 TLSv1.3 TLS_AES_256_GCM_SHA384 "GET /css/user/login.css HTTP/1.1" 1207
[10/Dec/2019:15:30:53 -0500] ::1 TLSv1.3 TLS_AES_256_GCM_SHA384 "GET /favicon.ico HTTP/1.1" 686
[10/Dec/2019:15:30:55 -0500] ::1 TLSv1.3 TLS_AES_256_GCM_SHA384 "POST /user/login HTTP/1.1" 985
[10/Dec/2019:15:30:55 -0500] ::1 TLSv1.3 TLS_AES_256_GCM_SHA384 "GET /home/index HTTP/1.1" 3804
[10/Dec/2019:15:30:55 -0500] ::1 TLSv1.3 TLS_AES_256_GCM_SHA384 "GET /favicon.ico HTTP/1.1" 3804
[10/Dec/2019:15:31:11 -0500] ::1 TLSv1.3 TLS_AES_256_GCM_SHA384 "GET /user/updateAccountStatus HTTP/1.1" 3047
[10/Dec/2019:15:31:11 -0500] ::1 TLSv1.3 TLS_AES_256_GCM_SHA384 "GET /images/admin.png HTTP/1.1" 28206
[10/Dec/2019:15:31:11 -0500] ::1 TLSv1.3 TLS_AES_256_GCM_SHA384 "GET /css/user/edit_user_account_status.css HTTP/1.1" 3804
[10/Dec/2019:15:31:11 -0500] ::1 TLSv1.3 TLS_AES_256_GCM_SHA384 "GET /favicon.ico HTTP/1.1" 3804
[10/Dec/2019:15:31:12 -0500] ::1 TLSv1.3 TLS_AES_256_GCM_SHA384 "POST /user/updateAccountStatus HTTP/1.1" 3049
[10/Dec/2019:15:31:12 -0500] ::1 TLSv1.3 TLS_AES_256_GCM_SHA384 "GET /home/logout HTTP/1.1" -
[10/Dec/2019:15:31:12 -0500] ::1 TLSv1.3 TLS_AES_256_GCM_SHA384 "GET /home/login HTTP/1.1" 686
[10/Dec/2019:15:31:12 -0500] ::1 TLSv1.3 TLS_AES_256_GCM_SHA384 "GET /css/home/welcome.css HTTP/1.1" 1283
[10/Dec/2019:15:31:12 -0500] ::1 TLSv1.3 TLS_AES_256_GCM_SHA384 "GET /images/TheBank_Logo.png HTTP/1.1" 15048
[10/Dec/2019:15:31:12 -0500] ::1 TLSv1.3 TLS_AES_256_GCM_SHA384 "GET /images/Montreal.jpg HTTP/1.1" 1576854
[10/Dec/2019:15:31:12 -0500] ::1 TLSv1.3 TLS_AES_256_GCM_SHA384 "GET /favicon.ico HTTP/1.1" 686
[10/Dec/2019:15:31:13 -0500] ::1 TLSv1.3 TLS_AES_256_GCM_SHA384 "GET /user/login HTTP/1.1" 983
[10/Dec/2019:15:31:13 -0500] ::1 TLSv1.3 TLS_AES_256_GCM_SHA384 "GET /css/user/login.css HTTP/1.1" 1207
[10/Dec/2019:15:31:13 -0500] ::1 TLSv1.3 TLS_AES_256_GCM_SHA384 "GET /favicon.ico HTTP/1.1" 686
[10/Dec/2019:15:31:15 -0500] ::1 TLSv1.3 TLS_AES_256_GCM_SHA384 "POST /user/login HTTP/1.1" 985
[10/Dec/2019:15:31:16 -0500] ::1 TLSv1.3 TLS_AES_256_GCM_SHA384 "GET /home/index HTTP/1.1" 626
[10/Dec/2019:15:31:16 -0500] ::1 TLSv1.3 TLS_AES_256_GCM_SHA384 "GET /css/user/reactivate_user.css HTTP/1.1" 447
[10/Dec/2019:15:31:16 -0500] ::1 TLSv1.3 TLS_AES_256_GCM_SHA384 "GET /images/access_denied.png HTTP/1.1" 24636
[10/Dec/2019:15:31:16 -0500] ::1 TLSv1.3 TLS_AES_256_GCM_SHA384 "GET /favicon.ico HTTP/1.1" 626
[10/Dec/2019:15:31:17 -0500] ::1 TLSv1.3 TLS_AES_256_GCM_SHA384 "POST /home/index HTTP/1.1" 626
[10/Dec/2019:15:31:17 -0500] ::1 TLSv1.3 TLS_AES_256_GCM_SHA384 "GET /home/login HTTP/1.1" 686
[10/Dec/2019:15:31:17 -0500] ::1 TLSv1.3 TLS_AES_256_GCM_SHA384 "GET /css/home/welcome.css HTTP/1.1" 1283
[10/Dec/2019:15:31:17 -0500] ::1 TLSv1.3 TLS_AES_256_GCM_SHA384 "GET /favicon.ico HTTP/1.1" 686
[10/Dec/2019:15:31:18 -0500] ::1 TLSv1.3 TLS_AES_256_GCM_SHA384 "GET /user/login HTTP/1.1" 983
[10/Dec/2019:15:31:18 -0500] ::1 TLSv1.3 TLS_AES_256_GCM_SHA384 "GET /css/user/login.css HTTP/1.1" 1207
[10/Dec/2019:15:31:18 -0500] ::1 TLSv1.3 TLS_AES_256_GCM_SHA384 "GET /favicon.ico HTTP/1.1" 686
[10/Dec/2019:15:31:20 -0500] ::1 TLSv1.3 TLS_AES_256_GCM_SHA384 "POST /user/login HTTP/1.1" 985
[10/Dec/2019:15:31:20 -0500] ::1 TLSv1.3 TLS_AES_256_GCM_SHA384 "GET /admin/index HTTP/1.1" 864
[10/Dec/2019:15:31:20 -0500] ::1 TLSv1.3 TLS_AES_256_GCM_SHA384 "GET /css/adminLevel_1/index.css HTTP/1.1" 1101
[10/Dec/2019:15:31:21 -0500] ::1 TLSv1.3 TLS_AES_256_GCM_SHA384 "GET /favicon.ico HTTP/1.1" 864
[10/Dec/2019:15:31:20 -0500] ::1 TLSv1.3 TLS_AES_256_GCM_SHA384 "GET /images/admin_background.jpg HTTP/1.1" 4923013
[10/Dec/2019:15:31:22 -0500] ::1 TLSv1.3 TLS_AES_256_GCM_SHA384 "GET /admin/listAllUser1 HTTP/1.1" 2430
[10/Dec/2019:15:31:22 -0500] ::1 TLSv1.3 TLS_AES_256_GCM_SHA384 "GET /css/adminLevel_1/list_user.css HTTP/1.1" 809
[10/Dec/2019:15:31:22 -0500] ::1 TLSv1.3 TLS_AES_256_GCM_SHA384 "GET /favicon.ico HTTP/1.1" 864
[10/Dec/2019:15:31:25 -0500] ::1 TLSv1.3 TLS_AES_256_GCM_SHA384 "GET /admin/editUserActiveAccount1?User_id=4 HTTP/1.1" 641
[10/Dec/2019:15:31:25 -0500] ::1 TLSv1.3 TLS_AES_256_GCM_SHA384 "GET /css/adminLevel_1/edit_user_account_status.css HTTP/1.1" 817
[10/Dec/2019:15:31:25 -0500] ::1 TLSv1.3 TLS_AES_256_GCM_SHA384 "GET /images/lock.png HTTP/1.1" 1474273
[10/Dec/2019:15:31:25 -0500] ::1 TLSv1.3 TLS_AES_256_GCM_SHA384 "GET /favicon.ico HTTP/1.1" 864
[10/Dec/2019:15:31:26 -0500] ::1 TLSv1.3 TLS_AES_256_GCM_SHA384 "GET /admin/listAllUser1 HTTP/1.1" 2430
[10/Dec/2019:15:31:26 -0500] ::1 TLSv1.3 TLS_AES_256_GCM_SHA384 "GET /css/adminLevel_1/list_user.css HTTP/1.1" 809
[10/Dec/2019:15:31:26 -0500] ::1 TLSv1.3 TLS_AES_256_GCM_SHA384 "GET /favicon.ico HTTP/1.1" 864
[10/Dec/2019:15:31:28 -0500] ::1 TLSv1.3 TLS_AES_256_GCM_SHA384 "GET /admin/editUserActiveAccount1?User_id=4 HTTP/1.1" 641
[10/Dec/2019:15:31:28 -0500] ::1 TLSv1.3 TLS_AES_256_GCM_SHA384 "GET /css/adminLevel_1/edit_user_account_status.css HTTP/1.1" 817
[10/Dec/2019:15:31:28 -0500] ::1 TLSv1.3 TLS_AES_256_GCM_SHA384 "GET /favicon.ico HTTP/1.1" 864
[10/Dec/2019:15:31:28 -0500] ::1 TLSv1.3 TLS_AES_256_GCM_SHA384 "POST /admin/editUserActiveAccount1?User_id=4 HTTP/1.1" 641
[10/Dec/2019:15:31:28 -0500] ::1 TLSv1.3 TLS_AES_256_GCM_SHA384 "GET /admin/listAllUser1 HTTP/1.1" 2424
[10/Dec/2019:15:31:28 -0500] ::1 TLSv1.3 TLS_AES_256_GCM_SHA384 "GET /favicon.ico HTTP/1.1" 864
[10/Dec/2019:15:31:30 -0500] ::1 TLSv1.3 TLS_AES_256_GCM_SHA384 "GET /admin/index HTTP/1.1" 864
[10/Dec/2019:15:31:30 -0500] ::1 TLSv1.3 TLS_AES_256_GCM_SHA384 "GET /css/adminLevel_1/index.css HTTP/1.1" 1101
[10/Dec/2019:15:31:30 -0500] ::1 TLSv1.3 TLS_AES_256_GCM_SHA384 "GET /favicon.ico HTTP/1.1" 864
[10/Dec/2019:15:31:30 -0500] ::1 TLSv1.3 TLS_AES_256_GCM_SHA384 "GET /images/admin_background.jpg HTTP/1.1" 4923013
[10/Dec/2019:15:31:32 -0500] ::1 TLSv1.3 TLS_AES_256_GCM_SHA384 "GET /admin/logout HTTP/1.1" -
[10/Dec/2019:15:31:32 -0500] ::1 TLSv1.3 TLS_AES_256_GCM_SHA384 "GET /home/login HTTP/1.1" 686
[10/Dec/2019:15:31:32 -0500] ::1 TLSv1.3 TLS_AES_256_GCM_SHA384 "GET /css/home/welcome.css HTTP/1.1" 1283
[10/Dec/2019:15:31:32 -0500] ::1 TLSv1.3 TLS_AES_256_GCM_SHA384 "GET /images/TheBank_Logo.png HTTP/1.1" 15048
[10/Dec/2019:15:31:32 -0500] ::1 TLSv1.3 TLS_AES_256_GCM_SHA384 "GET /images/Montreal.jpg HTTP/1.1" 1576854
[10/Dec/2019:15:31:32 -0500] ::1 TLSv1.3 TLS_AES_256_GCM_SHA384 "GET /favicon.ico HTTP/1.1" 686
[10/Dec/2019:15:31:32 -0500] ::1 TLSv1.3 TLS_AES_256_GCM_SHA384 "GET /user/login HTTP/1.1" 983
[10/Dec/2019:15:31:32 -0500] ::1 TLSv1.3 TLS_AES_256_GCM_SHA384 "GET /css/user/login.css HTTP/1.1" 1207
[10/Dec/2019:15:31:32 -0500] ::1 TLSv1.3 TLS_AES_256_GCM_SHA384 "GET /images/TheBank_Logo_Transparent.png HTTP/1.1" 19534
[10/Dec/2019:15:31:32 -0500] ::1 TLSv1.3 TLS_AES_256_GCM_SHA384 "GET /images/Montreal3.jpg HTTP/1.1" 417550
[10/Dec/2019:15:31:32 -0500] ::1 TLSv1.3 TLS_AES_256_GCM_SHA384 "GET /favicon.ico HTTP/1.1" 686
[10/Dec/2019:15:31:36 -0500] ::1 TLSv1.3 TLS_AES_256_GCM_SHA384 "POST /user/login HTTP/1.1" 985
[10/Dec/2019:15:31:36 -0500] ::1 TLSv1.3 TLS_AES_256_GCM_SHA384 "GET /home/index HTTP/1.1" 3804
[10/Dec/2019:15:31:36 -0500] ::1 TLSv1.3 TLS_AES_256_GCM_SHA384 "GET /css/user/userNavBar.css HTTP/1.1" 2801
[10/Dec/2019:15:31:36 -0500] ::1 TLSv1.3 TLS_AES_256_GCM_SHA384 "GET /css/home/index.css HTTP/1.1" 1760
[10/Dec/2019:15:31:36 -0500] ::1 TLSv1.3 TLS_AES_256_GCM_SHA384 "GET /favicon.ico HTTP/1.1" 3804
[10/Dec/2019:15:31:47 -0500] ::1 TLSv1.3 TLS_AES_256_GCM_SHA384 "GET /phpmyadmin/themes/pmahomme/img/hide.png HTTP/1.1" 284
[10/Dec/2019:15:31:51 -0500] ::1 TLSv1.3 TLS_AES_256_GCM_SHA384 "GET /user/listTheUserSecurityQuestion HTTP/1.1" 896
[10/Dec/2019:15:31:51 -0500] ::1 TLSv1.3 TLS_AES_256_GCM_SHA384 "GET /css/user/list_user_security_question.css HTTP/1.1" 909
[10/Dec/2019:15:31:52 -0500] ::1 TLSv1.3 TLS_AES_256_GCM_SHA384 "GET /favicon.ico HTTP/1.1" 3804
[10/Dec/2019:15:31:53 -0500] ::1 TLSv1.3 TLS_AES_256_GCM_SHA384 "GET /user/editUserSecurityQuestion?User_id=2 HTTP/1.1" -
[10/Dec/2019:15:31:53 -0500] ::1 TLSv1.3 TLS_AES_256_GCM_SHA384 "GET /home/index HTTP/1.1" 3804
[10/Dec/2019:15:31:53 -0500] ::1 TLSv1.3 TLS_AES_256_GCM_SHA384 "GET /favicon.ico HTTP/1.1" 3804
[10/Dec/2019:15:31:55 -0500] ::1 TLSv1.3 TLS_AES_256_GCM_SHA384 "GET /user/listTheUserSecurityQuestion HTTP/1.1" 896
[10/Dec/2019:15:31:55 -0500] ::1 TLSv1.3 TLS_AES_256_GCM_SHA384 "GET /favicon.ico HTTP/1.1" 3804
[10/Dec/2019:15:33:33 -0500] ::1 TLSv1.3 TLS_AES_256_GCM_SHA384 "GET /user/editUserSecurityQuestion?User_id=2 HTTP/1.1" -
[10/Dec/2019:15:33:33 -0500] ::1 TLSv1.3 TLS_AES_256_GCM_SHA384 "GET /home/index HTTP/1.1" 3804
[10/Dec/2019:15:33:33 -0500] ::1 TLSv1.3 TLS_AES_256_GCM_SHA384 "GET /css/user/userNavBar.css HTTP/1.1" 2801
[10/Dec/2019:15:33:33 -0500] ::1 TLSv1.3 TLS_AES_256_GCM_SHA384 "GET /images/TheBank_Logo_Transparent.png HTTP/1.1" 19534
[10/Dec/2019:15:33:33 -0500] ::1 TLSv1.3 TLS_AES_256_GCM_SHA384 "GET /css/home/index.css HTTP/1.1" 1760
[10/Dec/2019:15:33:33 -0500] ::1 TLSv1.3 TLS_AES_256_GCM_SHA384 "GET /favicon.ico HTTP/1.1" 3804
[10/Dec/2019:15:33:36 -0500] ::1 TLSv1.3 TLS_AES_256_GCM_SHA384 "GET /user/listTheUserSecurityQuestion HTTP/1.1" 896
[10/Dec/2019:15:33:36 -0500] ::1 TLSv1.3 TLS_AES_256_GCM_SHA384 "GET /favicon.ico HTTP/1.1" 3804
[10/Dec/2019:15:33:48 -0500] ::1 TLSv1.3 TLS_AES_256_GCM_SHA384 "GET /user/deleteUserSecurityQuestion?User_id=2 HTTP/1.1" -
[10/Dec/2019:15:33:48 -0500] ::1 TLSv1.3 TLS_AES_256_GCM_SHA384 "GET /home/index HTTP/1.1" 3804
[10/Dec/2019:15:33:48 -0500] ::1 TLSv1.3 TLS_AES_256_GCM_SHA384 "GET /css/user/userNavBar.css HTTP/1.1" 2801
[10/Dec/2019:15:33:48 -0500] ::1 TLSv1.3 TLS_AES_256_GCM_SHA384 "GET /images/TheBank_Logo_Transparent.png HTTP/1.1" 19534
[10/Dec/2019:15:33:48 -0500] ::1 TLSv1.3 TLS_AES_256_GCM_SHA384 "GET /css/home/index.css HTTP/1.1" 1760
[10/Dec/2019:15:33:48 -0500] ::1 TLSv1.3 TLS_AES_256_GCM_SHA384 "GET /favicon.ico HTTP/1.1" 3804
[10/Dec/2019:15:34:18 -0500] ::1 TLSv1.3 TLS_AES_256_GCM_SHA384 "GET /user/listTheUserSecurityQuestion HTTP/1.1" 896
[10/Dec/2019:15:34:18 -0500] ::1 TLSv1.3 TLS_AES_256_GCM_SHA384 "GET /css/user/list_user_security_question.css HTTP/1.1" 909
[10/Dec/2019:15:34:18 -0500] ::1 TLSv1.3 TLS_AES_256_GCM_SHA384 "GET /favicon.ico HTTP/1.1" 3804
[10/Dec/2019:19:41:39 -0500] ::1 TLSv1.3 TLS_AES_256_GCM_SHA384 "GET / HTTP/1.1" 3804
[10/Dec/2019:19:41:39 -0500] ::1 TLSv1.3 TLS_AES_256_GCM_SHA384 "GET /css/user/userNavBar.css HTTP/1.1" 2801
[10/Dec/2019:19:41:39 -0500] ::1 TLSv1.3 TLS_AES_256_GCM_SHA384 "GET /images/TheBank_Logo_Transparent.png HTTP/1.1" 19534
[10/Dec/2019:19:41:39 -0500] ::1 TLSv1.3 TLS_AES_256_GCM_SHA384 "GET /css/home/index.css HTTP/1.1" 1760
[10/Dec/2019:19:41:40 -0500] ::1 TLSv1.3 TLS_AES_256_GCM_SHA384 "GET / HTTP/1.1" 3804
[10/Dec/2019:19:41:40 -0500] ::1 TLSv1.3 TLS_AES_256_GCM_SHA384 "GET /css/user/userNavBar.css HTTP/1.1" 2801
[10/Dec/2019:19:41:40 -0500] ::1 TLSv1.3 TLS_AES_256_GCM_SHA384 "GET /css/home/index.css HTTP/1.1" 1760
[10/Dec/2019:19:41:40 -0500] ::1 TLSv1.3 TLS_AES_256_GCM_SHA384 "GET /images/TheBank_Logo_Transparent.png HTTP/1.1" 19534
[10/Dec/2019:19:41:40 -0500] ::1 TLSv1.3 TLS_AES_256_GCM_SHA384 "GET /favicon.ico HTTP/1.1" 3804
[10/Dec/2019:19:41:41 -0500] ::1 TLSv1.3 TLS_AES_256_GCM_SHA384 "GET /user/listTheUserChequingRecentTransaction?User_Chequing_id=18 HTTP/1.1" 1098
[10/Dec/2019:19:41:41 -0500] ::1 TLSv1.3 TLS_AES_256_GCM_SHA384 "GET /css/user/list_chequing_recent_transaction.css HTTP/1.1" 916
[10/Dec/2019:19:41:41 -0500] ::1 TLSv1.3 TLS_AES_256_GCM_SHA384 "GET /favicon.ico HTTP/1.1" 3804
[10/Dec/2019:20:15:13 -0500] ::1 TLSv1.3 TLS_AES_256_GCM_SHA384 "GET / HTTP/1.1" 3804
[10/Dec/2019:20:15:14 -0500] ::1 TLSv1.3 TLS_AES_256_GCM_SHA384 "GET /css/user/userNavBar.css HTTP/1.1" 2801
[10/Dec/2019:20:15:14 -0500] ::1 TLSv1.3 TLS_AES_256_GCM_SHA384 "GET /images/TheBank_Logo_Transparent.png HTTP/1.1" 19534
[10/Dec/2019:20:15:14 -0500] ::1 TLSv1.3 TLS_AES_256_GCM_SHA384 "GET /css/home/index.css HTTP/1.1" 1760
[11/Dec/2019:00:38:06 -0500] ::1 TLSv1.3 TLS_AES_256_GCM_SHA384 "GET / HTTP/1.1" 3804
[11/Dec/2019:00:38:07 -0500] ::1 TLSv1.3 TLS_AES_256_GCM_SHA384 "GET /css/user/userNavBar.css HTTP/1.1" 2801
[11/Dec/2019:00:38:07 -0500] ::1 TLSv1.3 TLS_AES_256_GCM_SHA384 "GET /images/TheBank_Logo_Transparent.png HTTP/1.1" 19534
[11/Dec/2019:00:38:07 -0500] ::1 TLSv1.3 TLS_AES_256_GCM_SHA384 "GET /css/home/index.css HTTP/1.1" 1760
